[2024-06-12T02:43:36.249+0000] {processor.py:161} INFO - Started process (PID=169) to work on /opt/airflow/dags/2nd_dag.py
[2024-06-12T02:43:36.250+0000] {processor.py:830} INFO - Processing file /opt/airflow/dags/2nd_dag.py for tasks to queue
[2024-06-12T02:43:36.252+0000] {logging_mixin.py:188} INFO - [2024-06-12T02:43:36.251+0000] {dagbag.py:545} INFO - Filling up the DagBag from /opt/airflow/dags/2nd_dag.py
[2024-06-12T02:43:36.930+0000] {processor.py:840} INFO - DAG(s) 'data_processing_dag' retrieved from /opt/airflow/dags/2nd_dag.py
[2024-06-12T02:43:36.960+0000] {logging_mixin.py:188} INFO - [2024-06-12T02:43:36.959+0000] {dag.py:3096} INFO - Sync 1 DAGs
[2024-06-12T02:43:36.971+0000] {logging_mixin.py:188} INFO - [2024-06-12T02:43:36.971+0000] {dag.py:3954} INFO - Setting next_dagrun for data_processing_dag to None, run_after=None
[2024-06-12T02:43:36.989+0000] {processor.py:183} INFO - Processing /opt/airflow/dags/2nd_dag.py took 0.747 seconds
[2024-06-12T02:44:07.559+0000] {processor.py:161} INFO - Started process (PID=194) to work on /opt/airflow/dags/2nd_dag.py
[2024-06-12T02:44:07.560+0000] {processor.py:830} INFO - Processing file /opt/airflow/dags/2nd_dag.py for tasks to queue
[2024-06-12T02:44:07.561+0000] {logging_mixin.py:188} INFO - [2024-06-12T02:44:07.560+0000] {dagbag.py:545} INFO - Filling up the DagBag from /opt/airflow/dags/2nd_dag.py
[2024-06-12T02:44:07.804+0000] {processor.py:840} INFO - DAG(s) 'data_processing_dag' retrieved from /opt/airflow/dags/2nd_dag.py
[2024-06-12T02:44:07.823+0000] {logging_mixin.py:188} INFO - [2024-06-12T02:44:07.822+0000] {dag.py:3096} INFO - Sync 1 DAGs
[2024-06-12T02:44:07.832+0000] {logging_mixin.py:188} INFO - [2024-06-12T02:44:07.832+0000] {dag.py:3954} INFO - Setting next_dagrun for data_processing_dag to None, run_after=None
[2024-06-12T02:44:07.856+0000] {processor.py:183} INFO - Processing /opt/airflow/dags/2nd_dag.py took 0.301 seconds
[2024-06-12T02:44:37.925+0000] {processor.py:161} INFO - Started process (PID=211) to work on /opt/airflow/dags/2nd_dag.py
[2024-06-12T02:44:37.925+0000] {processor.py:830} INFO - Processing file /opt/airflow/dags/2nd_dag.py for tasks to queue
[2024-06-12T02:44:37.927+0000] {logging_mixin.py:188} INFO - [2024-06-12T02:44:37.926+0000] {dagbag.py:545} INFO - Filling up the DagBag from /opt/airflow/dags/2nd_dag.py
[2024-06-12T02:44:38.172+0000] {processor.py:840} INFO - DAG(s) 'data_processing_dag' retrieved from /opt/airflow/dags/2nd_dag.py
[2024-06-12T02:44:38.192+0000] {logging_mixin.py:188} INFO - [2024-06-12T02:44:38.192+0000] {dag.py:3096} INFO - Sync 1 DAGs
[2024-06-12T02:44:38.202+0000] {logging_mixin.py:188} INFO - [2024-06-12T02:44:38.202+0000] {dag.py:3954} INFO - Setting next_dagrun for data_processing_dag to None, run_after=None
[2024-06-12T02:44:38.224+0000] {processor.py:183} INFO - Processing /opt/airflow/dags/2nd_dag.py took 0.303 seconds
[2024-06-12T02:45:09.090+0000] {processor.py:161} INFO - Started process (PID=228) to work on /opt/airflow/dags/2nd_dag.py
[2024-06-12T02:45:09.091+0000] {processor.py:830} INFO - Processing file /opt/airflow/dags/2nd_dag.py for tasks to queue
[2024-06-12T02:45:09.092+0000] {logging_mixin.py:188} INFO - [2024-06-12T02:45:09.092+0000] {dagbag.py:545} INFO - Filling up the DagBag from /opt/airflow/dags/2nd_dag.py
[2024-06-12T02:45:09.356+0000] {processor.py:840} INFO - DAG(s) 'data_processing_dag' retrieved from /opt/airflow/dags/2nd_dag.py
[2024-06-12T02:45:09.376+0000] {logging_mixin.py:188} INFO - [2024-06-12T02:45:09.376+0000] {dag.py:3096} INFO - Sync 1 DAGs
[2024-06-12T02:45:09.386+0000] {logging_mixin.py:188} INFO - [2024-06-12T02:45:09.386+0000] {dag.py:3954} INFO - Setting next_dagrun for data_processing_dag to None, run_after=None
[2024-06-12T02:45:09.401+0000] {processor.py:183} INFO - Processing /opt/airflow/dags/2nd_dag.py took 0.315 seconds
[2024-06-12T02:45:39.472+0000] {processor.py:161} INFO - Started process (PID=245) to work on /opt/airflow/dags/2nd_dag.py
[2024-06-12T02:45:39.473+0000] {processor.py:830} INFO - Processing file /opt/airflow/dags/2nd_dag.py for tasks to queue
[2024-06-12T02:45:39.474+0000] {logging_mixin.py:188} INFO - [2024-06-12T02:45:39.474+0000] {dagbag.py:545} INFO - Filling up the DagBag from /opt/airflow/dags/2nd_dag.py
[2024-06-12T02:45:39.725+0000] {processor.py:840} INFO - DAG(s) 'data_processing_dag' retrieved from /opt/airflow/dags/2nd_dag.py
[2024-06-12T02:45:39.745+0000] {logging_mixin.py:188} INFO - [2024-06-12T02:45:39.745+0000] {dag.py:3096} INFO - Sync 1 DAGs
[2024-06-12T02:45:39.754+0000] {logging_mixin.py:188} INFO - [2024-06-12T02:45:39.754+0000] {dag.py:3954} INFO - Setting next_dagrun for data_processing_dag to None, run_after=None
[2024-06-12T02:45:39.779+0000] {processor.py:183} INFO - Processing /opt/airflow/dags/2nd_dag.py took 0.311 seconds
[2024-06-12T02:46:10.634+0000] {processor.py:161} INFO - Started process (PID=262) to work on /opt/airflow/dags/2nd_dag.py
[2024-06-12T02:46:10.635+0000] {processor.py:830} INFO - Processing file /opt/airflow/dags/2nd_dag.py for tasks to queue
[2024-06-12T02:46:10.636+0000] {logging_mixin.py:188} INFO - [2024-06-12T02:46:10.636+0000] {dagbag.py:545} INFO - Filling up the DagBag from /opt/airflow/dags/2nd_dag.py
[2024-06-12T02:46:10.880+0000] {processor.py:840} INFO - DAG(s) 'data_processing_dag' retrieved from /opt/airflow/dags/2nd_dag.py
[2024-06-12T02:46:10.898+0000] {logging_mixin.py:188} INFO - [2024-06-12T02:46:10.898+0000] {dag.py:3096} INFO - Sync 1 DAGs
[2024-06-12T02:46:10.907+0000] {logging_mixin.py:188} INFO - [2024-06-12T02:46:10.907+0000] {dag.py:3954} INFO - Setting next_dagrun for data_processing_dag to None, run_after=None
[2024-06-12T02:46:11.027+0000] {processor.py:183} INFO - Processing /opt/airflow/dags/2nd_dag.py took 0.397 seconds
[2024-06-12T02:46:41.898+0000] {processor.py:161} INFO - Started process (PID=279) to work on /opt/airflow/dags/2nd_dag.py
[2024-06-12T02:46:41.899+0000] {processor.py:830} INFO - Processing file /opt/airflow/dags/2nd_dag.py for tasks to queue
[2024-06-12T02:46:41.900+0000] {logging_mixin.py:188} INFO - [2024-06-12T02:46:41.900+0000] {dagbag.py:545} INFO - Filling up the DagBag from /opt/airflow/dags/2nd_dag.py
[2024-06-12T02:46:42.140+0000] {processor.py:840} INFO - DAG(s) 'data_processing_dag' retrieved from /opt/airflow/dags/2nd_dag.py
[2024-06-12T02:46:42.160+0000] {logging_mixin.py:188} INFO - [2024-06-12T02:46:42.159+0000] {dag.py:3096} INFO - Sync 1 DAGs
[2024-06-12T02:46:42.168+0000] {logging_mixin.py:188} INFO - [2024-06-12T02:46:42.168+0000] {dag.py:3954} INFO - Setting next_dagrun for data_processing_dag to None, run_after=None
[2024-06-12T02:46:42.182+0000] {processor.py:183} INFO - Processing /opt/airflow/dags/2nd_dag.py took 0.288 seconds
[2024-06-12T02:47:12.239+0000] {processor.py:161} INFO - Started process (PID=296) to work on /opt/airflow/dags/2nd_dag.py
[2024-06-12T02:47:12.240+0000] {processor.py:830} INFO - Processing file /opt/airflow/dags/2nd_dag.py for tasks to queue
[2024-06-12T02:47:12.241+0000] {logging_mixin.py:188} INFO - [2024-06-12T02:47:12.241+0000] {dagbag.py:545} INFO - Filling up the DagBag from /opt/airflow/dags/2nd_dag.py
[2024-06-12T02:47:12.493+0000] {processor.py:840} INFO - DAG(s) 'data_processing_dag' retrieved from /opt/airflow/dags/2nd_dag.py
[2024-06-12T02:47:12.513+0000] {logging_mixin.py:188} INFO - [2024-06-12T02:47:12.512+0000] {dag.py:3096} INFO - Sync 1 DAGs
[2024-06-12T02:47:12.522+0000] {logging_mixin.py:188} INFO - [2024-06-12T02:47:12.522+0000] {dag.py:3954} INFO - Setting next_dagrun for data_processing_dag to None, run_after=None
[2024-06-12T02:47:12.536+0000] {processor.py:183} INFO - Processing /opt/airflow/dags/2nd_dag.py took 0.301 seconds
[2024-06-12T02:47:43.409+0000] {processor.py:161} INFO - Started process (PID=313) to work on /opt/airflow/dags/2nd_dag.py
[2024-06-12T02:47:43.410+0000] {processor.py:830} INFO - Processing file /opt/airflow/dags/2nd_dag.py for tasks to queue
[2024-06-12T02:47:43.411+0000] {logging_mixin.py:188} INFO - [2024-06-12T02:47:43.411+0000] {dagbag.py:545} INFO - Filling up the DagBag from /opt/airflow/dags/2nd_dag.py
[2024-06-12T02:47:43.661+0000] {processor.py:840} INFO - DAG(s) 'data_processing_dag' retrieved from /opt/airflow/dags/2nd_dag.py
[2024-06-12T02:47:43.679+0000] {logging_mixin.py:188} INFO - [2024-06-12T02:47:43.679+0000] {dag.py:3096} INFO - Sync 1 DAGs
[2024-06-12T02:47:43.687+0000] {logging_mixin.py:188} INFO - [2024-06-12T02:47:43.687+0000] {dag.py:3954} INFO - Setting next_dagrun for data_processing_dag to None, run_after=None
[2024-06-12T02:47:43.700+0000] {processor.py:183} INFO - Processing /opt/airflow/dags/2nd_dag.py took 0.295 seconds
[2024-06-12T02:48:13.762+0000] {processor.py:161} INFO - Started process (PID=330) to work on /opt/airflow/dags/2nd_dag.py
[2024-06-12T02:48:13.763+0000] {processor.py:830} INFO - Processing file /opt/airflow/dags/2nd_dag.py for tasks to queue
[2024-06-12T02:48:13.764+0000] {logging_mixin.py:188} INFO - [2024-06-12T02:48:13.764+0000] {dagbag.py:545} INFO - Filling up the DagBag from /opt/airflow/dags/2nd_dag.py
[2024-06-12T02:48:14.018+0000] {processor.py:840} INFO - DAG(s) 'data_processing_dag' retrieved from /opt/airflow/dags/2nd_dag.py
[2024-06-12T02:48:14.037+0000] {logging_mixin.py:188} INFO - [2024-06-12T02:48:14.036+0000] {dag.py:3096} INFO - Sync 1 DAGs
[2024-06-12T02:48:14.046+0000] {logging_mixin.py:188} INFO - [2024-06-12T02:48:14.045+0000] {dag.py:3954} INFO - Setting next_dagrun for data_processing_dag to None, run_after=None
[2024-06-12T02:48:14.059+0000] {processor.py:183} INFO - Processing /opt/airflow/dags/2nd_dag.py took 0.301 seconds
[2024-06-12T02:48:44.915+0000] {processor.py:161} INFO - Started process (PID=347) to work on /opt/airflow/dags/2nd_dag.py
[2024-06-12T02:48:44.916+0000] {processor.py:830} INFO - Processing file /opt/airflow/dags/2nd_dag.py for tasks to queue
[2024-06-12T02:48:44.917+0000] {logging_mixin.py:188} INFO - [2024-06-12T02:48:44.917+0000] {dagbag.py:545} INFO - Filling up the DagBag from /opt/airflow/dags/2nd_dag.py
[2024-06-12T02:48:45.156+0000] {processor.py:840} INFO - DAG(s) 'data_processing_dag' retrieved from /opt/airflow/dags/2nd_dag.py
[2024-06-12T02:48:45.175+0000] {logging_mixin.py:188} INFO - [2024-06-12T02:48:45.174+0000] {dag.py:3096} INFO - Sync 1 DAGs
[2024-06-12T02:48:45.183+0000] {logging_mixin.py:188} INFO - [2024-06-12T02:48:45.183+0000] {dag.py:3954} INFO - Setting next_dagrun for data_processing_dag to None, run_after=None
[2024-06-12T02:48:45.284+0000] {processor.py:183} INFO - Processing /opt/airflow/dags/2nd_dag.py took 0.373 seconds
[2024-06-12T02:49:16.165+0000] {processor.py:161} INFO - Started process (PID=364) to work on /opt/airflow/dags/2nd_dag.py
[2024-06-12T02:49:16.166+0000] {processor.py:830} INFO - Processing file /opt/airflow/dags/2nd_dag.py for tasks to queue
[2024-06-12T02:49:16.167+0000] {logging_mixin.py:188} INFO - [2024-06-12T02:49:16.167+0000] {dagbag.py:545} INFO - Filling up the DagBag from /opt/airflow/dags/2nd_dag.py
[2024-06-12T02:49:16.429+0000] {processor.py:840} INFO - DAG(s) 'data_processing_dag' retrieved from /opt/airflow/dags/2nd_dag.py
[2024-06-12T02:49:16.451+0000] {logging_mixin.py:188} INFO - [2024-06-12T02:49:16.451+0000] {dag.py:3096} INFO - Sync 1 DAGs
[2024-06-12T02:49:16.555+0000] {logging_mixin.py:188} INFO - [2024-06-12T02:49:16.555+0000] {dag.py:3954} INFO - Setting next_dagrun for data_processing_dag to None, run_after=None
[2024-06-12T02:49:16.571+0000] {processor.py:183} INFO - Processing /opt/airflow/dags/2nd_dag.py took 0.409 seconds
[2024-06-12T02:49:47.414+0000] {processor.py:161} INFO - Started process (PID=381) to work on /opt/airflow/dags/2nd_dag.py
[2024-06-12T02:49:47.415+0000] {processor.py:830} INFO - Processing file /opt/airflow/dags/2nd_dag.py for tasks to queue
[2024-06-12T02:49:47.416+0000] {logging_mixin.py:188} INFO - [2024-06-12T02:49:47.416+0000] {dagbag.py:545} INFO - Filling up the DagBag from /opt/airflow/dags/2nd_dag.py
[2024-06-12T02:49:47.655+0000] {processor.py:840} INFO - DAG(s) 'data_processing_dag' retrieved from /opt/airflow/dags/2nd_dag.py
[2024-06-12T02:49:47.674+0000] {logging_mixin.py:188} INFO - [2024-06-12T02:49:47.673+0000] {dag.py:3096} INFO - Sync 1 DAGs
[2024-06-12T02:49:47.682+0000] {logging_mixin.py:188} INFO - [2024-06-12T02:49:47.682+0000] {dag.py:3954} INFO - Setting next_dagrun for data_processing_dag to None, run_after=None
[2024-06-12T02:49:47.704+0000] {processor.py:183} INFO - Processing /opt/airflow/dags/2nd_dag.py took 0.294 seconds
[2024-06-12T02:50:17.755+0000] {processor.py:161} INFO - Started process (PID=398) to work on /opt/airflow/dags/2nd_dag.py
[2024-06-12T02:50:17.756+0000] {processor.py:830} INFO - Processing file /opt/airflow/dags/2nd_dag.py for tasks to queue
[2024-06-12T02:50:17.757+0000] {logging_mixin.py:188} INFO - [2024-06-12T02:50:17.757+0000] {dagbag.py:545} INFO - Filling up the DagBag from /opt/airflow/dags/2nd_dag.py
[2024-06-12T02:50:17.992+0000] {processor.py:840} INFO - DAG(s) 'data_processing_dag' retrieved from /opt/airflow/dags/2nd_dag.py
[2024-06-12T02:50:18.010+0000] {logging_mixin.py:188} INFO - [2024-06-12T02:50:18.010+0000] {dag.py:3096} INFO - Sync 1 DAGs
[2024-06-12T02:50:18.019+0000] {logging_mixin.py:188} INFO - [2024-06-12T02:50:18.019+0000] {dag.py:3954} INFO - Setting next_dagrun for data_processing_dag to None, run_after=None
[2024-06-12T02:50:18.041+0000] {processor.py:183} INFO - Processing /opt/airflow/dags/2nd_dag.py took 0.290 seconds
[2024-06-12T02:50:40.886+0000] {processor.py:161} INFO - Started process (PID=415) to work on /opt/airflow/dags/2nd_dag.py
[2024-06-12T02:50:40.887+0000] {processor.py:830} INFO - Processing file /opt/airflow/dags/2nd_dag.py for tasks to queue
[2024-06-12T02:50:40.889+0000] {logging_mixin.py:188} INFO - [2024-06-12T02:50:40.888+0000] {dagbag.py:545} INFO - Filling up the DagBag from /opt/airflow/dags/2nd_dag.py
[2024-06-12T02:50:41.171+0000] {processor.py:840} INFO - DAG(s) 'data_processing_dag' retrieved from /opt/airflow/dags/2nd_dag.py
[2024-06-12T02:50:41.196+0000] {logging_mixin.py:188} INFO - [2024-06-12T02:50:41.196+0000] {dag.py:3096} INFO - Sync 1 DAGs
[2024-06-12T02:50:41.206+0000] {logging_mixin.py:188} INFO - [2024-06-12T02:50:41.206+0000] {dag.py:3954} INFO - Setting next_dagrun for data_processing_dag to None, run_after=None
[2024-06-12T02:50:41.225+0000] {processor.py:183} INFO - Processing /opt/airflow/dags/2nd_dag.py took 0.343 seconds
[2024-06-12T02:51:11.267+0000] {processor.py:161} INFO - Started process (PID=432) to work on /opt/airflow/dags/2nd_dag.py
[2024-06-12T02:51:11.268+0000] {processor.py:830} INFO - Processing file /opt/airflow/dags/2nd_dag.py for tasks to queue
[2024-06-12T02:51:11.269+0000] {logging_mixin.py:188} INFO - [2024-06-12T02:51:11.269+0000] {dagbag.py:545} INFO - Filling up the DagBag from /opt/airflow/dags/2nd_dag.py
[2024-06-12T02:51:11.522+0000] {processor.py:840} INFO - DAG(s) 'data_processing_dag' retrieved from /opt/airflow/dags/2nd_dag.py
[2024-06-12T02:51:11.542+0000] {logging_mixin.py:188} INFO - [2024-06-12T02:51:11.542+0000] {dag.py:3096} INFO - Sync 1 DAGs
[2024-06-12T02:51:11.552+0000] {logging_mixin.py:188} INFO - [2024-06-12T02:51:11.551+0000] {dag.py:3954} INFO - Setting next_dagrun for data_processing_dag to None, run_after=None
[2024-06-12T02:51:11.574+0000] {processor.py:183} INFO - Processing /opt/airflow/dags/2nd_dag.py took 0.311 seconds
[2024-06-12T02:51:42.442+0000] {processor.py:161} INFO - Started process (PID=449) to work on /opt/airflow/dags/2nd_dag.py
[2024-06-12T02:51:42.443+0000] {processor.py:830} INFO - Processing file /opt/airflow/dags/2nd_dag.py for tasks to queue
[2024-06-12T02:51:42.445+0000] {logging_mixin.py:188} INFO - [2024-06-12T02:51:42.445+0000] {dagbag.py:545} INFO - Filling up the DagBag from /opt/airflow/dags/2nd_dag.py
[2024-06-12T02:51:42.770+0000] {processor.py:840} INFO - DAG(s) 'data_processing_dag' retrieved from /opt/airflow/dags/2nd_dag.py
[2024-06-12T02:51:42.798+0000] {logging_mixin.py:188} INFO - [2024-06-12T02:51:42.797+0000] {dag.py:3096} INFO - Sync 1 DAGs
[2024-06-12T02:51:42.810+0000] {logging_mixin.py:188} INFO - [2024-06-12T02:51:42.810+0000] {dag.py:3954} INFO - Setting next_dagrun for data_processing_dag to None, run_after=None
[2024-06-12T02:51:42.839+0000] {processor.py:183} INFO - Processing /opt/airflow/dags/2nd_dag.py took 0.401 seconds
[2024-06-12T02:52:13.702+0000] {processor.py:161} INFO - Started process (PID=466) to work on /opt/airflow/dags/2nd_dag.py
[2024-06-12T02:52:13.704+0000] {processor.py:830} INFO - Processing file /opt/airflow/dags/2nd_dag.py for tasks to queue
[2024-06-12T02:52:13.709+0000] {logging_mixin.py:188} INFO - [2024-06-12T02:52:13.708+0000] {dagbag.py:545} INFO - Filling up the DagBag from /opt/airflow/dags/2nd_dag.py
[2024-06-12T02:52:14.001+0000] {processor.py:840} INFO - DAG(s) 'data_processing_dag' retrieved from /opt/airflow/dags/2nd_dag.py
[2024-06-12T02:52:14.023+0000] {logging_mixin.py:188} INFO - [2024-06-12T02:52:14.022+0000] {dag.py:3096} INFO - Sync 1 DAGs
[2024-06-12T02:52:14.034+0000] {logging_mixin.py:188} INFO - [2024-06-12T02:52:14.034+0000] {dag.py:3954} INFO - Setting next_dagrun for data_processing_dag to None, run_after=None
[2024-06-12T02:52:14.166+0000] {processor.py:183} INFO - Processing /opt/airflow/dags/2nd_dag.py took 0.471 seconds
[2024-06-12T02:52:44.953+0000] {processor.py:161} INFO - Started process (PID=483) to work on /opt/airflow/dags/2nd_dag.py
[2024-06-12T02:52:44.954+0000] {processor.py:830} INFO - Processing file /opt/airflow/dags/2nd_dag.py for tasks to queue
[2024-06-12T02:52:44.956+0000] {logging_mixin.py:188} INFO - [2024-06-12T02:52:44.955+0000] {dagbag.py:545} INFO - Filling up the DagBag from /opt/airflow/dags/2nd_dag.py
[2024-06-12T02:52:45.216+0000] {processor.py:840} INFO - DAG(s) 'data_processing_dag' retrieved from /opt/airflow/dags/2nd_dag.py
[2024-06-12T02:52:45.235+0000] {logging_mixin.py:188} INFO - [2024-06-12T02:52:45.234+0000] {dag.py:3096} INFO - Sync 1 DAGs
[2024-06-12T02:52:45.243+0000] {logging_mixin.py:188} INFO - [2024-06-12T02:52:45.243+0000] {dag.py:3954} INFO - Setting next_dagrun for data_processing_dag to None, run_after=None
[2024-06-12T02:52:45.266+0000] {processor.py:183} INFO - Processing /opt/airflow/dags/2nd_dag.py took 0.318 seconds
[2024-06-12T02:53:15.304+0000] {processor.py:161} INFO - Started process (PID=500) to work on /opt/airflow/dags/2nd_dag.py
[2024-06-12T02:53:15.305+0000] {processor.py:830} INFO - Processing file /opt/airflow/dags/2nd_dag.py for tasks to queue
[2024-06-12T02:53:15.307+0000] {logging_mixin.py:188} INFO - [2024-06-12T02:53:15.306+0000] {dagbag.py:545} INFO - Filling up the DagBag from /opt/airflow/dags/2nd_dag.py
[2024-06-12T02:53:15.587+0000] {processor.py:840} INFO - DAG(s) 'data_processing_dag' retrieved from /opt/airflow/dags/2nd_dag.py
[2024-06-12T02:53:15.608+0000] {logging_mixin.py:188} INFO - [2024-06-12T02:53:15.608+0000] {dag.py:3096} INFO - Sync 1 DAGs
[2024-06-12T02:53:15.618+0000] {logging_mixin.py:188} INFO - [2024-06-12T02:53:15.618+0000] {dag.py:3954} INFO - Setting next_dagrun for data_processing_dag to None, run_after=None
[2024-06-12T02:53:15.635+0000] {processor.py:183} INFO - Processing /opt/airflow/dags/2nd_dag.py took 0.334 seconds
[2024-06-12T02:53:46.528+0000] {processor.py:161} INFO - Started process (PID=520) to work on /opt/airflow/dags/2nd_dag.py
[2024-06-12T02:53:46.529+0000] {processor.py:830} INFO - Processing file /opt/airflow/dags/2nd_dag.py for tasks to queue
[2024-06-12T02:53:46.530+0000] {logging_mixin.py:188} INFO - [2024-06-12T02:53:46.530+0000] {dagbag.py:545} INFO - Filling up the DagBag from /opt/airflow/dags/2nd_dag.py
[2024-06-12T02:53:46.781+0000] {processor.py:840} INFO - DAG(s) 'data_processing_dag' retrieved from /opt/airflow/dags/2nd_dag.py
[2024-06-12T02:53:46.800+0000] {logging_mixin.py:188} INFO - [2024-06-12T02:53:46.799+0000] {dag.py:3096} INFO - Sync 1 DAGs
[2024-06-12T02:53:46.809+0000] {logging_mixin.py:188} INFO - [2024-06-12T02:53:46.809+0000] {dag.py:3954} INFO - Setting next_dagrun for data_processing_dag to None, run_after=None
[2024-06-12T02:53:46.836+0000] {processor.py:183} INFO - Processing /opt/airflow/dags/2nd_dag.py took 0.312 seconds
[2024-06-12T02:54:16.879+0000] {processor.py:161} INFO - Started process (PID=537) to work on /opt/airflow/dags/2nd_dag.py
[2024-06-12T02:54:16.880+0000] {processor.py:830} INFO - Processing file /opt/airflow/dags/2nd_dag.py for tasks to queue
[2024-06-12T02:54:16.881+0000] {logging_mixin.py:188} INFO - [2024-06-12T02:54:16.881+0000] {dagbag.py:545} INFO - Filling up the DagBag from /opt/airflow/dags/2nd_dag.py
[2024-06-12T02:54:17.122+0000] {processor.py:840} INFO - DAG(s) 'data_processing_dag' retrieved from /opt/airflow/dags/2nd_dag.py
[2024-06-12T02:54:17.140+0000] {logging_mixin.py:188} INFO - [2024-06-12T02:54:17.140+0000] {dag.py:3096} INFO - Sync 1 DAGs
[2024-06-12T02:54:17.149+0000] {logging_mixin.py:188} INFO - [2024-06-12T02:54:17.149+0000] {dag.py:3954} INFO - Setting next_dagrun for data_processing_dag to None, run_after=None
[2024-06-12T02:54:17.162+0000] {processor.py:183} INFO - Processing /opt/airflow/dags/2nd_dag.py took 0.287 seconds
[2024-06-12T02:54:47.231+0000] {processor.py:161} INFO - Started process (PID=554) to work on /opt/airflow/dags/2nd_dag.py
[2024-06-12T02:54:47.232+0000] {processor.py:830} INFO - Processing file /opt/airflow/dags/2nd_dag.py for tasks to queue
[2024-06-12T02:54:47.235+0000] {logging_mixin.py:188} INFO - [2024-06-12T02:54:47.234+0000] {dagbag.py:545} INFO - Filling up the DagBag from /opt/airflow/dags/2nd_dag.py
[2024-06-12T02:54:47.576+0000] {processor.py:840} INFO - DAG(s) 'data_processing_dag' retrieved from /opt/airflow/dags/2nd_dag.py
[2024-06-12T02:54:47.598+0000] {logging_mixin.py:188} INFO - [2024-06-12T02:54:47.598+0000] {dag.py:3096} INFO - Sync 1 DAGs
[2024-06-12T02:54:47.609+0000] {logging_mixin.py:188} INFO - [2024-06-12T02:54:47.609+0000] {dag.py:3954} INFO - Setting next_dagrun for data_processing_dag to None, run_after=None
[2024-06-12T02:54:47.752+0000] {processor.py:183} INFO - Processing /opt/airflow/dags/2nd_dag.py took 0.525 seconds
[2024-06-12T02:55:18.433+0000] {processor.py:161} INFO - Started process (PID=571) to work on /opt/airflow/dags/2nd_dag.py
[2024-06-12T02:55:18.434+0000] {processor.py:830} INFO - Processing file /opt/airflow/dags/2nd_dag.py for tasks to queue
[2024-06-12T02:55:18.436+0000] {logging_mixin.py:188} INFO - [2024-06-12T02:55:18.436+0000] {dagbag.py:545} INFO - Filling up the DagBag from /opt/airflow/dags/2nd_dag.py
[2024-06-12T02:55:18.721+0000] {processor.py:840} INFO - DAG(s) 'data_processing_dag' retrieved from /opt/airflow/dags/2nd_dag.py
[2024-06-12T02:55:18.739+0000] {logging_mixin.py:188} INFO - [2024-06-12T02:55:18.738+0000] {dag.py:3096} INFO - Sync 1 DAGs
[2024-06-12T02:55:18.854+0000] {logging_mixin.py:188} INFO - [2024-06-12T02:55:18.854+0000] {dag.py:3954} INFO - Setting next_dagrun for data_processing_dag to None, run_after=None
[2024-06-12T02:55:18.877+0000] {processor.py:183} INFO - Processing /opt/airflow/dags/2nd_dag.py took 0.448 seconds
[2024-06-12T02:55:49.756+0000] {processor.py:161} INFO - Started process (PID=588) to work on /opt/airflow/dags/2nd_dag.py
[2024-06-12T02:55:49.756+0000] {processor.py:830} INFO - Processing file /opt/airflow/dags/2nd_dag.py for tasks to queue
[2024-06-12T02:55:49.758+0000] {logging_mixin.py:188} INFO - [2024-06-12T02:55:49.757+0000] {dagbag.py:545} INFO - Filling up the DagBag from /opt/airflow/dags/2nd_dag.py
[2024-06-12T02:55:50.003+0000] {processor.py:840} INFO - DAG(s) 'data_processing_dag' retrieved from /opt/airflow/dags/2nd_dag.py
[2024-06-12T02:55:50.021+0000] {logging_mixin.py:188} INFO - [2024-06-12T02:55:50.021+0000] {dag.py:3096} INFO - Sync 1 DAGs
[2024-06-12T02:55:50.029+0000] {logging_mixin.py:188} INFO - [2024-06-12T02:55:50.029+0000] {dag.py:3954} INFO - Setting next_dagrun for data_processing_dag to None, run_after=None
[2024-06-12T02:55:50.052+0000] {processor.py:183} INFO - Processing /opt/airflow/dags/2nd_dag.py took 0.300 seconds
[2024-06-12T02:56:20.093+0000] {processor.py:161} INFO - Started process (PID=605) to work on /opt/airflow/dags/2nd_dag.py
[2024-06-12T02:56:20.094+0000] {processor.py:830} INFO - Processing file /opt/airflow/dags/2nd_dag.py for tasks to queue
[2024-06-12T02:56:20.095+0000] {logging_mixin.py:188} INFO - [2024-06-12T02:56:20.095+0000] {dagbag.py:545} INFO - Filling up the DagBag from /opt/airflow/dags/2nd_dag.py
[2024-06-12T02:56:20.343+0000] {processor.py:840} INFO - DAG(s) 'data_processing_dag' retrieved from /opt/airflow/dags/2nd_dag.py
[2024-06-12T02:56:20.363+0000] {logging_mixin.py:188} INFO - [2024-06-12T02:56:20.363+0000] {dag.py:3096} INFO - Sync 1 DAGs
[2024-06-12T02:56:20.373+0000] {logging_mixin.py:188} INFO - [2024-06-12T02:56:20.373+0000] {dag.py:3954} INFO - Setting next_dagrun for data_processing_dag to None, run_after=None
[2024-06-12T02:56:20.397+0000] {processor.py:183} INFO - Processing /opt/airflow/dags/2nd_dag.py took 0.308 seconds
[2024-06-12T02:56:51.265+0000] {processor.py:161} INFO - Started process (PID=622) to work on /opt/airflow/dags/2nd_dag.py
[2024-06-12T02:56:51.266+0000] {processor.py:830} INFO - Processing file /opt/airflow/dags/2nd_dag.py for tasks to queue
[2024-06-12T02:56:51.267+0000] {logging_mixin.py:188} INFO - [2024-06-12T02:56:51.267+0000] {dagbag.py:545} INFO - Filling up the DagBag from /opt/airflow/dags/2nd_dag.py
[2024-06-12T02:56:51.516+0000] {processor.py:840} INFO - DAG(s) 'data_processing_dag' retrieved from /opt/airflow/dags/2nd_dag.py
[2024-06-12T02:56:51.535+0000] {logging_mixin.py:188} INFO - [2024-06-12T02:56:51.535+0000] {dag.py:3096} INFO - Sync 1 DAGs
[2024-06-12T02:56:51.544+0000] {logging_mixin.py:188} INFO - [2024-06-12T02:56:51.543+0000] {dag.py:3954} INFO - Setting next_dagrun for data_processing_dag to None, run_after=None
[2024-06-12T02:56:51.567+0000] {processor.py:183} INFO - Processing /opt/airflow/dags/2nd_dag.py took 0.306 seconds
[2024-06-12T02:57:21.612+0000] {processor.py:161} INFO - Started process (PID=639) to work on /opt/airflow/dags/2nd_dag.py
[2024-06-12T02:57:21.613+0000] {processor.py:830} INFO - Processing file /opt/airflow/dags/2nd_dag.py for tasks to queue
[2024-06-12T02:57:21.614+0000] {logging_mixin.py:188} INFO - [2024-06-12T02:57:21.614+0000] {dagbag.py:545} INFO - Filling up the DagBag from /opt/airflow/dags/2nd_dag.py
[2024-06-12T02:57:21.868+0000] {processor.py:840} INFO - DAG(s) 'data_processing_dag' retrieved from /opt/airflow/dags/2nd_dag.py
[2024-06-12T02:57:21.886+0000] {logging_mixin.py:188} INFO - [2024-06-12T02:57:21.885+0000] {dag.py:3096} INFO - Sync 1 DAGs
[2024-06-12T02:57:21.894+0000] {logging_mixin.py:188} INFO - [2024-06-12T02:57:21.894+0000] {dag.py:3954} INFO - Setting next_dagrun for data_processing_dag to None, run_after=None
[2024-06-12T02:57:21.908+0000] {processor.py:183} INFO - Processing /opt/airflow/dags/2nd_dag.py took 0.300 seconds
[2024-06-12T02:57:52.768+0000] {processor.py:161} INFO - Started process (PID=656) to work on /opt/airflow/dags/2nd_dag.py
[2024-06-12T02:57:52.768+0000] {processor.py:830} INFO - Processing file /opt/airflow/dags/2nd_dag.py for tasks to queue
[2024-06-12T02:57:52.770+0000] {logging_mixin.py:188} INFO - [2024-06-12T02:57:52.769+0000] {dagbag.py:545} INFO - Filling up the DagBag from /opt/airflow/dags/2nd_dag.py
[2024-06-12T02:57:53.020+0000] {processor.py:840} INFO - DAG(s) 'data_processing_dag' retrieved from /opt/airflow/dags/2nd_dag.py
[2024-06-12T02:57:53.040+0000] {logging_mixin.py:188} INFO - [2024-06-12T02:57:53.040+0000] {dag.py:3096} INFO - Sync 1 DAGs
[2024-06-12T02:57:53.051+0000] {logging_mixin.py:188} INFO - [2024-06-12T02:57:53.051+0000] {dag.py:3954} INFO - Setting next_dagrun for data_processing_dag to None, run_after=None
[2024-06-12T02:57:53.189+0000] {processor.py:183} INFO - Processing /opt/airflow/dags/2nd_dag.py took 0.425 seconds
[2024-06-12T02:58:24.012+0000] {processor.py:161} INFO - Started process (PID=673) to work on /opt/airflow/dags/2nd_dag.py
[2024-06-12T02:58:24.013+0000] {processor.py:830} INFO - Processing file /opt/airflow/dags/2nd_dag.py for tasks to queue
[2024-06-12T02:58:24.014+0000] {logging_mixin.py:188} INFO - [2024-06-12T02:58:24.014+0000] {dagbag.py:545} INFO - Filling up the DagBag from /opt/airflow/dags/2nd_dag.py
[2024-06-12T02:58:24.265+0000] {processor.py:840} INFO - DAG(s) 'data_processing_dag' retrieved from /opt/airflow/dags/2nd_dag.py
[2024-06-12T02:58:24.284+0000] {logging_mixin.py:188} INFO - [2024-06-12T02:58:24.284+0000] {dag.py:3096} INFO - Sync 1 DAGs
[2024-06-12T02:58:24.387+0000] {logging_mixin.py:188} INFO - [2024-06-12T02:58:24.387+0000] {dag.py:3954} INFO - Setting next_dagrun for data_processing_dag to None, run_after=None
[2024-06-12T02:58:24.411+0000] {processor.py:183} INFO - Processing /opt/airflow/dags/2nd_dag.py took 0.403 seconds
[2024-06-12T02:58:55.267+0000] {processor.py:161} INFO - Started process (PID=690) to work on /opt/airflow/dags/2nd_dag.py
[2024-06-12T02:58:55.268+0000] {processor.py:830} INFO - Processing file /opt/airflow/dags/2nd_dag.py for tasks to queue
[2024-06-12T02:58:55.270+0000] {logging_mixin.py:188} INFO - [2024-06-12T02:58:55.269+0000] {dagbag.py:545} INFO - Filling up the DagBag from /opt/airflow/dags/2nd_dag.py
[2024-06-12T02:58:55.524+0000] {processor.py:840} INFO - DAG(s) 'data_processing_dag' retrieved from /opt/airflow/dags/2nd_dag.py
[2024-06-12T02:58:55.546+0000] {logging_mixin.py:188} INFO - [2024-06-12T02:58:55.545+0000] {dag.py:3096} INFO - Sync 1 DAGs
[2024-06-12T02:58:55.556+0000] {logging_mixin.py:188} INFO - [2024-06-12T02:58:55.556+0000] {dag.py:3954} INFO - Setting next_dagrun for data_processing_dag to None, run_after=None
[2024-06-12T02:58:55.582+0000] {processor.py:183} INFO - Processing /opt/airflow/dags/2nd_dag.py took 0.318 seconds
[2024-06-12T02:59:25.616+0000] {processor.py:161} INFO - Started process (PID=712) to work on /opt/airflow/dags/2nd_dag.py
[2024-06-12T02:59:25.617+0000] {processor.py:830} INFO - Processing file /opt/airflow/dags/2nd_dag.py for tasks to queue
[2024-06-12T02:59:25.619+0000] {logging_mixin.py:188} INFO - [2024-06-12T02:59:25.618+0000] {dagbag.py:545} INFO - Filling up the DagBag from /opt/airflow/dags/2nd_dag.py
[2024-06-12T02:59:25.880+0000] {processor.py:840} INFO - DAG(s) 'data_processing_dag' retrieved from /opt/airflow/dags/2nd_dag.py
[2024-06-12T02:59:25.900+0000] {logging_mixin.py:188} INFO - [2024-06-12T02:59:25.900+0000] {dag.py:3096} INFO - Sync 1 DAGs
[2024-06-12T02:59:25.910+0000] {logging_mixin.py:188} INFO - [2024-06-12T02:59:25.909+0000] {dag.py:3954} INFO - Setting next_dagrun for data_processing_dag to None, run_after=None
[2024-06-12T02:59:25.935+0000] {processor.py:183} INFO - Processing /opt/airflow/dags/2nd_dag.py took 0.322 seconds
[2024-06-12T02:59:55.996+0000] {processor.py:161} INFO - Started process (PID=729) to work on /opt/airflow/dags/2nd_dag.py
[2024-06-12T02:59:55.997+0000] {processor.py:830} INFO - Processing file /opt/airflow/dags/2nd_dag.py for tasks to queue
[2024-06-12T02:59:55.998+0000] {logging_mixin.py:188} INFO - [2024-06-12T02:59:55.998+0000] {dagbag.py:545} INFO - Filling up the DagBag from /opt/airflow/dags/2nd_dag.py
[2024-06-12T02:59:56.241+0000] {processor.py:840} INFO - DAG(s) 'data_processing_dag' retrieved from /opt/airflow/dags/2nd_dag.py
[2024-06-12T02:59:56.259+0000] {logging_mixin.py:188} INFO - [2024-06-12T02:59:56.258+0000] {dag.py:3096} INFO - Sync 1 DAGs
[2024-06-12T02:59:56.268+0000] {logging_mixin.py:188} INFO - [2024-06-12T02:59:56.268+0000] {dag.py:3954} INFO - Setting next_dagrun for data_processing_dag to None, run_after=None
[2024-06-12T02:59:56.281+0000] {processor.py:183} INFO - Processing /opt/airflow/dags/2nd_dag.py took 0.289 seconds
[2024-06-12T03:00:27.160+0000] {processor.py:161} INFO - Started process (PID=752) to work on /opt/airflow/dags/2nd_dag.py
[2024-06-12T03:00:27.160+0000] {processor.py:830} INFO - Processing file /opt/airflow/dags/2nd_dag.py for tasks to queue
[2024-06-12T03:00:27.162+0000] {logging_mixin.py:188} INFO - [2024-06-12T03:00:27.161+0000] {dagbag.py:545} INFO - Filling up the DagBag from /opt/airflow/dags/2nd_dag.py
[2024-06-12T03:00:27.403+0000] {processor.py:840} INFO - DAG(s) 'data_processing_dag' retrieved from /opt/airflow/dags/2nd_dag.py
[2024-06-12T03:00:27.423+0000] {logging_mixin.py:188} INFO - [2024-06-12T03:00:27.423+0000] {dag.py:3096} INFO - Sync 1 DAGs
[2024-06-12T03:00:27.432+0000] {logging_mixin.py:188} INFO - [2024-06-12T03:00:27.432+0000] {dag.py:3954} INFO - Setting next_dagrun for data_processing_dag to None, run_after=None
[2024-06-12T03:00:27.447+0000] {processor.py:183} INFO - Processing /opt/airflow/dags/2nd_dag.py took 0.291 seconds
[2024-06-12T03:00:57.631+0000] {processor.py:161} INFO - Started process (PID=772) to work on /opt/airflow/dags/2nd_dag.py
[2024-06-12T03:00:57.631+0000] {processor.py:830} INFO - Processing file /opt/airflow/dags/2nd_dag.py for tasks to queue
[2024-06-12T03:00:57.633+0000] {logging_mixin.py:188} INFO - [2024-06-12T03:00:57.632+0000] {dagbag.py:545} INFO - Filling up the DagBag from /opt/airflow/dags/2nd_dag.py
[2024-06-12T03:00:57.871+0000] {processor.py:840} INFO - DAG(s) 'data_processing_dag' retrieved from /opt/airflow/dags/2nd_dag.py
[2024-06-12T03:00:57.889+0000] {logging_mixin.py:188} INFO - [2024-06-12T03:00:57.889+0000] {dag.py:3096} INFO - Sync 1 DAGs
[2024-06-12T03:00:57.898+0000] {logging_mixin.py:188} INFO - [2024-06-12T03:00:57.898+0000] {dag.py:3954} INFO - Setting next_dagrun for data_processing_dag to None, run_after=None
[2024-06-12T03:00:58.001+0000] {processor.py:183} INFO - Processing /opt/airflow/dags/2nd_dag.py took 0.374 seconds
[2024-06-12T03:01:28.967+0000] {processor.py:161} INFO - Started process (PID=792) to work on /opt/airflow/dags/2nd_dag.py
[2024-06-12T03:01:28.967+0000] {processor.py:830} INFO - Processing file /opt/airflow/dags/2nd_dag.py for tasks to queue
[2024-06-12T03:01:28.969+0000] {logging_mixin.py:188} INFO - [2024-06-12T03:01:28.968+0000] {dagbag.py:545} INFO - Filling up the DagBag from /opt/airflow/dags/2nd_dag.py
[2024-06-12T03:01:29.211+0000] {processor.py:840} INFO - DAG(s) 'data_processing_dag' retrieved from /opt/airflow/dags/2nd_dag.py
[2024-06-12T03:01:29.230+0000] {logging_mixin.py:188} INFO - [2024-06-12T03:01:29.230+0000] {dag.py:3096} INFO - Sync 1 DAGs
[2024-06-12T03:01:29.332+0000] {logging_mixin.py:188} INFO - [2024-06-12T03:01:29.332+0000] {dag.py:3954} INFO - Setting next_dagrun for data_processing_dag to None, run_after=None
[2024-06-12T03:01:29.349+0000] {processor.py:183} INFO - Processing /opt/airflow/dags/2nd_dag.py took 0.386 seconds
[2024-06-12T03:02:00.209+0000] {processor.py:161} INFO - Started process (PID=811) to work on /opt/airflow/dags/2nd_dag.py
[2024-06-12T03:02:00.210+0000] {processor.py:830} INFO - Processing file /opt/airflow/dags/2nd_dag.py for tasks to queue
[2024-06-12T03:02:00.211+0000] {logging_mixin.py:188} INFO - [2024-06-12T03:02:00.211+0000] {dagbag.py:545} INFO - Filling up the DagBag from /opt/airflow/dags/2nd_dag.py
[2024-06-12T03:02:00.450+0000] {processor.py:840} INFO - DAG(s) 'data_processing_dag' retrieved from /opt/airflow/dags/2nd_dag.py
[2024-06-12T03:02:00.469+0000] {logging_mixin.py:188} INFO - [2024-06-12T03:02:00.468+0000] {dag.py:3096} INFO - Sync 1 DAGs
[2024-06-12T03:02:00.477+0000] {logging_mixin.py:188} INFO - [2024-06-12T03:02:00.477+0000] {dag.py:3954} INFO - Setting next_dagrun for data_processing_dag to None, run_after=None
[2024-06-12T03:02:00.499+0000] {processor.py:183} INFO - Processing /opt/airflow/dags/2nd_dag.py took 0.293 seconds
[2024-06-12T03:02:30.555+0000] {processor.py:161} INFO - Started process (PID=828) to work on /opt/airflow/dags/2nd_dag.py
[2024-06-12T03:02:30.556+0000] {processor.py:830} INFO - Processing file /opt/airflow/dags/2nd_dag.py for tasks to queue
[2024-06-12T03:02:30.557+0000] {logging_mixin.py:188} INFO - [2024-06-12T03:02:30.557+0000] {dagbag.py:545} INFO - Filling up the DagBag from /opt/airflow/dags/2nd_dag.py
[2024-06-12T03:02:30.801+0000] {processor.py:840} INFO - DAG(s) 'data_processing_dag' retrieved from /opt/airflow/dags/2nd_dag.py
[2024-06-12T03:02:30.820+0000] {logging_mixin.py:188} INFO - [2024-06-12T03:02:30.820+0000] {dag.py:3096} INFO - Sync 1 DAGs
[2024-06-12T03:02:30.829+0000] {logging_mixin.py:188} INFO - [2024-06-12T03:02:30.829+0000] {dag.py:3954} INFO - Setting next_dagrun for data_processing_dag to None, run_after=None
[2024-06-12T03:02:30.843+0000] {processor.py:183} INFO - Processing /opt/airflow/dags/2nd_dag.py took 0.292 seconds
[2024-06-12T03:03:01.724+0000] {processor.py:161} INFO - Started process (PID=845) to work on /opt/airflow/dags/2nd_dag.py
[2024-06-12T03:03:01.725+0000] {processor.py:830} INFO - Processing file /opt/airflow/dags/2nd_dag.py for tasks to queue
[2024-06-12T03:03:01.727+0000] {logging_mixin.py:188} INFO - [2024-06-12T03:03:01.726+0000] {dagbag.py:545} INFO - Filling up the DagBag from /opt/airflow/dags/2nd_dag.py
[2024-06-12T03:03:01.982+0000] {processor.py:840} INFO - DAG(s) 'data_processing_dag' retrieved from /opt/airflow/dags/2nd_dag.py
[2024-06-12T03:03:02.003+0000] {logging_mixin.py:188} INFO - [2024-06-12T03:03:02.003+0000] {dag.py:3096} INFO - Sync 1 DAGs
[2024-06-12T03:03:02.014+0000] {logging_mixin.py:188} INFO - [2024-06-12T03:03:02.014+0000] {dag.py:3954} INFO - Setting next_dagrun for data_processing_dag to None, run_after=None
[2024-06-12T03:03:02.029+0000] {processor.py:183} INFO - Processing /opt/airflow/dags/2nd_dag.py took 0.309 seconds
[2024-06-12T03:03:32.083+0000] {processor.py:161} INFO - Started process (PID=862) to work on /opt/airflow/dags/2nd_dag.py
[2024-06-12T03:03:32.083+0000] {processor.py:830} INFO - Processing file /opt/airflow/dags/2nd_dag.py for tasks to queue
[2024-06-12T03:03:32.085+0000] {logging_mixin.py:188} INFO - [2024-06-12T03:03:32.084+0000] {dagbag.py:545} INFO - Filling up the DagBag from /opt/airflow/dags/2nd_dag.py
[2024-06-12T03:03:32.343+0000] {processor.py:840} INFO - DAG(s) 'data_processing_dag' retrieved from /opt/airflow/dags/2nd_dag.py
[2024-06-12T03:03:32.363+0000] {logging_mixin.py:188} INFO - [2024-06-12T03:03:32.362+0000] {dag.py:3096} INFO - Sync 1 DAGs
[2024-06-12T03:03:32.374+0000] {logging_mixin.py:188} INFO - [2024-06-12T03:03:32.373+0000] {dag.py:3954} INFO - Setting next_dagrun for data_processing_dag to None, run_after=None
[2024-06-12T03:03:32.390+0000] {processor.py:183} INFO - Processing /opt/airflow/dags/2nd_dag.py took 0.311 seconds
[2024-06-12T03:04:02.519+0000] {processor.py:161} INFO - Started process (PID=886) to work on /opt/airflow/dags/2nd_dag.py
[2024-06-12T03:04:02.520+0000] {processor.py:830} INFO - Processing file /opt/airflow/dags/2nd_dag.py for tasks to queue
[2024-06-12T03:04:02.521+0000] {logging_mixin.py:188} INFO - [2024-06-12T03:04:02.521+0000] {dagbag.py:545} INFO - Filling up the DagBag from /opt/airflow/dags/2nd_dag.py
[2024-06-12T03:04:02.766+0000] {processor.py:840} INFO - DAG(s) 'data_processing_dag' retrieved from /opt/airflow/dags/2nd_dag.py
[2024-06-12T03:04:02.786+0000] {logging_mixin.py:188} INFO - [2024-06-12T03:04:02.785+0000] {dag.py:3096} INFO - Sync 1 DAGs
[2024-06-12T03:04:02.795+0000] {logging_mixin.py:188} INFO - [2024-06-12T03:04:02.795+0000] {dag.py:3954} INFO - Setting next_dagrun for data_processing_dag to None, run_after=None
[2024-06-12T03:04:02.900+0000] {processor.py:183} INFO - Processing /opt/airflow/dags/2nd_dag.py took 0.385 seconds
[2024-06-12T03:04:33.688+0000] {processor.py:161} INFO - Started process (PID=903) to work on /opt/airflow/dags/2nd_dag.py
[2024-06-12T03:04:33.689+0000] {processor.py:830} INFO - Processing file /opt/airflow/dags/2nd_dag.py for tasks to queue
[2024-06-12T03:04:33.691+0000] {logging_mixin.py:188} INFO - [2024-06-12T03:04:33.690+0000] {dagbag.py:545} INFO - Filling up the DagBag from /opt/airflow/dags/2nd_dag.py
[2024-06-12T03:04:33.967+0000] {processor.py:840} INFO - DAG(s) 'data_processing_dag' retrieved from /opt/airflow/dags/2nd_dag.py
[2024-06-12T03:04:33.989+0000] {logging_mixin.py:188} INFO - [2024-06-12T03:04:33.988+0000] {dag.py:3096} INFO - Sync 1 DAGs
[2024-06-12T03:04:34.098+0000] {logging_mixin.py:188} INFO - [2024-06-12T03:04:34.097+0000] {dag.py:3954} INFO - Setting next_dagrun for data_processing_dag to None, run_after=None
[2024-06-12T03:04:34.124+0000] {processor.py:183} INFO - Processing /opt/airflow/dags/2nd_dag.py took 0.442 seconds
[2024-06-12T03:05:04.940+0000] {processor.py:161} INFO - Started process (PID=920) to work on /opt/airflow/dags/2nd_dag.py
[2024-06-12T03:05:04.941+0000] {processor.py:830} INFO - Processing file /opt/airflow/dags/2nd_dag.py for tasks to queue
[2024-06-12T03:05:04.942+0000] {logging_mixin.py:188} INFO - [2024-06-12T03:05:04.942+0000] {dagbag.py:545} INFO - Filling up the DagBag from /opt/airflow/dags/2nd_dag.py
[2024-06-12T03:05:05.181+0000] {processor.py:840} INFO - DAG(s) 'data_processing_dag' retrieved from /opt/airflow/dags/2nd_dag.py
[2024-06-12T03:05:05.200+0000] {logging_mixin.py:188} INFO - [2024-06-12T03:05:05.199+0000] {dag.py:3096} INFO - Sync 1 DAGs
[2024-06-12T03:05:05.208+0000] {logging_mixin.py:188} INFO - [2024-06-12T03:05:05.208+0000] {dag.py:3954} INFO - Setting next_dagrun for data_processing_dag to None, run_after=None
[2024-06-12T03:05:05.229+0000] {processor.py:183} INFO - Processing /opt/airflow/dags/2nd_dag.py took 0.293 seconds
[2024-06-12T03:05:36.177+0000] {processor.py:161} INFO - Started process (PID=937) to work on /opt/airflow/dags/2nd_dag.py
[2024-06-12T03:05:36.177+0000] {processor.py:830} INFO - Processing file /opt/airflow/dags/2nd_dag.py for tasks to queue
[2024-06-12T03:05:36.179+0000] {logging_mixin.py:188} INFO - [2024-06-12T03:05:36.178+0000] {dagbag.py:545} INFO - Filling up the DagBag from /opt/airflow/dags/2nd_dag.py
[2024-06-12T03:05:36.422+0000] {processor.py:840} INFO - DAG(s) 'data_processing_dag' retrieved from /opt/airflow/dags/2nd_dag.py
[2024-06-12T03:05:36.441+0000] {logging_mixin.py:188} INFO - [2024-06-12T03:05:36.440+0000] {dag.py:3096} INFO - Sync 1 DAGs
[2024-06-12T03:05:36.449+0000] {logging_mixin.py:188} INFO - [2024-06-12T03:05:36.449+0000] {dag.py:3954} INFO - Setting next_dagrun for data_processing_dag to None, run_after=None
[2024-06-12T03:05:36.462+0000] {processor.py:183} INFO - Processing /opt/airflow/dags/2nd_dag.py took 0.289 seconds
[2024-06-12T03:06:06.499+0000] {processor.py:161} INFO - Started process (PID=954) to work on /opt/airflow/dags/2nd_dag.py
[2024-06-12T03:06:06.500+0000] {processor.py:830} INFO - Processing file /opt/airflow/dags/2nd_dag.py for tasks to queue
[2024-06-12T03:06:06.501+0000] {logging_mixin.py:188} INFO - [2024-06-12T03:06:06.501+0000] {dagbag.py:545} INFO - Filling up the DagBag from /opt/airflow/dags/2nd_dag.py
[2024-06-12T03:06:06.742+0000] {processor.py:840} INFO - DAG(s) 'data_processing_dag' retrieved from /opt/airflow/dags/2nd_dag.py
[2024-06-12T03:06:06.761+0000] {logging_mixin.py:188} INFO - [2024-06-12T03:06:06.760+0000] {dag.py:3096} INFO - Sync 1 DAGs
[2024-06-12T03:06:06.770+0000] {logging_mixin.py:188} INFO - [2024-06-12T03:06:06.769+0000] {dag.py:3954} INFO - Setting next_dagrun for data_processing_dag to None, run_after=None
[2024-06-12T03:06:06.788+0000] {processor.py:183} INFO - Processing /opt/airflow/dags/2nd_dag.py took 0.293 seconds
[2024-06-12T03:06:37.676+0000] {processor.py:161} INFO - Started process (PID=971) to work on /opt/airflow/dags/2nd_dag.py
[2024-06-12T03:06:37.677+0000] {processor.py:830} INFO - Processing file /opt/airflow/dags/2nd_dag.py for tasks to queue
[2024-06-12T03:06:37.678+0000] {logging_mixin.py:188} INFO - [2024-06-12T03:06:37.678+0000] {dagbag.py:545} INFO - Filling up the DagBag from /opt/airflow/dags/2nd_dag.py
[2024-06-12T03:06:37.923+0000] {processor.py:840} INFO - DAG(s) 'data_processing_dag' retrieved from /opt/airflow/dags/2nd_dag.py
[2024-06-12T03:06:37.942+0000] {logging_mixin.py:188} INFO - [2024-06-12T03:06:37.942+0000] {dag.py:3096} INFO - Sync 1 DAGs
[2024-06-12T03:06:37.951+0000] {logging_mixin.py:188} INFO - [2024-06-12T03:06:37.951+0000] {dag.py:3954} INFO - Setting next_dagrun for data_processing_dag to None, run_after=None
[2024-06-12T03:06:38.053+0000] {processor.py:183} INFO - Processing /opt/airflow/dags/2nd_dag.py took 0.381 seconds
[2024-06-12T03:07:08.945+0000] {processor.py:161} INFO - Started process (PID=989) to work on /opt/airflow/dags/2nd_dag.py
[2024-06-12T03:07:08.946+0000] {processor.py:830} INFO - Processing file /opt/airflow/dags/2nd_dag.py for tasks to queue
[2024-06-12T03:07:08.947+0000] {logging_mixin.py:188} INFO - [2024-06-12T03:07:08.947+0000] {dagbag.py:545} INFO - Filling up the DagBag from /opt/airflow/dags/2nd_dag.py
[2024-06-12T03:07:09.213+0000] {processor.py:840} INFO - DAG(s) 'data_processing_dag' retrieved from /opt/airflow/dags/2nd_dag.py
[2024-06-12T03:07:09.235+0000] {logging_mixin.py:188} INFO - [2024-06-12T03:07:09.235+0000] {dag.py:3096} INFO - Sync 1 DAGs
[2024-06-12T03:07:09.342+0000] {logging_mixin.py:188} INFO - [2024-06-12T03:07:09.341+0000] {dag.py:3954} INFO - Setting next_dagrun for data_processing_dag to None, run_after=None
[2024-06-12T03:07:09.357+0000] {processor.py:183} INFO - Processing /opt/airflow/dags/2nd_dag.py took 0.416 seconds
[2024-06-12T03:07:40.219+0000] {processor.py:161} INFO - Started process (PID=1006) to work on /opt/airflow/dags/2nd_dag.py
[2024-06-12T03:07:40.220+0000] {processor.py:830} INFO - Processing file /opt/airflow/dags/2nd_dag.py for tasks to queue
[2024-06-12T03:07:40.222+0000] {logging_mixin.py:188} INFO - [2024-06-12T03:07:40.221+0000] {dagbag.py:545} INFO - Filling up the DagBag from /opt/airflow/dags/2nd_dag.py
[2024-06-12T03:07:40.466+0000] {processor.py:840} INFO - DAG(s) 'data_processing_dag' retrieved from /opt/airflow/dags/2nd_dag.py
[2024-06-12T03:07:40.488+0000] {logging_mixin.py:188} INFO - [2024-06-12T03:07:40.488+0000] {dag.py:3096} INFO - Sync 1 DAGs
[2024-06-12T03:07:40.499+0000] {logging_mixin.py:188} INFO - [2024-06-12T03:07:40.499+0000] {dag.py:3954} INFO - Setting next_dagrun for data_processing_dag to None, run_after=None
[2024-06-12T03:07:40.514+0000] {processor.py:183} INFO - Processing /opt/airflow/dags/2nd_dag.py took 0.299 seconds
[2024-06-12T03:08:10.571+0000] {processor.py:161} INFO - Started process (PID=1023) to work on /opt/airflow/dags/2nd_dag.py
[2024-06-12T03:08:10.572+0000] {processor.py:830} INFO - Processing file /opt/airflow/dags/2nd_dag.py for tasks to queue
[2024-06-12T03:08:10.573+0000] {logging_mixin.py:188} INFO - [2024-06-12T03:08:10.573+0000] {dagbag.py:545} INFO - Filling up the DagBag from /opt/airflow/dags/2nd_dag.py
[2024-06-12T03:08:10.849+0000] {processor.py:840} INFO - DAG(s) 'data_processing_dag' retrieved from /opt/airflow/dags/2nd_dag.py
[2024-06-12T03:08:10.875+0000] {logging_mixin.py:188} INFO - [2024-06-12T03:08:10.875+0000] {dag.py:3096} INFO - Sync 1 DAGs
[2024-06-12T03:08:10.886+0000] {logging_mixin.py:188} INFO - [2024-06-12T03:08:10.886+0000] {dag.py:3954} INFO - Setting next_dagrun for data_processing_dag to None, run_after=None
[2024-06-12T03:08:10.901+0000] {processor.py:183} INFO - Processing /opt/airflow/dags/2nd_dag.py took 0.335 seconds
[2024-06-12T03:08:39.775+0000] {processor.py:161} INFO - Started process (PID=1040) to work on /opt/airflow/dags/2nd_dag.py
[2024-06-12T03:08:39.776+0000] {processor.py:830} INFO - Processing file /opt/airflow/dags/2nd_dag.py for tasks to queue
[2024-06-12T03:08:39.777+0000] {logging_mixin.py:188} INFO - [2024-06-12T03:08:39.777+0000] {dagbag.py:545} INFO - Filling up the DagBag from /opt/airflow/dags/2nd_dag.py
[2024-06-12T03:08:40.060+0000] {processor.py:840} INFO - DAG(s) 'data_processing_dag' retrieved from /opt/airflow/dags/2nd_dag.py
[2024-06-12T03:08:40.080+0000] {logging_mixin.py:188} INFO - [2024-06-12T03:08:40.080+0000] {dag.py:3096} INFO - Sync 1 DAGs
[2024-06-12T03:08:40.090+0000] {logging_mixin.py:188} INFO - [2024-06-12T03:08:40.090+0000] {dag.py:3954} INFO - Setting next_dagrun for data_processing_dag to None, run_after=None
[2024-06-12T03:08:40.109+0000] {processor.py:183} INFO - Processing /opt/airflow/dags/2nd_dag.py took 0.338 seconds
[2024-06-12T03:09:10.971+0000] {processor.py:161} INFO - Started process (PID=1060) to work on /opt/airflow/dags/2nd_dag.py
[2024-06-12T03:09:10.971+0000] {processor.py:830} INFO - Processing file /opt/airflow/dags/2nd_dag.py for tasks to queue
[2024-06-12T03:09:10.973+0000] {logging_mixin.py:188} INFO - [2024-06-12T03:09:10.972+0000] {dagbag.py:545} INFO - Filling up the DagBag from /opt/airflow/dags/2nd_dag.py
[2024-06-12T03:09:11.257+0000] {processor.py:840} INFO - DAG(s) 'data_processing_dag' retrieved from /opt/airflow/dags/2nd_dag.py
[2024-06-12T03:09:11.278+0000] {logging_mixin.py:188} INFO - [2024-06-12T03:09:11.278+0000] {dag.py:3096} INFO - Sync 1 DAGs
[2024-06-12T03:09:11.292+0000] {logging_mixin.py:188} INFO - [2024-06-12T03:09:11.292+0000] {dag.py:3954} INFO - Setting next_dagrun for data_processing_dag to None, run_after=None
[2024-06-12T03:09:11.309+0000] {processor.py:183} INFO - Processing /opt/airflow/dags/2nd_dag.py took 0.342 seconds
[2024-06-12T03:09:42.206+0000] {processor.py:161} INFO - Started process (PID=1077) to work on /opt/airflow/dags/2nd_dag.py
[2024-06-12T03:09:42.207+0000] {processor.py:830} INFO - Processing file /opt/airflow/dags/2nd_dag.py for tasks to queue
[2024-06-12T03:09:42.209+0000] {logging_mixin.py:188} INFO - [2024-06-12T03:09:42.209+0000] {dagbag.py:545} INFO - Filling up the DagBag from /opt/airflow/dags/2nd_dag.py
[2024-06-12T03:09:42.459+0000] {processor.py:840} INFO - DAG(s) 'data_processing_dag' retrieved from /opt/airflow/dags/2nd_dag.py
[2024-06-12T03:09:42.480+0000] {logging_mixin.py:188} INFO - [2024-06-12T03:09:42.480+0000] {dag.py:3096} INFO - Sync 1 DAGs
[2024-06-12T03:09:42.492+0000] {logging_mixin.py:188} INFO - [2024-06-12T03:09:42.492+0000] {dag.py:3954} INFO - Setting next_dagrun for data_processing_dag to None, run_after=None
[2024-06-12T03:09:42.614+0000] {processor.py:183} INFO - Processing /opt/airflow/dags/2nd_dag.py took 0.412 seconds
[2024-06-12T03:10:13.427+0000] {processor.py:161} INFO - Started process (PID=1094) to work on /opt/airflow/dags/2nd_dag.py
[2024-06-12T03:10:13.428+0000] {processor.py:830} INFO - Processing file /opt/airflow/dags/2nd_dag.py for tasks to queue
[2024-06-12T03:10:13.429+0000] {logging_mixin.py:188} INFO - [2024-06-12T03:10:13.429+0000] {dagbag.py:545} INFO - Filling up the DagBag from /opt/airflow/dags/2nd_dag.py
[2024-06-12T03:10:13.665+0000] {processor.py:840} INFO - DAG(s) 'data_processing_dag' retrieved from /opt/airflow/dags/2nd_dag.py
[2024-06-12T03:10:13.683+0000] {logging_mixin.py:188} INFO - [2024-06-12T03:10:13.683+0000] {dag.py:3096} INFO - Sync 1 DAGs
[2024-06-12T03:10:13.780+0000] {logging_mixin.py:188} INFO - [2024-06-12T03:10:13.780+0000] {dag.py:3954} INFO - Setting next_dagrun for data_processing_dag to None, run_after=None
[2024-06-12T03:10:13.793+0000] {processor.py:183} INFO - Processing /opt/airflow/dags/2nd_dag.py took 0.370 seconds
[2024-06-12T03:10:44.665+0000] {processor.py:161} INFO - Started process (PID=1111) to work on /opt/airflow/dags/2nd_dag.py
[2024-06-12T03:10:44.666+0000] {processor.py:830} INFO - Processing file /opt/airflow/dags/2nd_dag.py for tasks to queue
[2024-06-12T03:10:44.667+0000] {logging_mixin.py:188} INFO - [2024-06-12T03:10:44.667+0000] {dagbag.py:545} INFO - Filling up the DagBag from /opt/airflow/dags/2nd_dag.py
[2024-06-12T03:10:44.910+0000] {processor.py:840} INFO - DAG(s) 'data_processing_dag' retrieved from /opt/airflow/dags/2nd_dag.py
[2024-06-12T03:10:44.929+0000] {logging_mixin.py:188} INFO - [2024-06-12T03:10:44.929+0000] {dag.py:3096} INFO - Sync 1 DAGs
[2024-06-12T03:10:44.937+0000] {logging_mixin.py:188} INFO - [2024-06-12T03:10:44.937+0000] {dag.py:3954} INFO - Setting next_dagrun for data_processing_dag to None, run_after=None
[2024-06-12T03:10:44.959+0000] {processor.py:183} INFO - Processing /opt/airflow/dags/2nd_dag.py took 0.298 seconds
[2024-06-12T03:11:15.898+0000] {processor.py:161} INFO - Started process (PID=1128) to work on /opt/airflow/dags/2nd_dag.py
[2024-06-12T03:11:15.898+0000] {processor.py:830} INFO - Processing file /opt/airflow/dags/2nd_dag.py for tasks to queue
[2024-06-12T03:11:15.900+0000] {logging_mixin.py:188} INFO - [2024-06-12T03:11:15.899+0000] {dagbag.py:545} INFO - Filling up the DagBag from /opt/airflow/dags/2nd_dag.py
[2024-06-12T03:11:16.139+0000] {processor.py:840} INFO - DAG(s) 'data_processing_dag' retrieved from /opt/airflow/dags/2nd_dag.py
[2024-06-12T03:11:16.157+0000] {logging_mixin.py:188} INFO - [2024-06-12T03:11:16.156+0000] {dag.py:3096} INFO - Sync 1 DAGs
[2024-06-12T03:11:16.165+0000] {logging_mixin.py:188} INFO - [2024-06-12T03:11:16.165+0000] {dag.py:3954} INFO - Setting next_dagrun for data_processing_dag to None, run_after=None
[2024-06-12T03:11:16.180+0000] {processor.py:183} INFO - Processing /opt/airflow/dags/2nd_dag.py took 0.286 seconds
[2024-06-12T03:11:46.222+0000] {processor.py:161} INFO - Started process (PID=1145) to work on /opt/airflow/dags/2nd_dag.py
[2024-06-12T03:11:46.223+0000] {processor.py:830} INFO - Processing file /opt/airflow/dags/2nd_dag.py for tasks to queue
[2024-06-12T03:11:46.224+0000] {logging_mixin.py:188} INFO - [2024-06-12T03:11:46.224+0000] {dagbag.py:545} INFO - Filling up the DagBag from /opt/airflow/dags/2nd_dag.py
[2024-06-12T03:11:46.471+0000] {processor.py:840} INFO - DAG(s) 'data_processing_dag' retrieved from /opt/airflow/dags/2nd_dag.py
[2024-06-12T03:11:46.489+0000] {logging_mixin.py:188} INFO - [2024-06-12T03:11:46.489+0000] {dag.py:3096} INFO - Sync 1 DAGs
[2024-06-12T03:11:46.498+0000] {logging_mixin.py:188} INFO - [2024-06-12T03:11:46.498+0000] {dag.py:3954} INFO - Setting next_dagrun for data_processing_dag to None, run_after=None
[2024-06-12T03:11:46.522+0000] {processor.py:183} INFO - Processing /opt/airflow/dags/2nd_dag.py took 0.303 seconds
[2024-06-12T03:12:17.390+0000] {processor.py:161} INFO - Started process (PID=1162) to work on /opt/airflow/dags/2nd_dag.py
[2024-06-12T03:12:17.390+0000] {processor.py:830} INFO - Processing file /opt/airflow/dags/2nd_dag.py for tasks to queue
[2024-06-12T03:12:17.392+0000] {logging_mixin.py:188} INFO - [2024-06-12T03:12:17.391+0000] {dagbag.py:545} INFO - Filling up the DagBag from /opt/airflow/dags/2nd_dag.py
[2024-06-12T03:12:17.652+0000] {processor.py:840} INFO - DAG(s) 'data_processing_dag' retrieved from /opt/airflow/dags/2nd_dag.py
[2024-06-12T03:12:17.673+0000] {logging_mixin.py:188} INFO - [2024-06-12T03:12:17.672+0000] {dag.py:3096} INFO - Sync 1 DAGs
[2024-06-12T03:12:17.683+0000] {logging_mixin.py:188} INFO - [2024-06-12T03:12:17.683+0000] {dag.py:3954} INFO - Setting next_dagrun for data_processing_dag to None, run_after=None
[2024-06-12T03:12:17.700+0000] {processor.py:183} INFO - Processing /opt/airflow/dags/2nd_dag.py took 0.314 seconds
[2024-06-12T03:12:48.622+0000] {processor.py:161} INFO - Started process (PID=1179) to work on /opt/airflow/dags/2nd_dag.py
[2024-06-12T03:12:48.622+0000] {processor.py:830} INFO - Processing file /opt/airflow/dags/2nd_dag.py for tasks to queue
[2024-06-12T03:12:48.624+0000] {logging_mixin.py:188} INFO - [2024-06-12T03:12:48.623+0000] {dagbag.py:545} INFO - Filling up the DagBag from /opt/airflow/dags/2nd_dag.py
[2024-06-12T03:12:48.860+0000] {processor.py:840} INFO - DAG(s) 'data_processing_dag' retrieved from /opt/airflow/dags/2nd_dag.py
[2024-06-12T03:12:48.878+0000] {logging_mixin.py:188} INFO - [2024-06-12T03:12:48.878+0000] {dag.py:3096} INFO - Sync 1 DAGs
[2024-06-12T03:12:48.887+0000] {logging_mixin.py:188} INFO - [2024-06-12T03:12:48.887+0000] {dag.py:3954} INFO - Setting next_dagrun for data_processing_dag to None, run_after=None
[2024-06-12T03:12:48.995+0000] {processor.py:183} INFO - Processing /opt/airflow/dags/2nd_dag.py took 0.377 seconds
[2024-06-12T03:13:19.862+0000] {processor.py:161} INFO - Started process (PID=1196) to work on /opt/airflow/dags/2nd_dag.py
[2024-06-12T03:13:19.862+0000] {processor.py:830} INFO - Processing file /opt/airflow/dags/2nd_dag.py for tasks to queue
[2024-06-12T03:13:19.863+0000] {logging_mixin.py:188} INFO - [2024-06-12T03:13:19.863+0000] {dagbag.py:545} INFO - Filling up the DagBag from /opt/airflow/dags/2nd_dag.py
[2024-06-12T03:13:20.106+0000] {processor.py:840} INFO - DAG(s) 'data_processing_dag' retrieved from /opt/airflow/dags/2nd_dag.py
[2024-06-12T03:13:20.212+0000] {logging_mixin.py:188} INFO - [2024-06-12T03:13:20.212+0000] {dag.py:3096} INFO - Sync 1 DAGs
[2024-06-12T03:13:20.220+0000] {logging_mixin.py:188} INFO - [2024-06-12T03:13:20.220+0000] {dag.py:3954} INFO - Setting next_dagrun for data_processing_dag to None, run_after=None
[2024-06-12T03:13:20.242+0000] {processor.py:183} INFO - Processing /opt/airflow/dags/2nd_dag.py took 0.385 seconds
[2024-06-12T03:13:51.172+0000] {processor.py:161} INFO - Started process (PID=1218) to work on /opt/airflow/dags/2nd_dag.py
[2024-06-12T03:13:51.172+0000] {processor.py:830} INFO - Processing file /opt/airflow/dags/2nd_dag.py for tasks to queue
[2024-06-12T03:13:51.174+0000] {logging_mixin.py:188} INFO - [2024-06-12T03:13:51.173+0000] {dagbag.py:545} INFO - Filling up the DagBag from /opt/airflow/dags/2nd_dag.py
[2024-06-12T03:13:51.437+0000] {processor.py:840} INFO - DAG(s) 'data_processing_dag' retrieved from /opt/airflow/dags/2nd_dag.py
[2024-06-12T03:13:51.476+0000] {logging_mixin.py:188} INFO - [2024-06-12T03:13:51.476+0000] {dag.py:3096} INFO - Sync 1 DAGs
[2024-06-12T03:13:51.488+0000] {logging_mixin.py:188} INFO - [2024-06-12T03:13:51.488+0000] {dag.py:3954} INFO - Setting next_dagrun for data_processing_dag to None, run_after=None
[2024-06-12T03:13:51.509+0000] {processor.py:183} INFO - Processing /opt/airflow/dags/2nd_dag.py took 0.342 seconds
[2024-06-12T03:14:22.429+0000] {processor.py:161} INFO - Started process (PID=1235) to work on /opt/airflow/dags/2nd_dag.py
[2024-06-12T03:14:22.430+0000] {processor.py:830} INFO - Processing file /opt/airflow/dags/2nd_dag.py for tasks to queue
[2024-06-12T03:14:22.431+0000] {logging_mixin.py:188} INFO - [2024-06-12T03:14:22.431+0000] {dagbag.py:545} INFO - Filling up the DagBag from /opt/airflow/dags/2nd_dag.py
[2024-06-12T03:14:22.690+0000] {processor.py:840} INFO - DAG(s) 'data_processing_dag' retrieved from /opt/airflow/dags/2nd_dag.py
[2024-06-12T03:14:22.709+0000] {logging_mixin.py:188} INFO - [2024-06-12T03:14:22.708+0000] {dag.py:3096} INFO - Sync 1 DAGs
[2024-06-12T03:14:22.718+0000] {logging_mixin.py:188} INFO - [2024-06-12T03:14:22.718+0000] {dag.py:3954} INFO - Setting next_dagrun for data_processing_dag to None, run_after=None
[2024-06-12T03:14:22.733+0000] {processor.py:183} INFO - Processing /opt/airflow/dags/2nd_dag.py took 0.308 seconds
[2024-06-12T03:14:52.790+0000] {processor.py:161} INFO - Started process (PID=1252) to work on /opt/airflow/dags/2nd_dag.py
[2024-06-12T03:14:52.790+0000] {processor.py:830} INFO - Processing file /opt/airflow/dags/2nd_dag.py for tasks to queue
[2024-06-12T03:14:52.792+0000] {logging_mixin.py:188} INFO - [2024-06-12T03:14:52.791+0000] {dagbag.py:545} INFO - Filling up the DagBag from /opt/airflow/dags/2nd_dag.py
[2024-06-12T03:14:53.038+0000] {processor.py:840} INFO - DAG(s) 'data_processing_dag' retrieved from /opt/airflow/dags/2nd_dag.py
[2024-06-12T03:14:53.056+0000] {logging_mixin.py:188} INFO - [2024-06-12T03:14:53.056+0000] {dag.py:3096} INFO - Sync 1 DAGs
[2024-06-12T03:14:53.065+0000] {logging_mixin.py:188} INFO - [2024-06-12T03:14:53.064+0000] {dag.py:3954} INFO - Setting next_dagrun for data_processing_dag to None, run_after=None
[2024-06-12T03:14:53.079+0000] {processor.py:183} INFO - Processing /opt/airflow/dags/2nd_dag.py took 0.293 seconds
[2024-06-12T03:15:23.962+0000] {processor.py:161} INFO - Started process (PID=1269) to work on /opt/airflow/dags/2nd_dag.py
[2024-06-12T03:15:23.962+0000] {processor.py:830} INFO - Processing file /opt/airflow/dags/2nd_dag.py for tasks to queue
[2024-06-12T03:15:23.964+0000] {logging_mixin.py:188} INFO - [2024-06-12T03:15:23.964+0000] {dagbag.py:545} INFO - Filling up the DagBag from /opt/airflow/dags/2nd_dag.py
[2024-06-12T03:15:24.232+0000] {processor.py:840} INFO - DAG(s) 'data_processing_dag' retrieved from /opt/airflow/dags/2nd_dag.py
[2024-06-12T03:15:24.253+0000] {logging_mixin.py:188} INFO - [2024-06-12T03:15:24.252+0000] {dag.py:3096} INFO - Sync 1 DAGs
[2024-06-12T03:15:24.263+0000] {logging_mixin.py:188} INFO - [2024-06-12T03:15:24.262+0000] {dag.py:3954} INFO - Setting next_dagrun for data_processing_dag to None, run_after=None
[2024-06-12T03:15:24.373+0000] {processor.py:183} INFO - Processing /opt/airflow/dags/2nd_dag.py took 0.415 seconds
[2024-06-12T03:15:55.237+0000] {processor.py:161} INFO - Started process (PID=1286) to work on /opt/airflow/dags/2nd_dag.py
[2024-06-12T03:15:55.238+0000] {processor.py:830} INFO - Processing file /opt/airflow/dags/2nd_dag.py for tasks to queue
[2024-06-12T03:15:55.239+0000] {logging_mixin.py:188} INFO - [2024-06-12T03:15:55.239+0000] {dagbag.py:545} INFO - Filling up the DagBag from /opt/airflow/dags/2nd_dag.py
[2024-06-12T03:15:55.494+0000] {processor.py:840} INFO - DAG(s) 'data_processing_dag' retrieved from /opt/airflow/dags/2nd_dag.py
[2024-06-12T03:15:55.513+0000] {logging_mixin.py:188} INFO - [2024-06-12T03:15:55.513+0000] {dag.py:3096} INFO - Sync 1 DAGs
[2024-06-12T03:15:55.612+0000] {logging_mixin.py:188} INFO - [2024-06-12T03:15:55.612+0000] {dag.py:3954} INFO - Setting next_dagrun for data_processing_dag to None, run_after=None
[2024-06-12T03:15:55.634+0000] {processor.py:183} INFO - Processing /opt/airflow/dags/2nd_dag.py took 0.401 seconds
[2024-06-12T03:16:26.490+0000] {processor.py:161} INFO - Started process (PID=1303) to work on /opt/airflow/dags/2nd_dag.py
[2024-06-12T03:16:26.491+0000] {processor.py:830} INFO - Processing file /opt/airflow/dags/2nd_dag.py for tasks to queue
[2024-06-12T03:16:26.492+0000] {logging_mixin.py:188} INFO - [2024-06-12T03:16:26.492+0000] {dagbag.py:545} INFO - Filling up the DagBag from /opt/airflow/dags/2nd_dag.py
[2024-06-12T03:16:26.757+0000] {processor.py:840} INFO - DAG(s) 'data_processing_dag' retrieved from /opt/airflow/dags/2nd_dag.py
[2024-06-12T03:16:26.874+0000] {logging_mixin.py:188} INFO - [2024-06-12T03:16:26.873+0000] {dag.py:3096} INFO - Sync 1 DAGs
[2024-06-12T03:16:26.882+0000] {logging_mixin.py:188} INFO - [2024-06-12T03:16:26.882+0000] {dag.py:3954} INFO - Setting next_dagrun for data_processing_dag to None, run_after=None
[2024-06-12T03:16:26.898+0000] {processor.py:183} INFO - Processing /opt/airflow/dags/2nd_dag.py took 0.412 seconds
[2024-06-12T03:16:57.776+0000] {processor.py:161} INFO - Started process (PID=1326) to work on /opt/airflow/dags/2nd_dag.py
[2024-06-12T03:16:57.777+0000] {processor.py:830} INFO - Processing file /opt/airflow/dags/2nd_dag.py for tasks to queue
[2024-06-12T03:16:57.778+0000] {logging_mixin.py:188} INFO - [2024-06-12T03:16:57.778+0000] {dagbag.py:545} INFO - Filling up the DagBag from /opt/airflow/dags/2nd_dag.py
[2024-06-12T03:16:58.044+0000] {processor.py:840} INFO - DAG(s) 'data_processing_dag' retrieved from /opt/airflow/dags/2nd_dag.py
[2024-06-12T03:16:58.065+0000] {logging_mixin.py:188} INFO - [2024-06-12T03:16:58.065+0000] {dag.py:3096} INFO - Sync 1 DAGs
[2024-06-12T03:16:58.074+0000] {logging_mixin.py:188} INFO - [2024-06-12T03:16:58.074+0000] {dag.py:3954} INFO - Setting next_dagrun for data_processing_dag to None, run_after=None
[2024-06-12T03:16:58.089+0000] {processor.py:183} INFO - Processing /opt/airflow/dags/2nd_dag.py took 0.317 seconds
[2024-06-12T03:17:28.135+0000] {processor.py:161} INFO - Started process (PID=1343) to work on /opt/airflow/dags/2nd_dag.py
[2024-06-12T03:17:28.136+0000] {processor.py:830} INFO - Processing file /opt/airflow/dags/2nd_dag.py for tasks to queue
[2024-06-12T03:17:28.137+0000] {logging_mixin.py:188} INFO - [2024-06-12T03:17:28.137+0000] {dagbag.py:545} INFO - Filling up the DagBag from /opt/airflow/dags/2nd_dag.py
[2024-06-12T03:17:28.401+0000] {processor.py:840} INFO - DAG(s) 'data_processing_dag' retrieved from /opt/airflow/dags/2nd_dag.py
[2024-06-12T03:17:28.423+0000] {logging_mixin.py:188} INFO - [2024-06-12T03:17:28.423+0000] {dag.py:3096} INFO - Sync 1 DAGs
[2024-06-12T03:17:28.432+0000] {logging_mixin.py:188} INFO - [2024-06-12T03:17:28.432+0000] {dag.py:3954} INFO - Setting next_dagrun for data_processing_dag to None, run_after=None
[2024-06-12T03:17:28.448+0000] {processor.py:183} INFO - Processing /opt/airflow/dags/2nd_dag.py took 0.317 seconds
[2024-06-12T03:17:59.302+0000] {processor.py:161} INFO - Started process (PID=1360) to work on /opt/airflow/dags/2nd_dag.py
[2024-06-12T03:17:59.303+0000] {processor.py:830} INFO - Processing file /opt/airflow/dags/2nd_dag.py for tasks to queue
[2024-06-12T03:17:59.304+0000] {logging_mixin.py:188} INFO - [2024-06-12T03:17:59.304+0000] {dagbag.py:545} INFO - Filling up the DagBag from /opt/airflow/dags/2nd_dag.py
[2024-06-12T03:17:59.572+0000] {processor.py:840} INFO - DAG(s) 'data_processing_dag' retrieved from /opt/airflow/dags/2nd_dag.py
[2024-06-12T03:17:59.591+0000] {logging_mixin.py:188} INFO - [2024-06-12T03:17:59.591+0000] {dag.py:3096} INFO - Sync 1 DAGs
[2024-06-12T03:17:59.601+0000] {logging_mixin.py:188} INFO - [2024-06-12T03:17:59.601+0000] {dag.py:3954} INFO - Setting next_dagrun for data_processing_dag to None, run_after=None
[2024-06-12T03:17:59.620+0000] {processor.py:183} INFO - Processing /opt/airflow/dags/2nd_dag.py took 0.322 seconds
[2024-06-12T03:18:30.551+0000] {processor.py:161} INFO - Started process (PID=1377) to work on /opt/airflow/dags/2nd_dag.py
[2024-06-12T03:18:30.552+0000] {processor.py:830} INFO - Processing file /opt/airflow/dags/2nd_dag.py for tasks to queue
[2024-06-12T03:18:30.553+0000] {logging_mixin.py:188} INFO - [2024-06-12T03:18:30.553+0000] {dagbag.py:545} INFO - Filling up the DagBag from /opt/airflow/dags/2nd_dag.py
[2024-06-12T03:18:30.797+0000] {processor.py:840} INFO - DAG(s) 'data_processing_dag' retrieved from /opt/airflow/dags/2nd_dag.py
[2024-06-12T03:18:30.816+0000] {logging_mixin.py:188} INFO - [2024-06-12T03:18:30.816+0000] {dag.py:3096} INFO - Sync 1 DAGs
[2024-06-12T03:18:30.826+0000] {logging_mixin.py:188} INFO - [2024-06-12T03:18:30.826+0000] {dag.py:3954} INFO - Setting next_dagrun for data_processing_dag to None, run_after=None
[2024-06-12T03:18:30.933+0000] {processor.py:183} INFO - Processing /opt/airflow/dags/2nd_dag.py took 0.386 seconds
[2024-06-12T03:19:01.861+0000] {processor.py:161} INFO - Started process (PID=1394) to work on /opt/airflow/dags/2nd_dag.py
[2024-06-12T03:19:01.862+0000] {processor.py:830} INFO - Processing file /opt/airflow/dags/2nd_dag.py for tasks to queue
[2024-06-12T03:19:01.864+0000] {logging_mixin.py:188} INFO - [2024-06-12T03:19:01.864+0000] {dagbag.py:545} INFO - Filling up the DagBag from /opt/airflow/dags/2nd_dag.py
[2024-06-12T03:19:02.105+0000] {processor.py:840} INFO - DAG(s) 'data_processing_dag' retrieved from /opt/airflow/dags/2nd_dag.py
[2024-06-12T03:19:02.123+0000] {logging_mixin.py:188} INFO - [2024-06-12T03:19:02.122+0000] {dag.py:3096} INFO - Sync 1 DAGs
[2024-06-12T03:19:02.219+0000] {logging_mixin.py:188} INFO - [2024-06-12T03:19:02.219+0000] {dag.py:3954} INFO - Setting next_dagrun for data_processing_dag to None, run_after=None
[2024-06-12T03:19:02.231+0000] {processor.py:183} INFO - Processing /opt/airflow/dags/2nd_dag.py took 0.375 seconds
[2024-06-12T03:19:33.116+0000] {processor.py:161} INFO - Started process (PID=1411) to work on /opt/airflow/dags/2nd_dag.py
[2024-06-12T03:19:33.117+0000] {processor.py:830} INFO - Processing file /opt/airflow/dags/2nd_dag.py for tasks to queue
[2024-06-12T03:19:33.118+0000] {logging_mixin.py:188} INFO - [2024-06-12T03:19:33.118+0000] {dagbag.py:545} INFO - Filling up the DagBag from /opt/airflow/dags/2nd_dag.py
[2024-06-12T03:19:33.372+0000] {processor.py:840} INFO - DAG(s) 'data_processing_dag' retrieved from /opt/airflow/dags/2nd_dag.py
[2024-06-12T03:19:33.391+0000] {logging_mixin.py:188} INFO - [2024-06-12T03:19:33.390+0000] {dag.py:3096} INFO - Sync 1 DAGs
[2024-06-12T03:19:33.400+0000] {logging_mixin.py:188} INFO - [2024-06-12T03:19:33.400+0000] {dag.py:3954} INFO - Setting next_dagrun for data_processing_dag to None, run_after=None
[2024-06-12T03:19:33.422+0000] {processor.py:183} INFO - Processing /opt/airflow/dags/2nd_dag.py took 0.310 seconds
[2024-06-12T03:20:03.514+0000] {processor.py:161} INFO - Started process (PID=1428) to work on /opt/airflow/dags/2nd_dag.py
[2024-06-12T03:20:03.515+0000] {processor.py:830} INFO - Processing file /opt/airflow/dags/2nd_dag.py for tasks to queue
[2024-06-12T03:20:03.516+0000] {logging_mixin.py:188} INFO - [2024-06-12T03:20:03.516+0000] {dagbag.py:545} INFO - Filling up the DagBag from /opt/airflow/dags/2nd_dag.py
[2024-06-12T03:20:03.775+0000] {processor.py:840} INFO - DAG(s) 'data_processing_dag' retrieved from /opt/airflow/dags/2nd_dag.py
[2024-06-12T03:20:03.794+0000] {logging_mixin.py:188} INFO - [2024-06-12T03:20:03.794+0000] {dag.py:3096} INFO - Sync 1 DAGs
[2024-06-12T03:20:03.804+0000] {logging_mixin.py:188} INFO - [2024-06-12T03:20:03.803+0000] {dag.py:3954} INFO - Setting next_dagrun for data_processing_dag to None, run_after=None
[2024-06-12T03:20:03.818+0000] {processor.py:183} INFO - Processing /opt/airflow/dags/2nd_dag.py took 0.308 seconds
[2024-06-12T03:20:34.680+0000] {processor.py:161} INFO - Started process (PID=1445) to work on /opt/airflow/dags/2nd_dag.py
[2024-06-12T03:20:34.680+0000] {processor.py:830} INFO - Processing file /opt/airflow/dags/2nd_dag.py for tasks to queue
[2024-06-12T03:20:34.681+0000] {logging_mixin.py:188} INFO - [2024-06-12T03:20:34.681+0000] {dagbag.py:545} INFO - Filling up the DagBag from /opt/airflow/dags/2nd_dag.py
[2024-06-12T03:20:34.930+0000] {processor.py:840} INFO - DAG(s) 'data_processing_dag' retrieved from /opt/airflow/dags/2nd_dag.py
[2024-06-12T03:20:34.947+0000] {logging_mixin.py:188} INFO - [2024-06-12T03:20:34.947+0000] {dag.py:3096} INFO - Sync 1 DAGs
[2024-06-12T03:20:34.956+0000] {logging_mixin.py:188} INFO - [2024-06-12T03:20:34.956+0000] {dag.py:3954} INFO - Setting next_dagrun for data_processing_dag to None, run_after=None
[2024-06-12T03:20:34.969+0000] {processor.py:183} INFO - Processing /opt/airflow/dags/2nd_dag.py took 0.294 seconds
[2024-06-12T03:21:05.012+0000] {processor.py:161} INFO - Started process (PID=1462) to work on /opt/airflow/dags/2nd_dag.py
[2024-06-12T03:21:05.013+0000] {processor.py:830} INFO - Processing file /opt/airflow/dags/2nd_dag.py for tasks to queue
[2024-06-12T03:21:05.014+0000] {logging_mixin.py:188} INFO - [2024-06-12T03:21:05.014+0000] {dagbag.py:545} INFO - Filling up the DagBag from /opt/airflow/dags/2nd_dag.py
[2024-06-12T03:21:05.282+0000] {processor.py:840} INFO - DAG(s) 'data_processing_dag' retrieved from /opt/airflow/dags/2nd_dag.py
[2024-06-12T03:21:05.310+0000] {logging_mixin.py:188} INFO - [2024-06-12T03:21:05.309+0000] {dag.py:3096} INFO - Sync 1 DAGs
[2024-06-12T03:21:05.322+0000] {logging_mixin.py:188} INFO - [2024-06-12T03:21:05.322+0000] {dag.py:3954} INFO - Setting next_dagrun for data_processing_dag to None, run_after=None
[2024-06-12T03:21:05.463+0000] {processor.py:183} INFO - Processing /opt/airflow/dags/2nd_dag.py took 0.455 seconds
[2024-06-12T03:21:36.176+0000] {processor.py:161} INFO - Started process (PID=1479) to work on /opt/airflow/dags/2nd_dag.py
[2024-06-12T03:21:36.177+0000] {processor.py:830} INFO - Processing file /opt/airflow/dags/2nd_dag.py for tasks to queue
[2024-06-12T03:21:36.178+0000] {logging_mixin.py:188} INFO - [2024-06-12T03:21:36.178+0000] {dagbag.py:545} INFO - Filling up the DagBag from /opt/airflow/dags/2nd_dag.py
[2024-06-12T03:21:36.434+0000] {processor.py:840} INFO - DAG(s) 'data_processing_dag' retrieved from /opt/airflow/dags/2nd_dag.py
[2024-06-12T03:21:36.454+0000] {logging_mixin.py:188} INFO - [2024-06-12T03:21:36.454+0000] {dag.py:3096} INFO - Sync 1 DAGs
[2024-06-12T03:21:36.568+0000] {logging_mixin.py:188} INFO - [2024-06-12T03:21:36.567+0000] {dag.py:3954} INFO - Setting next_dagrun for data_processing_dag to None, run_after=None
[2024-06-12T03:21:36.583+0000] {processor.py:183} INFO - Processing /opt/airflow/dags/2nd_dag.py took 0.411 seconds
[2024-06-12T03:22:07.416+0000] {processor.py:161} INFO - Started process (PID=1496) to work on /opt/airflow/dags/2nd_dag.py
[2024-06-12T03:22:07.417+0000] {processor.py:830} INFO - Processing file /opt/airflow/dags/2nd_dag.py for tasks to queue
[2024-06-12T03:22:07.418+0000] {logging_mixin.py:188} INFO - [2024-06-12T03:22:07.417+0000] {dagbag.py:545} INFO - Filling up the DagBag from /opt/airflow/dags/2nd_dag.py
[2024-06-12T03:22:07.653+0000] {processor.py:840} INFO - DAG(s) 'data_processing_dag' retrieved from /opt/airflow/dags/2nd_dag.py
[2024-06-12T03:22:07.761+0000] {logging_mixin.py:188} INFO - [2024-06-12T03:22:07.761+0000] {dag.py:3096} INFO - Sync 1 DAGs
[2024-06-12T03:22:07.769+0000] {logging_mixin.py:188} INFO - [2024-06-12T03:22:07.769+0000] {dag.py:3954} INFO - Setting next_dagrun for data_processing_dag to None, run_after=None
[2024-06-12T03:22:07.791+0000] {processor.py:183} INFO - Processing /opt/airflow/dags/2nd_dag.py took 0.379 seconds
[2024-06-12T03:22:38.655+0000] {processor.py:161} INFO - Started process (PID=1513) to work on /opt/airflow/dags/2nd_dag.py
[2024-06-12T03:22:38.656+0000] {processor.py:830} INFO - Processing file /opt/airflow/dags/2nd_dag.py for tasks to queue
[2024-06-12T03:22:38.657+0000] {logging_mixin.py:188} INFO - [2024-06-12T03:22:38.657+0000] {dagbag.py:545} INFO - Filling up the DagBag from /opt/airflow/dags/2nd_dag.py
[2024-06-12T03:22:38.892+0000] {processor.py:840} INFO - DAG(s) 'data_processing_dag' retrieved from /opt/airflow/dags/2nd_dag.py
[2024-06-12T03:22:38.910+0000] {logging_mixin.py:188} INFO - [2024-06-12T03:22:38.910+0000] {dag.py:3096} INFO - Sync 1 DAGs
[2024-06-12T03:22:38.918+0000] {logging_mixin.py:188} INFO - [2024-06-12T03:22:38.918+0000] {dag.py:3954} INFO - Setting next_dagrun for data_processing_dag to None, run_after=None
[2024-06-12T03:22:38.932+0000] {processor.py:183} INFO - Processing /opt/airflow/dags/2nd_dag.py took 0.281 seconds
[2024-06-12T03:23:08.968+0000] {processor.py:161} INFO - Started process (PID=1530) to work on /opt/airflow/dags/2nd_dag.py
[2024-06-12T03:23:08.969+0000] {processor.py:830} INFO - Processing file /opt/airflow/dags/2nd_dag.py for tasks to queue
[2024-06-12T03:23:08.970+0000] {logging_mixin.py:188} INFO - [2024-06-12T03:23:08.969+0000] {dagbag.py:545} INFO - Filling up the DagBag from /opt/airflow/dags/2nd_dag.py
[2024-06-12T03:23:09.204+0000] {processor.py:840} INFO - DAG(s) 'data_processing_dag' retrieved from /opt/airflow/dags/2nd_dag.py
[2024-06-12T03:23:09.222+0000] {logging_mixin.py:188} INFO - [2024-06-12T03:23:09.222+0000] {dag.py:3096} INFO - Sync 1 DAGs
[2024-06-12T03:23:09.231+0000] {logging_mixin.py:188} INFO - [2024-06-12T03:23:09.230+0000] {dag.py:3954} INFO - Setting next_dagrun for data_processing_dag to None, run_after=None
[2024-06-12T03:23:09.253+0000] {processor.py:183} INFO - Processing /opt/airflow/dags/2nd_dag.py took 0.289 seconds
[2024-06-12T03:23:40.163+0000] {processor.py:161} INFO - Started process (PID=1547) to work on /opt/airflow/dags/2nd_dag.py
[2024-06-12T03:23:40.164+0000] {processor.py:830} INFO - Processing file /opt/airflow/dags/2nd_dag.py for tasks to queue
[2024-06-12T03:23:40.165+0000] {logging_mixin.py:188} INFO - [2024-06-12T03:23:40.165+0000] {dagbag.py:545} INFO - Filling up the DagBag from /opt/airflow/dags/2nd_dag.py
[2024-06-12T03:23:40.414+0000] {processor.py:840} INFO - DAG(s) 'data_processing_dag' retrieved from /opt/airflow/dags/2nd_dag.py
[2024-06-12T03:23:40.432+0000] {logging_mixin.py:188} INFO - [2024-06-12T03:23:40.432+0000] {dag.py:3096} INFO - Sync 1 DAGs
[2024-06-12T03:23:40.441+0000] {logging_mixin.py:188} INFO - [2024-06-12T03:23:40.441+0000] {dag.py:3954} INFO - Setting next_dagrun for data_processing_dag to None, run_after=None
[2024-06-12T03:23:40.463+0000] {processor.py:183} INFO - Processing /opt/airflow/dags/2nd_dag.py took 0.304 seconds
[2024-06-12T03:24:11.355+0000] {processor.py:161} INFO - Started process (PID=1564) to work on /opt/airflow/dags/2nd_dag.py
[2024-06-12T03:24:11.356+0000] {processor.py:830} INFO - Processing file /opt/airflow/dags/2nd_dag.py for tasks to queue
[2024-06-12T03:24:11.357+0000] {logging_mixin.py:188} INFO - [2024-06-12T03:24:11.357+0000] {dagbag.py:545} INFO - Filling up the DagBag from /opt/airflow/dags/2nd_dag.py
[2024-06-12T03:24:11.604+0000] {processor.py:840} INFO - DAG(s) 'data_processing_dag' retrieved from /opt/airflow/dags/2nd_dag.py
[2024-06-12T03:24:11.621+0000] {logging_mixin.py:188} INFO - [2024-06-12T03:24:11.621+0000] {dag.py:3096} INFO - Sync 1 DAGs
[2024-06-12T03:24:11.631+0000] {logging_mixin.py:188} INFO - [2024-06-12T03:24:11.631+0000] {dag.py:3954} INFO - Setting next_dagrun for data_processing_dag to None, run_after=None
[2024-06-12T03:24:11.733+0000] {processor.py:183} INFO - Processing /opt/airflow/dags/2nd_dag.py took 0.382 seconds
[2024-06-12T03:24:42.583+0000] {processor.py:161} INFO - Started process (PID=1581) to work on /opt/airflow/dags/2nd_dag.py
[2024-06-12T03:24:42.584+0000] {processor.py:830} INFO - Processing file /opt/airflow/dags/2nd_dag.py for tasks to queue
[2024-06-12T03:24:42.585+0000] {logging_mixin.py:188} INFO - [2024-06-12T03:24:42.585+0000] {dagbag.py:545} INFO - Filling up the DagBag from /opt/airflow/dags/2nd_dag.py
[2024-06-12T03:24:42.831+0000] {processor.py:840} INFO - DAG(s) 'data_processing_dag' retrieved from /opt/airflow/dags/2nd_dag.py
[2024-06-12T03:24:42.849+0000] {logging_mixin.py:188} INFO - [2024-06-12T03:24:42.849+0000] {dag.py:3096} INFO - Sync 1 DAGs
[2024-06-12T03:24:42.949+0000] {logging_mixin.py:188} INFO - [2024-06-12T03:24:42.949+0000] {dag.py:3954} INFO - Setting next_dagrun for data_processing_dag to None, run_after=None
[2024-06-12T03:24:42.963+0000] {processor.py:183} INFO - Processing /opt/airflow/dags/2nd_dag.py took 0.384 seconds
[2024-06-12T03:25:13.826+0000] {processor.py:161} INFO - Started process (PID=1598) to work on /opt/airflow/dags/2nd_dag.py
[2024-06-12T03:25:13.827+0000] {processor.py:830} INFO - Processing file /opt/airflow/dags/2nd_dag.py for tasks to queue
[2024-06-12T03:25:13.828+0000] {logging_mixin.py:188} INFO - [2024-06-12T03:25:13.828+0000] {dagbag.py:545} INFO - Filling up the DagBag from /opt/airflow/dags/2nd_dag.py
[2024-06-12T03:25:14.071+0000] {processor.py:840} INFO - DAG(s) 'data_processing_dag' retrieved from /opt/airflow/dags/2nd_dag.py
[2024-06-12T03:25:14.188+0000] {logging_mixin.py:188} INFO - [2024-06-12T03:25:14.188+0000] {dag.py:3096} INFO - Sync 1 DAGs
[2024-06-12T03:25:14.196+0000] {logging_mixin.py:188} INFO - [2024-06-12T03:25:14.196+0000] {dag.py:3954} INFO - Setting next_dagrun for data_processing_dag to None, run_after=None
[2024-06-12T03:25:14.210+0000] {processor.py:183} INFO - Processing /opt/airflow/dags/2nd_dag.py took 0.387 seconds
[2024-06-12T03:25:45.059+0000] {processor.py:161} INFO - Started process (PID=1615) to work on /opt/airflow/dags/2nd_dag.py
[2024-06-12T03:25:45.060+0000] {processor.py:830} INFO - Processing file /opt/airflow/dags/2nd_dag.py for tasks to queue
[2024-06-12T03:25:45.061+0000] {logging_mixin.py:188} INFO - [2024-06-12T03:25:45.061+0000] {dagbag.py:545} INFO - Filling up the DagBag from /opt/airflow/dags/2nd_dag.py
[2024-06-12T03:25:45.331+0000] {processor.py:840} INFO - DAG(s) 'data_processing_dag' retrieved from /opt/airflow/dags/2nd_dag.py
[2024-06-12T03:25:45.352+0000] {logging_mixin.py:188} INFO - [2024-06-12T03:25:45.352+0000] {dag.py:3096} INFO - Sync 1 DAGs
[2024-06-12T03:25:45.363+0000] {logging_mixin.py:188} INFO - [2024-06-12T03:25:45.363+0000] {dag.py:3954} INFO - Setting next_dagrun for data_processing_dag to None, run_after=None
[2024-06-12T03:25:45.383+0000] {processor.py:183} INFO - Processing /opt/airflow/dags/2nd_dag.py took 0.328 seconds
[2024-06-12T03:26:16.300+0000] {processor.py:161} INFO - Started process (PID=1632) to work on /opt/airflow/dags/2nd_dag.py
[2024-06-12T03:26:16.301+0000] {processor.py:830} INFO - Processing file /opt/airflow/dags/2nd_dag.py for tasks to queue
[2024-06-12T03:26:16.302+0000] {logging_mixin.py:188} INFO - [2024-06-12T03:26:16.302+0000] {dagbag.py:545} INFO - Filling up the DagBag from /opt/airflow/dags/2nd_dag.py
[2024-06-12T03:26:16.561+0000] {processor.py:840} INFO - DAG(s) 'data_processing_dag' retrieved from /opt/airflow/dags/2nd_dag.py
[2024-06-12T03:26:16.581+0000] {logging_mixin.py:188} INFO - [2024-06-12T03:26:16.581+0000] {dag.py:3096} INFO - Sync 1 DAGs
[2024-06-12T03:26:16.590+0000] {logging_mixin.py:188} INFO - [2024-06-12T03:26:16.590+0000] {dag.py:3954} INFO - Setting next_dagrun for data_processing_dag to None, run_after=None
[2024-06-12T03:26:16.615+0000] {processor.py:183} INFO - Processing /opt/airflow/dags/2nd_dag.py took 0.319 seconds
[2024-06-12T03:26:47.555+0000] {processor.py:161} INFO - Started process (PID=1649) to work on /opt/airflow/dags/2nd_dag.py
[2024-06-12T03:26:47.556+0000] {processor.py:830} INFO - Processing file /opt/airflow/dags/2nd_dag.py for tasks to queue
[2024-06-12T03:26:47.558+0000] {logging_mixin.py:188} INFO - [2024-06-12T03:26:47.557+0000] {dagbag.py:545} INFO - Filling up the DagBag from /opt/airflow/dags/2nd_dag.py
[2024-06-12T03:26:47.831+0000] {processor.py:840} INFO - DAG(s) 'data_processing_dag' retrieved from /opt/airflow/dags/2nd_dag.py
[2024-06-12T03:26:47.850+0000] {logging_mixin.py:188} INFO - [2024-06-12T03:26:47.850+0000] {dag.py:3096} INFO - Sync 1 DAGs
[2024-06-12T03:26:47.859+0000] {logging_mixin.py:188} INFO - [2024-06-12T03:26:47.859+0000] {dag.py:3954} INFO - Setting next_dagrun for data_processing_dag to None, run_after=None
[2024-06-12T03:26:47.875+0000] {processor.py:183} INFO - Processing /opt/airflow/dags/2nd_dag.py took 0.324 seconds
[2024-06-12T03:27:18.803+0000] {processor.py:161} INFO - Started process (PID=1666) to work on /opt/airflow/dags/2nd_dag.py
[2024-06-12T03:27:18.804+0000] {processor.py:830} INFO - Processing file /opt/airflow/dags/2nd_dag.py for tasks to queue
[2024-06-12T03:27:18.805+0000] {logging_mixin.py:188} INFO - [2024-06-12T03:27:18.805+0000] {dagbag.py:545} INFO - Filling up the DagBag from /opt/airflow/dags/2nd_dag.py
[2024-06-12T03:27:19.052+0000] {processor.py:840} INFO - DAG(s) 'data_processing_dag' retrieved from /opt/airflow/dags/2nd_dag.py
[2024-06-12T03:27:19.070+0000] {logging_mixin.py:188} INFO - [2024-06-12T03:27:19.070+0000] {dag.py:3096} INFO - Sync 1 DAGs
[2024-06-12T03:27:19.080+0000] {logging_mixin.py:188} INFO - [2024-06-12T03:27:19.080+0000] {dag.py:3954} INFO - Setting next_dagrun for data_processing_dag to None, run_after=None
[2024-06-12T03:27:19.184+0000] {processor.py:183} INFO - Processing /opt/airflow/dags/2nd_dag.py took 0.386 seconds
[2024-06-12T03:27:50.026+0000] {processor.py:161} INFO - Started process (PID=1683) to work on /opt/airflow/dags/2nd_dag.py
[2024-06-12T03:27:50.027+0000] {processor.py:830} INFO - Processing file /opt/airflow/dags/2nd_dag.py for tasks to queue
[2024-06-12T03:27:50.028+0000] {logging_mixin.py:188} INFO - [2024-06-12T03:27:50.028+0000] {dagbag.py:545} INFO - Filling up the DagBag from /opt/airflow/dags/2nd_dag.py
[2024-06-12T03:27:50.308+0000] {processor.py:840} INFO - DAG(s) 'data_processing_dag' retrieved from /opt/airflow/dags/2nd_dag.py
[2024-06-12T03:27:50.419+0000] {logging_mixin.py:188} INFO - [2024-06-12T03:27:50.418+0000] {dag.py:3096} INFO - Sync 1 DAGs
[2024-06-12T03:27:50.427+0000] {logging_mixin.py:188} INFO - [2024-06-12T03:27:50.427+0000] {dag.py:3954} INFO - Setting next_dagrun for data_processing_dag to None, run_after=None
[2024-06-12T03:27:50.439+0000] {processor.py:183} INFO - Processing /opt/airflow/dags/2nd_dag.py took 0.417 seconds
[2024-06-12T03:28:21.299+0000] {processor.py:161} INFO - Started process (PID=1700) to work on /opt/airflow/dags/2nd_dag.py
[2024-06-12T03:28:21.300+0000] {processor.py:830} INFO - Processing file /opt/airflow/dags/2nd_dag.py for tasks to queue
[2024-06-12T03:28:21.301+0000] {logging_mixin.py:188} INFO - [2024-06-12T03:28:21.301+0000] {dagbag.py:545} INFO - Filling up the DagBag from /opt/airflow/dags/2nd_dag.py
[2024-06-12T03:28:21.561+0000] {processor.py:840} INFO - DAG(s) 'data_processing_dag' retrieved from /opt/airflow/dags/2nd_dag.py
[2024-06-12T03:28:21.716+0000] {logging_mixin.py:188} INFO - [2024-06-12T03:28:21.715+0000] {dag.py:3096} INFO - Sync 1 DAGs
[2024-06-12T03:28:21.724+0000] {logging_mixin.py:188} INFO - [2024-06-12T03:28:21.724+0000] {dag.py:3954} INFO - Setting next_dagrun for data_processing_dag to None, run_after=None
[2024-06-12T03:28:21.740+0000] {processor.py:183} INFO - Processing /opt/airflow/dags/2nd_dag.py took 0.446 seconds
[2024-06-12T03:28:52.614+0000] {processor.py:161} INFO - Started process (PID=1717) to work on /opt/airflow/dags/2nd_dag.py
[2024-06-12T03:28:52.615+0000] {processor.py:830} INFO - Processing file /opt/airflow/dags/2nd_dag.py for tasks to queue
[2024-06-12T03:28:52.616+0000] {logging_mixin.py:188} INFO - [2024-06-12T03:28:52.615+0000] {dagbag.py:545} INFO - Filling up the DagBag from /opt/airflow/dags/2nd_dag.py
[2024-06-12T03:28:52.870+0000] {processor.py:840} INFO - DAG(s) 'data_processing_dag' retrieved from /opt/airflow/dags/2nd_dag.py
[2024-06-12T03:28:52.889+0000] {logging_mixin.py:188} INFO - [2024-06-12T03:28:52.889+0000] {dag.py:3096} INFO - Sync 1 DAGs
[2024-06-12T03:28:52.899+0000] {logging_mixin.py:188} INFO - [2024-06-12T03:28:52.898+0000] {dag.py:3954} INFO - Setting next_dagrun for data_processing_dag to None, run_after=None
[2024-06-12T03:28:52.917+0000] {processor.py:183} INFO - Processing /opt/airflow/dags/2nd_dag.py took 0.307 seconds
[2024-06-12T03:29:23.827+0000] {processor.py:161} INFO - Started process (PID=1734) to work on /opt/airflow/dags/2nd_dag.py
[2024-06-12T03:29:23.827+0000] {processor.py:830} INFO - Processing file /opt/airflow/dags/2nd_dag.py for tasks to queue
[2024-06-12T03:29:23.829+0000] {logging_mixin.py:188} INFO - [2024-06-12T03:29:23.829+0000] {dagbag.py:545} INFO - Filling up the DagBag from /opt/airflow/dags/2nd_dag.py
[2024-06-12T03:29:24.093+0000] {processor.py:840} INFO - DAG(s) 'data_processing_dag' retrieved from /opt/airflow/dags/2nd_dag.py
[2024-06-12T03:29:24.112+0000] {logging_mixin.py:188} INFO - [2024-06-12T03:29:24.112+0000] {dag.py:3096} INFO - Sync 1 DAGs
[2024-06-12T03:29:24.122+0000] {logging_mixin.py:188} INFO - [2024-06-12T03:29:24.121+0000] {dag.py:3954} INFO - Setting next_dagrun for data_processing_dag to None, run_after=None
[2024-06-12T03:29:24.136+0000] {processor.py:183} INFO - Processing /opt/airflow/dags/2nd_dag.py took 0.315 seconds
[2024-06-12T03:29:55.066+0000] {processor.py:161} INFO - Started process (PID=1751) to work on /opt/airflow/dags/2nd_dag.py
[2024-06-12T03:29:55.067+0000] {processor.py:830} INFO - Processing file /opt/airflow/dags/2nd_dag.py for tasks to queue
[2024-06-12T03:29:55.068+0000] {logging_mixin.py:188} INFO - [2024-06-12T03:29:55.068+0000] {dagbag.py:545} INFO - Filling up the DagBag from /opt/airflow/dags/2nd_dag.py
[2024-06-12T03:29:55.319+0000] {processor.py:840} INFO - DAG(s) 'data_processing_dag' retrieved from /opt/airflow/dags/2nd_dag.py
[2024-06-12T03:29:55.337+0000] {logging_mixin.py:188} INFO - [2024-06-12T03:29:55.337+0000] {dag.py:3096} INFO - Sync 1 DAGs
[2024-06-12T03:29:55.347+0000] {logging_mixin.py:188} INFO - [2024-06-12T03:29:55.347+0000] {dag.py:3954} INFO - Setting next_dagrun for data_processing_dag to None, run_after=None
[2024-06-12T03:29:55.454+0000] {processor.py:183} INFO - Processing /opt/airflow/dags/2nd_dag.py took 0.392 seconds
[2024-06-12T03:30:26.328+0000] {processor.py:161} INFO - Started process (PID=1768) to work on /opt/airflow/dags/2nd_dag.py
[2024-06-12T03:30:26.329+0000] {processor.py:830} INFO - Processing file /opt/airflow/dags/2nd_dag.py for tasks to queue
[2024-06-12T03:30:26.331+0000] {logging_mixin.py:188} INFO - [2024-06-12T03:30:26.330+0000] {dagbag.py:545} INFO - Filling up the DagBag from /opt/airflow/dags/2nd_dag.py
[2024-06-12T03:30:26.581+0000] {processor.py:840} INFO - DAG(s) 'data_processing_dag' retrieved from /opt/airflow/dags/2nd_dag.py
[2024-06-12T03:30:26.599+0000] {logging_mixin.py:188} INFO - [2024-06-12T03:30:26.599+0000] {dag.py:3096} INFO - Sync 1 DAGs
[2024-06-12T03:30:26.701+0000] {logging_mixin.py:188} INFO - [2024-06-12T03:30:26.700+0000] {dag.py:3954} INFO - Setting next_dagrun for data_processing_dag to None, run_after=None
[2024-06-12T03:30:26.713+0000] {processor.py:183} INFO - Processing /opt/airflow/dags/2nd_dag.py took 0.389 seconds
[2024-06-12T03:30:57.573+0000] {processor.py:161} INFO - Started process (PID=1785) to work on /opt/airflow/dags/2nd_dag.py
[2024-06-12T03:30:57.574+0000] {processor.py:830} INFO - Processing file /opt/airflow/dags/2nd_dag.py for tasks to queue
[2024-06-12T03:30:57.575+0000] {logging_mixin.py:188} INFO - [2024-06-12T03:30:57.575+0000] {dagbag.py:545} INFO - Filling up the DagBag from /opt/airflow/dags/2nd_dag.py
[2024-06-12T03:30:57.818+0000] {processor.py:840} INFO - DAG(s) 'data_processing_dag' retrieved from /opt/airflow/dags/2nd_dag.py
[2024-06-12T03:30:57.927+0000] {logging_mixin.py:188} INFO - [2024-06-12T03:30:57.926+0000] {dag.py:3096} INFO - Sync 1 DAGs
[2024-06-12T03:30:57.935+0000] {logging_mixin.py:188} INFO - [2024-06-12T03:30:57.935+0000] {dag.py:3954} INFO - Setting next_dagrun for data_processing_dag to None, run_after=None
[2024-06-12T03:30:57.951+0000] {processor.py:183} INFO - Processing /opt/airflow/dags/2nd_dag.py took 0.382 seconds
[2024-06-12T03:31:28.821+0000] {processor.py:161} INFO - Started process (PID=1808) to work on /opt/airflow/dags/2nd_dag.py
[2024-06-12T03:31:28.822+0000] {processor.py:830} INFO - Processing file /opt/airflow/dags/2nd_dag.py for tasks to queue
[2024-06-12T03:31:28.823+0000] {logging_mixin.py:188} INFO - [2024-06-12T03:31:28.823+0000] {dagbag.py:545} INFO - Filling up the DagBag from /opt/airflow/dags/2nd_dag.py
[2024-06-12T03:31:29.079+0000] {processor.py:840} INFO - DAG(s) 'data_processing_dag' retrieved from /opt/airflow/dags/2nd_dag.py
[2024-06-12T03:31:29.214+0000] {logging_mixin.py:188} INFO - [2024-06-12T03:31:29.213+0000] {dag.py:3096} INFO - Sync 1 DAGs
[2024-06-12T03:31:29.222+0000] {logging_mixin.py:188} INFO - [2024-06-12T03:31:29.222+0000] {dag.py:3954} INFO - Setting next_dagrun for data_processing_dag to None, run_after=None
[2024-06-12T03:31:29.236+0000] {processor.py:183} INFO - Processing /opt/airflow/dags/2nd_dag.py took 0.418 seconds
[2024-06-12T03:32:00.088+0000] {processor.py:161} INFO - Started process (PID=1830) to work on /opt/airflow/dags/2nd_dag.py
[2024-06-12T03:32:00.089+0000] {processor.py:830} INFO - Processing file /opt/airflow/dags/2nd_dag.py for tasks to queue
[2024-06-12T03:32:00.090+0000] {logging_mixin.py:188} INFO - [2024-06-12T03:32:00.090+0000] {dagbag.py:545} INFO - Filling up the DagBag from /opt/airflow/dags/2nd_dag.py
[2024-06-12T03:32:00.339+0000] {processor.py:840} INFO - DAG(s) 'data_processing_dag' retrieved from /opt/airflow/dags/2nd_dag.py
[2024-06-12T03:32:00.358+0000] {logging_mixin.py:188} INFO - [2024-06-12T03:32:00.358+0000] {dag.py:3096} INFO - Sync 1 DAGs
[2024-06-12T03:32:00.367+0000] {logging_mixin.py:188} INFO - [2024-06-12T03:32:00.366+0000] {dag.py:3954} INFO - Setting next_dagrun for data_processing_dag to None, run_after=None
[2024-06-12T03:32:00.391+0000] {processor.py:183} INFO - Processing /opt/airflow/dags/2nd_dag.py took 0.307 seconds
