[2024-06-12T02:43:36.256+0000] {processor.py:161} INFO - Started process (PID=172) to work on /opt/airflow/dags/first_dag.py
[2024-06-12T02:43:36.256+0000] {processor.py:830} INFO - Processing file /opt/airflow/dags/first_dag.py for tasks to queue
[2024-06-12T02:43:36.258+0000] {logging_mixin.py:188} INFO - [2024-06-12T02:43:36.258+0000] {dagbag.py:545} INFO - Filling up the DagBag from /opt/airflow/dags/first_dag.py
[2024-06-12T02:43:36.283+0000] {processor.py:840} INFO - DAG(s) 'first_dag' retrieved from /opt/airflow/dags/first_dag.py
[2024-06-12T02:43:36.325+0000] {logging_mixin.py:188} INFO - [2024-06-12T02:43:36.325+0000] {dag.py:3096} INFO - Sync 1 DAGs
[2024-06-12T02:43:36.347+0000] {logging_mixin.py:188} INFO - [2024-06-12T02:43:36.347+0000] {dag.py:3954} INFO - Setting next_dagrun for first_dag to 2024-06-12 00:00:00+00:00, run_after=2024-06-13 00:00:00+00:00
[2024-06-12T02:43:36.367+0000] {processor.py:183} INFO - Processing /opt/airflow/dags/first_dag.py took 0.116 seconds
[2024-06-12T02:44:06.545+0000] {processor.py:161} INFO - Started process (PID=189) to work on /opt/airflow/dags/first_dag.py
[2024-06-12T02:44:06.545+0000] {processor.py:830} INFO - Processing file /opt/airflow/dags/first_dag.py for tasks to queue
[2024-06-12T02:44:06.547+0000] {logging_mixin.py:188} INFO - [2024-06-12T02:44:06.546+0000] {dagbag.py:545} INFO - Filling up the DagBag from /opt/airflow/dags/first_dag.py
[2024-06-12T02:44:06.563+0000] {processor.py:840} INFO - DAG(s) 'first_dag' retrieved from /opt/airflow/dags/first_dag.py
[2024-06-12T02:44:06.584+0000] {logging_mixin.py:188} INFO - [2024-06-12T02:44:06.584+0000] {dag.py:3096} INFO - Sync 1 DAGs
[2024-06-12T02:44:06.603+0000] {logging_mixin.py:188} INFO - [2024-06-12T02:44:06.603+0000] {dag.py:3954} INFO - Setting next_dagrun for first_dag to 2024-06-12 00:00:00+00:00, run_after=2024-06-13 00:00:00+00:00
[2024-06-12T02:44:06.626+0000] {processor.py:183} INFO - Processing /opt/airflow/dags/first_dag.py took 0.085 seconds
[2024-06-12T02:44:36.803+0000] {processor.py:161} INFO - Started process (PID=206) to work on /opt/airflow/dags/first_dag.py
[2024-06-12T02:44:36.803+0000] {processor.py:830} INFO - Processing file /opt/airflow/dags/first_dag.py for tasks to queue
[2024-06-12T02:44:36.804+0000] {logging_mixin.py:188} INFO - [2024-06-12T02:44:36.804+0000] {dagbag.py:545} INFO - Filling up the DagBag from /opt/airflow/dags/first_dag.py
[2024-06-12T02:44:36.822+0000] {processor.py:840} INFO - DAG(s) 'first_dag' retrieved from /opt/airflow/dags/first_dag.py
[2024-06-12T02:44:36.848+0000] {logging_mixin.py:188} INFO - [2024-06-12T02:44:36.847+0000] {dag.py:3096} INFO - Sync 1 DAGs
[2024-06-12T02:44:36.867+0000] {logging_mixin.py:188} INFO - [2024-06-12T02:44:36.867+0000] {dag.py:3954} INFO - Setting next_dagrun for first_dag to 2024-06-12 00:00:00+00:00, run_after=2024-06-13 00:00:00+00:00
[2024-06-12T02:44:36.890+0000] {processor.py:183} INFO - Processing /opt/airflow/dags/first_dag.py took 0.091 seconds
[2024-06-12T02:45:07.074+0000] {processor.py:161} INFO - Started process (PID=223) to work on /opt/airflow/dags/first_dag.py
[2024-06-12T02:45:07.074+0000] {processor.py:830} INFO - Processing file /opt/airflow/dags/first_dag.py for tasks to queue
[2024-06-12T02:45:07.076+0000] {logging_mixin.py:188} INFO - [2024-06-12T02:45:07.075+0000] {dagbag.py:545} INFO - Filling up the DagBag from /opt/airflow/dags/first_dag.py
[2024-06-12T02:45:07.096+0000] {processor.py:840} INFO - DAG(s) 'first_dag' retrieved from /opt/airflow/dags/first_dag.py
[2024-06-12T02:45:07.119+0000] {logging_mixin.py:188} INFO - [2024-06-12T02:45:07.119+0000] {dag.py:3096} INFO - Sync 1 DAGs
[2024-06-12T02:45:07.138+0000] {logging_mixin.py:188} INFO - [2024-06-12T02:45:07.137+0000] {dag.py:3954} INFO - Setting next_dagrun for first_dag to 2024-06-12 00:00:00+00:00, run_after=2024-06-13 00:00:00+00:00
[2024-06-12T02:45:07.153+0000] {processor.py:183} INFO - Processing /opt/airflow/dags/first_dag.py took 0.084 seconds
[2024-06-12T02:45:37.340+0000] {processor.py:161} INFO - Started process (PID=240) to work on /opt/airflow/dags/first_dag.py
[2024-06-12T02:45:37.341+0000] {processor.py:830} INFO - Processing file /opt/airflow/dags/first_dag.py for tasks to queue
[2024-06-12T02:45:37.342+0000] {logging_mixin.py:188} INFO - [2024-06-12T02:45:37.342+0000] {dagbag.py:545} INFO - Filling up the DagBag from /opt/airflow/dags/first_dag.py
[2024-06-12T02:45:37.360+0000] {processor.py:840} INFO - DAG(s) 'first_dag' retrieved from /opt/airflow/dags/first_dag.py
[2024-06-12T02:45:37.383+0000] {logging_mixin.py:188} INFO - [2024-06-12T02:45:37.383+0000] {dag.py:3096} INFO - Sync 1 DAGs
[2024-06-12T02:45:37.401+0000] {logging_mixin.py:188} INFO - [2024-06-12T02:45:37.401+0000] {dag.py:3954} INFO - Setting next_dagrun for first_dag to 2024-06-12 00:00:00+00:00, run_after=2024-06-13 00:00:00+00:00
[2024-06-12T02:45:37.428+0000] {processor.py:183} INFO - Processing /opt/airflow/dags/first_dag.py took 0.092 seconds
[2024-06-12T02:46:07.610+0000] {processor.py:161} INFO - Started process (PID=257) to work on /opt/airflow/dags/first_dag.py
[2024-06-12T02:46:07.611+0000] {processor.py:830} INFO - Processing file /opt/airflow/dags/first_dag.py for tasks to queue
[2024-06-12T02:46:07.612+0000] {logging_mixin.py:188} INFO - [2024-06-12T02:46:07.612+0000] {dagbag.py:545} INFO - Filling up the DagBag from /opt/airflow/dags/first_dag.py
[2024-06-12T02:46:07.631+0000] {processor.py:840} INFO - DAG(s) 'first_dag' retrieved from /opt/airflow/dags/first_dag.py
[2024-06-12T02:46:07.654+0000] {logging_mixin.py:188} INFO - [2024-06-12T02:46:07.654+0000] {dag.py:3096} INFO - Sync 1 DAGs
[2024-06-12T02:46:07.671+0000] {logging_mixin.py:188} INFO - [2024-06-12T02:46:07.671+0000] {dag.py:3954} INFO - Setting next_dagrun for first_dag to 2024-06-12 00:00:00+00:00, run_after=2024-06-13 00:00:00+00:00
[2024-06-12T02:46:07.696+0000] {processor.py:183} INFO - Processing /opt/airflow/dags/first_dag.py took 0.090 seconds
[2024-06-12T02:46:37.871+0000] {processor.py:161} INFO - Started process (PID=274) to work on /opt/airflow/dags/first_dag.py
[2024-06-12T02:46:37.872+0000] {processor.py:830} INFO - Processing file /opt/airflow/dags/first_dag.py for tasks to queue
[2024-06-12T02:46:37.873+0000] {logging_mixin.py:188} INFO - [2024-06-12T02:46:37.873+0000] {dagbag.py:545} INFO - Filling up the DagBag from /opt/airflow/dags/first_dag.py
[2024-06-12T02:46:37.891+0000] {processor.py:840} INFO - DAG(s) 'first_dag' retrieved from /opt/airflow/dags/first_dag.py
[2024-06-12T02:46:37.913+0000] {logging_mixin.py:188} INFO - [2024-06-12T02:46:37.913+0000] {dag.py:3096} INFO - Sync 1 DAGs
[2024-06-12T02:46:37.931+0000] {logging_mixin.py:188} INFO - [2024-06-12T02:46:37.931+0000] {dag.py:3954} INFO - Setting next_dagrun for first_dag to 2024-06-12 00:00:00+00:00, run_after=2024-06-13 00:00:00+00:00
[2024-06-12T02:46:37.944+0000] {processor.py:183} INFO - Processing /opt/airflow/dags/first_dag.py took 0.077 seconds
[2024-06-12T02:47:08.114+0000] {processor.py:161} INFO - Started process (PID=291) to work on /opt/airflow/dags/first_dag.py
[2024-06-12T02:47:08.115+0000] {processor.py:830} INFO - Processing file /opt/airflow/dags/first_dag.py for tasks to queue
[2024-06-12T02:47:08.116+0000] {logging_mixin.py:188} INFO - [2024-06-12T02:47:08.116+0000] {dagbag.py:545} INFO - Filling up the DagBag from /opt/airflow/dags/first_dag.py
[2024-06-12T02:47:08.132+0000] {processor.py:840} INFO - DAG(s) 'first_dag' retrieved from /opt/airflow/dags/first_dag.py
[2024-06-12T02:47:08.155+0000] {logging_mixin.py:188} INFO - [2024-06-12T02:47:08.154+0000] {dag.py:3096} INFO - Sync 1 DAGs
[2024-06-12T02:47:08.173+0000] {logging_mixin.py:188} INFO - [2024-06-12T02:47:08.173+0000] {dag.py:3954} INFO - Setting next_dagrun for first_dag to 2024-06-12 00:00:00+00:00, run_after=2024-06-13 00:00:00+00:00
[2024-06-12T02:47:08.188+0000] {processor.py:183} INFO - Processing /opt/airflow/dags/first_dag.py took 0.078 seconds
[2024-06-12T02:47:38.378+0000] {processor.py:161} INFO - Started process (PID=308) to work on /opt/airflow/dags/first_dag.py
[2024-06-12T02:47:38.379+0000] {processor.py:830} INFO - Processing file /opt/airflow/dags/first_dag.py for tasks to queue
[2024-06-12T02:47:38.380+0000] {logging_mixin.py:188} INFO - [2024-06-12T02:47:38.380+0000] {dagbag.py:545} INFO - Filling up the DagBag from /opt/airflow/dags/first_dag.py
[2024-06-12T02:47:38.400+0000] {processor.py:840} INFO - DAG(s) 'first_dag' retrieved from /opt/airflow/dags/first_dag.py
[2024-06-12T02:47:38.423+0000] {logging_mixin.py:188} INFO - [2024-06-12T02:47:38.423+0000] {dag.py:3096} INFO - Sync 1 DAGs
[2024-06-12T02:47:38.444+0000] {logging_mixin.py:188} INFO - [2024-06-12T02:47:38.444+0000] {dag.py:3954} INFO - Setting next_dagrun for first_dag to 2024-06-12 00:00:00+00:00, run_after=2024-06-13 00:00:00+00:00
[2024-06-12T02:47:38.469+0000] {processor.py:183} INFO - Processing /opt/airflow/dags/first_dag.py took 0.096 seconds
[2024-06-12T02:48:08.633+0000] {processor.py:161} INFO - Started process (PID=325) to work on /opt/airflow/dags/first_dag.py
[2024-06-12T02:48:08.634+0000] {processor.py:830} INFO - Processing file /opt/airflow/dags/first_dag.py for tasks to queue
[2024-06-12T02:48:08.635+0000] {logging_mixin.py:188} INFO - [2024-06-12T02:48:08.635+0000] {dagbag.py:545} INFO - Filling up the DagBag from /opt/airflow/dags/first_dag.py
[2024-06-12T02:48:08.651+0000] {processor.py:840} INFO - DAG(s) 'first_dag' retrieved from /opt/airflow/dags/first_dag.py
[2024-06-12T02:48:08.672+0000] {logging_mixin.py:188} INFO - [2024-06-12T02:48:08.672+0000] {dag.py:3096} INFO - Sync 1 DAGs
[2024-06-12T02:48:08.688+0000] {logging_mixin.py:188} INFO - [2024-06-12T02:48:08.688+0000] {dag.py:3954} INFO - Setting next_dagrun for first_dag to 2024-06-12 00:00:00+00:00, run_after=2024-06-13 00:00:00+00:00
[2024-06-12T02:48:08.711+0000] {processor.py:183} INFO - Processing /opt/airflow/dags/first_dag.py took 0.082 seconds
[2024-06-12T02:48:38.881+0000] {processor.py:161} INFO - Started process (PID=342) to work on /opt/airflow/dags/first_dag.py
[2024-06-12T02:48:38.881+0000] {processor.py:830} INFO - Processing file /opt/airflow/dags/first_dag.py for tasks to queue
[2024-06-12T02:48:38.882+0000] {logging_mixin.py:188} INFO - [2024-06-12T02:48:38.882+0000] {dagbag.py:545} INFO - Filling up the DagBag from /opt/airflow/dags/first_dag.py
[2024-06-12T02:48:38.898+0000] {processor.py:840} INFO - DAG(s) 'first_dag' retrieved from /opt/airflow/dags/first_dag.py
[2024-06-12T02:48:38.919+0000] {logging_mixin.py:188} INFO - [2024-06-12T02:48:38.918+0000] {dag.py:3096} INFO - Sync 1 DAGs
[2024-06-12T02:48:38.935+0000] {logging_mixin.py:188} INFO - [2024-06-12T02:48:38.934+0000] {dag.py:3954} INFO - Setting next_dagrun for first_dag to 2024-06-12 00:00:00+00:00, run_after=2024-06-13 00:00:00+00:00
[2024-06-12T02:48:38.957+0000] {processor.py:183} INFO - Processing /opt/airflow/dags/first_dag.py took 0.080 seconds
[2024-06-12T02:49:09.119+0000] {processor.py:161} INFO - Started process (PID=359) to work on /opt/airflow/dags/first_dag.py
[2024-06-12T02:49:09.120+0000] {processor.py:830} INFO - Processing file /opt/airflow/dags/first_dag.py for tasks to queue
[2024-06-12T02:49:09.121+0000] {logging_mixin.py:188} INFO - [2024-06-12T02:49:09.121+0000] {dagbag.py:545} INFO - Filling up the DagBag from /opt/airflow/dags/first_dag.py
[2024-06-12T02:49:09.138+0000] {processor.py:840} INFO - DAG(s) 'first_dag' retrieved from /opt/airflow/dags/first_dag.py
[2024-06-12T02:49:09.159+0000] {logging_mixin.py:188} INFO - [2024-06-12T02:49:09.159+0000] {dag.py:3096} INFO - Sync 1 DAGs
[2024-06-12T02:49:09.177+0000] {logging_mixin.py:188} INFO - [2024-06-12T02:49:09.177+0000] {dag.py:3954} INFO - Setting next_dagrun for first_dag to 2024-06-12 00:00:00+00:00, run_after=2024-06-13 00:00:00+00:00
[2024-06-12T02:49:09.202+0000] {processor.py:183} INFO - Processing /opt/airflow/dags/first_dag.py took 0.087 seconds
[2024-06-12T02:49:39.372+0000] {processor.py:161} INFO - Started process (PID=376) to work on /opt/airflow/dags/first_dag.py
[2024-06-12T02:49:39.373+0000] {processor.py:830} INFO - Processing file /opt/airflow/dags/first_dag.py for tasks to queue
[2024-06-12T02:49:39.374+0000] {logging_mixin.py:188} INFO - [2024-06-12T02:49:39.374+0000] {dagbag.py:545} INFO - Filling up the DagBag from /opt/airflow/dags/first_dag.py
[2024-06-12T02:49:39.392+0000] {processor.py:840} INFO - DAG(s) 'first_dag' retrieved from /opt/airflow/dags/first_dag.py
[2024-06-12T02:49:39.415+0000] {logging_mixin.py:188} INFO - [2024-06-12T02:49:39.414+0000] {dag.py:3096} INFO - Sync 1 DAGs
[2024-06-12T02:49:39.434+0000] {logging_mixin.py:188} INFO - [2024-06-12T02:49:39.433+0000] {dag.py:3954} INFO - Setting next_dagrun for first_dag to 2024-06-12 00:00:00+00:00, run_after=2024-06-13 00:00:00+00:00
[2024-06-12T02:49:39.450+0000] {processor.py:183} INFO - Processing /opt/airflow/dags/first_dag.py took 0.082 seconds
[2024-06-12T02:50:09.623+0000] {processor.py:161} INFO - Started process (PID=393) to work on /opt/airflow/dags/first_dag.py
[2024-06-12T02:50:09.623+0000] {processor.py:830} INFO - Processing file /opt/airflow/dags/first_dag.py for tasks to queue
[2024-06-12T02:50:09.625+0000] {logging_mixin.py:188} INFO - [2024-06-12T02:50:09.624+0000] {dagbag.py:545} INFO - Filling up the DagBag from /opt/airflow/dags/first_dag.py
[2024-06-12T02:50:09.641+0000] {processor.py:840} INFO - DAG(s) 'first_dag' retrieved from /opt/airflow/dags/first_dag.py
[2024-06-12T02:50:09.662+0000] {logging_mixin.py:188} INFO - [2024-06-12T02:50:09.662+0000] {dag.py:3096} INFO - Sync 1 DAGs
[2024-06-12T02:50:09.679+0000] {logging_mixin.py:188} INFO - [2024-06-12T02:50:09.679+0000] {dag.py:3954} INFO - Setting next_dagrun for first_dag to 2024-06-12 00:00:00+00:00, run_after=2024-06-13 00:00:00+00:00
[2024-06-12T02:50:09.693+0000] {processor.py:183} INFO - Processing /opt/airflow/dags/first_dag.py took 0.074 seconds
[2024-06-12T02:50:39.870+0000] {processor.py:161} INFO - Started process (PID=410) to work on /opt/airflow/dags/first_dag.py
[2024-06-12T02:50:39.871+0000] {processor.py:830} INFO - Processing file /opt/airflow/dags/first_dag.py for tasks to queue
[2024-06-12T02:50:39.872+0000] {logging_mixin.py:188} INFO - [2024-06-12T02:50:39.872+0000] {dagbag.py:545} INFO - Filling up the DagBag from /opt/airflow/dags/first_dag.py
[2024-06-12T02:50:39.890+0000] {processor.py:840} INFO - DAG(s) 'first_dag' retrieved from /opt/airflow/dags/first_dag.py
[2024-06-12T02:50:39.918+0000] {logging_mixin.py:188} INFO - [2024-06-12T02:50:39.918+0000] {dag.py:3096} INFO - Sync 1 DAGs
[2024-06-12T02:50:39.942+0000] {logging_mixin.py:188} INFO - [2024-06-12T02:50:39.942+0000] {dag.py:3954} INFO - Setting next_dagrun for first_dag to 2024-06-12 00:00:00+00:00, run_after=2024-06-13 00:00:00+00:00
[2024-06-12T02:50:39.970+0000] {processor.py:183} INFO - Processing /opt/airflow/dags/first_dag.py took 0.105 seconds
[2024-06-12T02:51:10.150+0000] {processor.py:161} INFO - Started process (PID=427) to work on /opt/airflow/dags/first_dag.py
[2024-06-12T02:51:10.151+0000] {processor.py:830} INFO - Processing file /opt/airflow/dags/first_dag.py for tasks to queue
[2024-06-12T02:51:10.152+0000] {logging_mixin.py:188} INFO - [2024-06-12T02:51:10.152+0000] {dagbag.py:545} INFO - Filling up the DagBag from /opt/airflow/dags/first_dag.py
[2024-06-12T02:51:10.170+0000] {processor.py:840} INFO - DAG(s) 'first_dag' retrieved from /opt/airflow/dags/first_dag.py
[2024-06-12T02:51:10.193+0000] {logging_mixin.py:188} INFO - [2024-06-12T02:51:10.192+0000] {dag.py:3096} INFO - Sync 1 DAGs
[2024-06-12T02:51:10.210+0000] {logging_mixin.py:188} INFO - [2024-06-12T02:51:10.210+0000] {dag.py:3954} INFO - Setting next_dagrun for first_dag to 2024-06-12 00:00:00+00:00, run_after=2024-06-13 00:00:00+00:00
[2024-06-12T02:51:10.226+0000] {processor.py:183} INFO - Processing /opt/airflow/dags/first_dag.py took 0.080 seconds
[2024-06-12T02:51:40.417+0000] {processor.py:161} INFO - Started process (PID=444) to work on /opt/airflow/dags/first_dag.py
[2024-06-12T02:51:40.418+0000] {processor.py:830} INFO - Processing file /opt/airflow/dags/first_dag.py for tasks to queue
[2024-06-12T02:51:40.419+0000] {logging_mixin.py:188} INFO - [2024-06-12T02:51:40.419+0000] {dagbag.py:545} INFO - Filling up the DagBag from /opt/airflow/dags/first_dag.py
[2024-06-12T02:51:40.436+0000] {processor.py:840} INFO - DAG(s) 'first_dag' retrieved from /opt/airflow/dags/first_dag.py
[2024-06-12T02:51:40.456+0000] {logging_mixin.py:188} INFO - [2024-06-12T02:51:40.456+0000] {dag.py:3096} INFO - Sync 1 DAGs
[2024-06-12T02:51:40.473+0000] {logging_mixin.py:188} INFO - [2024-06-12T02:51:40.472+0000] {dag.py:3954} INFO - Setting next_dagrun for first_dag to 2024-06-12 00:00:00+00:00, run_after=2024-06-13 00:00:00+00:00
[2024-06-12T02:51:40.486+0000] {processor.py:183} INFO - Processing /opt/airflow/dags/first_dag.py took 0.073 seconds
[2024-06-12T02:52:10.665+0000] {processor.py:161} INFO - Started process (PID=461) to work on /opt/airflow/dags/first_dag.py
[2024-06-12T02:52:10.666+0000] {processor.py:830} INFO - Processing file /opt/airflow/dags/first_dag.py for tasks to queue
[2024-06-12T02:52:10.667+0000] {logging_mixin.py:188} INFO - [2024-06-12T02:52:10.667+0000] {dagbag.py:545} INFO - Filling up the DagBag from /opt/airflow/dags/first_dag.py
[2024-06-12T02:52:10.685+0000] {processor.py:840} INFO - DAG(s) 'first_dag' retrieved from /opt/airflow/dags/first_dag.py
[2024-06-12T02:52:10.707+0000] {logging_mixin.py:188} INFO - [2024-06-12T02:52:10.707+0000] {dag.py:3096} INFO - Sync 1 DAGs
[2024-06-12T02:52:10.725+0000] {logging_mixin.py:188} INFO - [2024-06-12T02:52:10.725+0000] {dag.py:3954} INFO - Setting next_dagrun for first_dag to 2024-06-12 00:00:00+00:00, run_after=2024-06-13 00:00:00+00:00
[2024-06-12T02:52:10.742+0000] {processor.py:183} INFO - Processing /opt/airflow/dags/first_dag.py took 0.081 seconds
[2024-06-12T02:52:40.922+0000] {processor.py:161} INFO - Started process (PID=478) to work on /opt/airflow/dags/first_dag.py
[2024-06-12T02:52:40.923+0000] {processor.py:830} INFO - Processing file /opt/airflow/dags/first_dag.py for tasks to queue
[2024-06-12T02:52:40.924+0000] {logging_mixin.py:188} INFO - [2024-06-12T02:52:40.924+0000] {dagbag.py:545} INFO - Filling up the DagBag from /opt/airflow/dags/first_dag.py
[2024-06-12T02:52:40.942+0000] {processor.py:840} INFO - DAG(s) 'first_dag' retrieved from /opt/airflow/dags/first_dag.py
[2024-06-12T02:52:40.965+0000] {logging_mixin.py:188} INFO - [2024-06-12T02:52:40.965+0000] {dag.py:3096} INFO - Sync 1 DAGs
[2024-06-12T02:52:40.984+0000] {logging_mixin.py:188} INFO - [2024-06-12T02:52:40.984+0000] {dag.py:3954} INFO - Setting next_dagrun for first_dag to 2024-06-12 00:00:00+00:00, run_after=2024-06-13 00:00:00+00:00
[2024-06-12T02:52:41.000+0000] {processor.py:183} INFO - Processing /opt/airflow/dags/first_dag.py took 0.082 seconds
[2024-06-12T02:53:11.177+0000] {processor.py:161} INFO - Started process (PID=495) to work on /opt/airflow/dags/first_dag.py
[2024-06-12T02:53:11.178+0000] {processor.py:830} INFO - Processing file /opt/airflow/dags/first_dag.py for tasks to queue
[2024-06-12T02:53:11.179+0000] {logging_mixin.py:188} INFO - [2024-06-12T02:53:11.179+0000] {dagbag.py:545} INFO - Filling up the DagBag from /opt/airflow/dags/first_dag.py
[2024-06-12T02:53:11.197+0000] {processor.py:840} INFO - DAG(s) 'first_dag' retrieved from /opt/airflow/dags/first_dag.py
[2024-06-12T02:53:11.221+0000] {logging_mixin.py:188} INFO - [2024-06-12T02:53:11.221+0000] {dag.py:3096} INFO - Sync 1 DAGs
[2024-06-12T02:53:11.239+0000] {logging_mixin.py:188} INFO - [2024-06-12T02:53:11.239+0000] {dag.py:3954} INFO - Setting next_dagrun for first_dag to 2024-06-12 00:00:00+00:00, run_after=2024-06-13 00:00:00+00:00
[2024-06-12T02:53:11.254+0000] {processor.py:183} INFO - Processing /opt/airflow/dags/first_dag.py took 0.081 seconds
[2024-06-12T02:53:41.494+0000] {processor.py:161} INFO - Started process (PID=515) to work on /opt/airflow/dags/first_dag.py
[2024-06-12T02:53:41.495+0000] {processor.py:830} INFO - Processing file /opt/airflow/dags/first_dag.py for tasks to queue
[2024-06-12T02:53:41.496+0000] {logging_mixin.py:188} INFO - [2024-06-12T02:53:41.496+0000] {dagbag.py:545} INFO - Filling up the DagBag from /opt/airflow/dags/first_dag.py
[2024-06-12T02:53:41.513+0000] {processor.py:840} INFO - DAG(s) 'first_dag' retrieved from /opt/airflow/dags/first_dag.py
[2024-06-12T02:53:41.535+0000] {logging_mixin.py:188} INFO - [2024-06-12T02:53:41.535+0000] {dag.py:3096} INFO - Sync 1 DAGs
[2024-06-12T02:53:41.552+0000] {logging_mixin.py:188} INFO - [2024-06-12T02:53:41.552+0000] {dag.py:3954} INFO - Setting next_dagrun for first_dag to 2024-06-12 00:00:00+00:00, run_after=2024-06-13 00:00:00+00:00
[2024-06-12T02:53:41.576+0000] {processor.py:183} INFO - Processing /opt/airflow/dags/first_dag.py took 0.086 seconds
[2024-06-12T02:54:11.750+0000] {processor.py:161} INFO - Started process (PID=532) to work on /opt/airflow/dags/first_dag.py
[2024-06-12T02:54:11.750+0000] {processor.py:830} INFO - Processing file /opt/airflow/dags/first_dag.py for tasks to queue
[2024-06-12T02:54:11.752+0000] {logging_mixin.py:188} INFO - [2024-06-12T02:54:11.751+0000] {dagbag.py:545} INFO - Filling up the DagBag from /opt/airflow/dags/first_dag.py
[2024-06-12T02:54:11.768+0000] {processor.py:840} INFO - DAG(s) 'first_dag' retrieved from /opt/airflow/dags/first_dag.py
[2024-06-12T02:54:11.790+0000] {logging_mixin.py:188} INFO - [2024-06-12T02:54:11.790+0000] {dag.py:3096} INFO - Sync 1 DAGs
[2024-06-12T02:54:11.806+0000] {logging_mixin.py:188} INFO - [2024-06-12T02:54:11.806+0000] {dag.py:3954} INFO - Setting next_dagrun for first_dag to 2024-06-12 00:00:00+00:00, run_after=2024-06-13 00:00:00+00:00
[2024-06-12T02:54:11.830+0000] {processor.py:183} INFO - Processing /opt/airflow/dags/first_dag.py took 0.084 seconds
[2024-06-12T02:54:42.036+0000] {processor.py:161} INFO - Started process (PID=549) to work on /opt/airflow/dags/first_dag.py
[2024-06-12T02:54:42.038+0000] {processor.py:830} INFO - Processing file /opt/airflow/dags/first_dag.py for tasks to queue
[2024-06-12T02:54:42.044+0000] {logging_mixin.py:188} INFO - [2024-06-12T02:54:42.043+0000] {dagbag.py:545} INFO - Filling up the DagBag from /opt/airflow/dags/first_dag.py
[2024-06-12T02:54:42.072+0000] {processor.py:840} INFO - DAG(s) 'first_dag' retrieved from /opt/airflow/dags/first_dag.py
[2024-06-12T02:54:42.109+0000] {logging_mixin.py:188} INFO - [2024-06-12T02:54:42.109+0000] {dag.py:3096} INFO - Sync 1 DAGs
[2024-06-12T02:54:42.137+0000] {logging_mixin.py:188} INFO - [2024-06-12T02:54:42.137+0000] {dag.py:3954} INFO - Setting next_dagrun for first_dag to 2024-06-12 00:00:00+00:00, run_after=2024-06-13 00:00:00+00:00
[2024-06-12T02:54:42.160+0000] {processor.py:183} INFO - Processing /opt/airflow/dags/first_dag.py took 0.132 seconds
[2024-06-12T02:55:12.397+0000] {processor.py:161} INFO - Started process (PID=566) to work on /opt/airflow/dags/first_dag.py
[2024-06-12T02:55:12.399+0000] {processor.py:830} INFO - Processing file /opt/airflow/dags/first_dag.py for tasks to queue
[2024-06-12T02:55:12.402+0000] {logging_mixin.py:188} INFO - [2024-06-12T02:55:12.402+0000] {dagbag.py:545} INFO - Filling up the DagBag from /opt/airflow/dags/first_dag.py
[2024-06-12T02:55:12.430+0000] {processor.py:840} INFO - DAG(s) 'first_dag' retrieved from /opt/airflow/dags/first_dag.py
[2024-06-12T02:55:12.461+0000] {logging_mixin.py:188} INFO - [2024-06-12T02:55:12.461+0000] {dag.py:3096} INFO - Sync 1 DAGs
[2024-06-12T02:55:12.484+0000] {logging_mixin.py:188} INFO - [2024-06-12T02:55:12.483+0000] {dag.py:3954} INFO - Setting next_dagrun for first_dag to 2024-06-12 00:00:00+00:00, run_after=2024-06-13 00:00:00+00:00
[2024-06-12T02:55:12.506+0000] {processor.py:183} INFO - Processing /opt/airflow/dags/first_dag.py took 0.118 seconds
[2024-06-12T02:55:42.707+0000] {processor.py:161} INFO - Started process (PID=583) to work on /opt/airflow/dags/first_dag.py
[2024-06-12T02:55:42.708+0000] {processor.py:830} INFO - Processing file /opt/airflow/dags/first_dag.py for tasks to queue
[2024-06-12T02:55:42.709+0000] {logging_mixin.py:188} INFO - [2024-06-12T02:55:42.709+0000] {dagbag.py:545} INFO - Filling up the DagBag from /opt/airflow/dags/first_dag.py
[2024-06-12T02:55:42.732+0000] {processor.py:840} INFO - DAG(s) 'first_dag' retrieved from /opt/airflow/dags/first_dag.py
[2024-06-12T02:55:42.753+0000] {logging_mixin.py:188} INFO - [2024-06-12T02:55:42.753+0000] {dag.py:3096} INFO - Sync 1 DAGs
[2024-06-12T02:55:42.770+0000] {logging_mixin.py:188} INFO - [2024-06-12T02:55:42.770+0000] {dag.py:3954} INFO - Setting next_dagrun for first_dag to 2024-06-12 00:00:00+00:00, run_after=2024-06-13 00:00:00+00:00
[2024-06-12T02:55:42.793+0000] {processor.py:183} INFO - Processing /opt/airflow/dags/first_dag.py took 0.090 seconds
[2024-06-12T02:56:12.954+0000] {processor.py:161} INFO - Started process (PID=600) to work on /opt/airflow/dags/first_dag.py
[2024-06-12T02:56:12.955+0000] {processor.py:830} INFO - Processing file /opt/airflow/dags/first_dag.py for tasks to queue
[2024-06-12T02:56:12.957+0000] {logging_mixin.py:188} INFO - [2024-06-12T02:56:12.957+0000] {dagbag.py:545} INFO - Filling up the DagBag from /opt/airflow/dags/first_dag.py
[2024-06-12T02:56:12.974+0000] {processor.py:840} INFO - DAG(s) 'first_dag' retrieved from /opt/airflow/dags/first_dag.py
[2024-06-12T02:56:12.995+0000] {logging_mixin.py:188} INFO - [2024-06-12T02:56:12.995+0000] {dag.py:3096} INFO - Sync 1 DAGs
[2024-06-12T02:56:13.011+0000] {logging_mixin.py:188} INFO - [2024-06-12T02:56:13.011+0000] {dag.py:3954} INFO - Setting next_dagrun for first_dag to 2024-06-12 00:00:00+00:00, run_after=2024-06-13 00:00:00+00:00
[2024-06-12T02:56:13.025+0000] {processor.py:183} INFO - Processing /opt/airflow/dags/first_dag.py took 0.075 seconds
[2024-06-12T02:56:43.219+0000] {processor.py:161} INFO - Started process (PID=617) to work on /opt/airflow/dags/first_dag.py
[2024-06-12T02:56:43.219+0000] {processor.py:830} INFO - Processing file /opt/airflow/dags/first_dag.py for tasks to queue
[2024-06-12T02:56:43.221+0000] {logging_mixin.py:188} INFO - [2024-06-12T02:56:43.221+0000] {dagbag.py:545} INFO - Filling up the DagBag from /opt/airflow/dags/first_dag.py
[2024-06-12T02:56:43.238+0000] {processor.py:840} INFO - DAG(s) 'first_dag' retrieved from /opt/airflow/dags/first_dag.py
[2024-06-12T02:56:43.259+0000] {logging_mixin.py:188} INFO - [2024-06-12T02:56:43.259+0000] {dag.py:3096} INFO - Sync 1 DAGs
[2024-06-12T02:56:43.276+0000] {logging_mixin.py:188} INFO - [2024-06-12T02:56:43.276+0000] {dag.py:3954} INFO - Setting next_dagrun for first_dag to 2024-06-12 00:00:00+00:00, run_after=2024-06-13 00:00:00+00:00
[2024-06-12T02:56:43.300+0000] {processor.py:183} INFO - Processing /opt/airflow/dags/first_dag.py took 0.085 seconds
[2024-06-12T02:57:13.467+0000] {processor.py:161} INFO - Started process (PID=634) to work on /opt/airflow/dags/first_dag.py
[2024-06-12T02:57:13.468+0000] {processor.py:830} INFO - Processing file /opt/airflow/dags/first_dag.py for tasks to queue
[2024-06-12T02:57:13.469+0000] {logging_mixin.py:188} INFO - [2024-06-12T02:57:13.469+0000] {dagbag.py:545} INFO - Filling up the DagBag from /opt/airflow/dags/first_dag.py
[2024-06-12T02:57:13.486+0000] {processor.py:840} INFO - DAG(s) 'first_dag' retrieved from /opt/airflow/dags/first_dag.py
[2024-06-12T02:57:13.507+0000] {logging_mixin.py:188} INFO - [2024-06-12T02:57:13.507+0000] {dag.py:3096} INFO - Sync 1 DAGs
[2024-06-12T02:57:13.524+0000] {logging_mixin.py:188} INFO - [2024-06-12T02:57:13.524+0000] {dag.py:3954} INFO - Setting next_dagrun for first_dag to 2024-06-12 00:00:00+00:00, run_after=2024-06-13 00:00:00+00:00
[2024-06-12T02:57:13.547+0000] {processor.py:183} INFO - Processing /opt/airflow/dags/first_dag.py took 0.084 seconds
[2024-06-12T02:57:43.717+0000] {processor.py:161} INFO - Started process (PID=651) to work on /opt/airflow/dags/first_dag.py
[2024-06-12T02:57:43.717+0000] {processor.py:830} INFO - Processing file /opt/airflow/dags/first_dag.py for tasks to queue
[2024-06-12T02:57:43.719+0000] {logging_mixin.py:188} INFO - [2024-06-12T02:57:43.719+0000] {dagbag.py:545} INFO - Filling up the DagBag from /opt/airflow/dags/first_dag.py
[2024-06-12T02:57:43.735+0000] {processor.py:840} INFO - DAG(s) 'first_dag' retrieved from /opt/airflow/dags/first_dag.py
[2024-06-12T02:57:43.756+0000] {logging_mixin.py:188} INFO - [2024-06-12T02:57:43.755+0000] {dag.py:3096} INFO - Sync 1 DAGs
[2024-06-12T02:57:43.772+0000] {logging_mixin.py:188} INFO - [2024-06-12T02:57:43.772+0000] {dag.py:3954} INFO - Setting next_dagrun for first_dag to 2024-06-12 00:00:00+00:00, run_after=2024-06-13 00:00:00+00:00
[2024-06-12T02:57:43.796+0000] {processor.py:183} INFO - Processing /opt/airflow/dags/first_dag.py took 0.083 seconds
[2024-06-12T02:58:13.958+0000] {processor.py:161} INFO - Started process (PID=668) to work on /opt/airflow/dags/first_dag.py
[2024-06-12T02:58:13.958+0000] {processor.py:830} INFO - Processing file /opt/airflow/dags/first_dag.py for tasks to queue
[2024-06-12T02:58:13.960+0000] {logging_mixin.py:188} INFO - [2024-06-12T02:58:13.960+0000] {dagbag.py:545} INFO - Filling up the DagBag from /opt/airflow/dags/first_dag.py
[2024-06-12T02:58:13.976+0000] {processor.py:840} INFO - DAG(s) 'first_dag' retrieved from /opt/airflow/dags/first_dag.py
[2024-06-12T02:58:13.997+0000] {logging_mixin.py:188} INFO - [2024-06-12T02:58:13.997+0000] {dag.py:3096} INFO - Sync 1 DAGs
[2024-06-12T02:58:14.013+0000] {logging_mixin.py:188} INFO - [2024-06-12T02:58:14.013+0000] {dag.py:3954} INFO - Setting next_dagrun for first_dag to 2024-06-12 00:00:00+00:00, run_after=2024-06-13 00:00:00+00:00
[2024-06-12T02:58:14.038+0000] {processor.py:183} INFO - Processing /opt/airflow/dags/first_dag.py took 0.084 seconds
[2024-06-12T02:58:44.207+0000] {processor.py:161} INFO - Started process (PID=685) to work on /opt/airflow/dags/first_dag.py
[2024-06-12T02:58:44.208+0000] {processor.py:830} INFO - Processing file /opt/airflow/dags/first_dag.py for tasks to queue
[2024-06-12T02:58:44.209+0000] {logging_mixin.py:188} INFO - [2024-06-12T02:58:44.209+0000] {dagbag.py:545} INFO - Filling up the DagBag from /opt/airflow/dags/first_dag.py
[2024-06-12T02:58:44.226+0000] {processor.py:840} INFO - DAG(s) 'first_dag' retrieved from /opt/airflow/dags/first_dag.py
[2024-06-12T02:58:44.247+0000] {logging_mixin.py:188} INFO - [2024-06-12T02:58:44.247+0000] {dag.py:3096} INFO - Sync 1 DAGs
[2024-06-12T02:58:44.266+0000] {logging_mixin.py:188} INFO - [2024-06-12T02:58:44.265+0000] {dag.py:3954} INFO - Setting next_dagrun for first_dag to 2024-06-12 00:00:00+00:00, run_after=2024-06-13 00:00:00+00:00
[2024-06-12T02:58:44.287+0000] {processor.py:183} INFO - Processing /opt/airflow/dags/first_dag.py took 0.084 seconds
[2024-06-12T02:59:14.452+0000] {processor.py:161} INFO - Started process (PID=702) to work on /opt/airflow/dags/first_dag.py
[2024-06-12T02:59:14.453+0000] {processor.py:830} INFO - Processing file /opt/airflow/dags/first_dag.py for tasks to queue
[2024-06-12T02:59:14.454+0000] {logging_mixin.py:188} INFO - [2024-06-12T02:59:14.454+0000] {dagbag.py:545} INFO - Filling up the DagBag from /opt/airflow/dags/first_dag.py
[2024-06-12T02:59:14.471+0000] {processor.py:840} INFO - DAG(s) 'first_dag' retrieved from /opt/airflow/dags/first_dag.py
[2024-06-12T02:59:14.494+0000] {logging_mixin.py:188} INFO - [2024-06-12T02:59:14.494+0000] {dag.py:3096} INFO - Sync 1 DAGs
[2024-06-12T02:59:14.511+0000] {logging_mixin.py:188} INFO - [2024-06-12T02:59:14.511+0000] {dag.py:3954} INFO - Setting next_dagrun for first_dag to 2024-06-12 00:00:00+00:00, run_after=2024-06-13 00:00:00+00:00
[2024-06-12T02:59:14.535+0000] {processor.py:183} INFO - Processing /opt/airflow/dags/first_dag.py took 0.087 seconds
[2024-06-12T02:59:20.493+0000] {processor.py:161} INFO - Started process (PID=707) to work on /opt/airflow/dags/first_dag.py
[2024-06-12T02:59:20.494+0000] {processor.py:830} INFO - Processing file /opt/airflow/dags/first_dag.py for tasks to queue
[2024-06-12T02:59:20.495+0000] {logging_mixin.py:188} INFO - [2024-06-12T02:59:20.495+0000] {dagbag.py:545} INFO - Filling up the DagBag from /opt/airflow/dags/first_dag.py
[2024-06-12T02:59:20.523+0000] {processor.py:840} INFO - DAG(s) 'first_dag' retrieved from /opt/airflow/dags/first_dag.py
[2024-06-12T02:59:20.652+0000] {logging_mixin.py:188} INFO - [2024-06-12T02:59:20.652+0000] {dag.py:3096} INFO - Sync 1 DAGs
[2024-06-12T02:59:20.671+0000] {logging_mixin.py:188} INFO - [2024-06-12T02:59:20.670+0000] {dag.py:3954} INFO - Setting next_dagrun for first_dag to 2024-06-12 00:00:00+00:00, run_after=2024-06-13 00:00:00+00:00
[2024-06-12T02:59:20.690+0000] {processor.py:183} INFO - Processing /opt/airflow/dags/first_dag.py took 0.202 seconds
[2024-06-12T02:59:50.867+0000] {processor.py:161} INFO - Started process (PID=724) to work on /opt/airflow/dags/first_dag.py
[2024-06-12T02:59:50.868+0000] {processor.py:830} INFO - Processing file /opt/airflow/dags/first_dag.py for tasks to queue
[2024-06-12T02:59:50.869+0000] {logging_mixin.py:188} INFO - [2024-06-12T02:59:50.869+0000] {dagbag.py:545} INFO - Filling up the DagBag from /opt/airflow/dags/first_dag.py
[2024-06-12T02:59:50.885+0000] {processor.py:840} INFO - DAG(s) 'first_dag' retrieved from /opt/airflow/dags/first_dag.py
[2024-06-12T02:59:50.905+0000] {logging_mixin.py:188} INFO - [2024-06-12T02:59:50.905+0000] {dag.py:3096} INFO - Sync 1 DAGs
[2024-06-12T02:59:50.922+0000] {logging_mixin.py:188} INFO - [2024-06-12T02:59:50.922+0000] {dag.py:3954} INFO - Setting next_dagrun for first_dag to 2024-06-12 00:00:00+00:00, run_after=2024-06-13 00:00:00+00:00
[2024-06-12T02:59:50.945+0000] {processor.py:183} INFO - Processing /opt/airflow/dags/first_dag.py took 0.083 seconds
[2024-06-12T03:00:21.122+0000] {processor.py:161} INFO - Started process (PID=741) to work on /opt/airflow/dags/first_dag.py
[2024-06-12T03:00:21.123+0000] {processor.py:830} INFO - Processing file /opt/airflow/dags/first_dag.py for tasks to queue
[2024-06-12T03:00:21.124+0000] {logging_mixin.py:188} INFO - [2024-06-12T03:00:21.124+0000] {dagbag.py:545} INFO - Filling up the DagBag from /opt/airflow/dags/first_dag.py
[2024-06-12T03:00:21.141+0000] {processor.py:840} INFO - DAG(s) 'first_dag' retrieved from /opt/airflow/dags/first_dag.py
[2024-06-12T03:00:21.162+0000] {logging_mixin.py:188} INFO - [2024-06-12T03:00:21.161+0000] {dag.py:3096} INFO - Sync 1 DAGs
[2024-06-12T03:00:21.178+0000] {logging_mixin.py:188} INFO - [2024-06-12T03:00:21.178+0000] {dag.py:3954} INFO - Setting next_dagrun for first_dag to 2024-06-12 00:00:00+00:00, run_after=2024-06-13 00:00:00+00:00
[2024-06-12T03:00:21.193+0000] {processor.py:183} INFO - Processing /opt/airflow/dags/first_dag.py took 0.075 seconds
[2024-06-12T03:00:28.490+0000] {processor.py:161} INFO - Started process (PID=758) to work on /opt/airflow/dags/first_dag.py
[2024-06-12T03:00:28.491+0000] {processor.py:830} INFO - Processing file /opt/airflow/dags/first_dag.py for tasks to queue
[2024-06-12T03:00:28.492+0000] {logging_mixin.py:188} INFO - [2024-06-12T03:00:28.492+0000] {dagbag.py:545} INFO - Filling up the DagBag from /opt/airflow/dags/first_dag.py
[2024-06-12T03:00:28.517+0000] {processor.py:840} INFO - DAG(s) 'first_dag' retrieved from /opt/airflow/dags/first_dag.py
[2024-06-12T03:00:28.601+0000] {logging_mixin.py:188} INFO - [2024-06-12T03:00:28.600+0000] {dag.py:3096} INFO - Sync 1 DAGs
[2024-06-12T03:00:28.616+0000] {logging_mixin.py:188} INFO - [2024-06-12T03:00:28.616+0000] {dag.py:3954} INFO - Setting next_dagrun for first_dag to 2024-06-12 00:00:00+00:00, run_after=2024-06-13 00:00:00+00:00
[2024-06-12T03:00:28.633+0000] {processor.py:183} INFO - Processing /opt/airflow/dags/first_dag.py took 0.147 seconds
[2024-06-12T03:00:58.802+0000] {processor.py:161} INFO - Started process (PID=778) to work on /opt/airflow/dags/first_dag.py
[2024-06-12T03:00:58.803+0000] {processor.py:830} INFO - Processing file /opt/airflow/dags/first_dag.py for tasks to queue
[2024-06-12T03:00:58.804+0000] {logging_mixin.py:188} INFO - [2024-06-12T03:00:58.804+0000] {dagbag.py:545} INFO - Filling up the DagBag from /opt/airflow/dags/first_dag.py
[2024-06-12T03:00:58.820+0000] {processor.py:840} INFO - DAG(s) 'first_dag' retrieved from /opt/airflow/dags/first_dag.py
[2024-06-12T03:00:58.841+0000] {logging_mixin.py:188} INFO - [2024-06-12T03:00:58.840+0000] {dag.py:3096} INFO - Sync 1 DAGs
[2024-06-12T03:00:58.857+0000] {logging_mixin.py:188} INFO - [2024-06-12T03:00:58.857+0000] {dag.py:3954} INFO - Setting next_dagrun for first_dag to 2024-06-12 00:00:00+00:00, run_after=2024-06-13 00:00:00+00:00
[2024-06-12T03:00:58.872+0000] {processor.py:183} INFO - Processing /opt/airflow/dags/first_dag.py took 0.073 seconds
[2024-06-12T03:01:28.962+0000] {processor.py:161} INFO - Started process (PID=789) to work on /opt/airflow/dags/first_dag.py
[2024-06-12T03:01:28.963+0000] {processor.py:830} INFO - Processing file /opt/airflow/dags/first_dag.py for tasks to queue
[2024-06-12T03:01:28.964+0000] {logging_mixin.py:188} INFO - [2024-06-12T03:01:28.964+0000] {dagbag.py:545} INFO - Filling up the DagBag from /opt/airflow/dags/first_dag.py
[2024-06-12T03:01:28.981+0000] {processor.py:840} INFO - DAG(s) 'first_dag' retrieved from /opt/airflow/dags/first_dag.py
[2024-06-12T03:01:29.002+0000] {logging_mixin.py:188} INFO - [2024-06-12T03:01:29.002+0000] {dag.py:3096} INFO - Sync 1 DAGs
[2024-06-12T03:01:29.020+0000] {logging_mixin.py:188} INFO - [2024-06-12T03:01:29.020+0000] {dag.py:3954} INFO - Setting next_dagrun for first_dag to 2024-06-12 00:00:00+00:00, run_after=2024-06-13 00:00:00+00:00
[2024-06-12T03:01:29.035+0000] {processor.py:183} INFO - Processing /opt/airflow/dags/first_dag.py took 0.077 seconds
[2024-06-12T03:01:59.195+0000] {processor.py:161} INFO - Started process (PID=806) to work on /opt/airflow/dags/first_dag.py
[2024-06-12T03:01:59.196+0000] {processor.py:830} INFO - Processing file /opt/airflow/dags/first_dag.py for tasks to queue
[2024-06-12T03:01:59.197+0000] {logging_mixin.py:188} INFO - [2024-06-12T03:01:59.197+0000] {dagbag.py:545} INFO - Filling up the DagBag from /opt/airflow/dags/first_dag.py
[2024-06-12T03:01:59.213+0000] {processor.py:840} INFO - DAG(s) 'first_dag' retrieved from /opt/airflow/dags/first_dag.py
[2024-06-12T03:01:59.233+0000] {logging_mixin.py:188} INFO - [2024-06-12T03:01:59.233+0000] {dag.py:3096} INFO - Sync 1 DAGs
[2024-06-12T03:01:59.251+0000] {logging_mixin.py:188} INFO - [2024-06-12T03:01:59.251+0000] {dag.py:3954} INFO - Setting next_dagrun for first_dag to 2024-06-12 00:00:00+00:00, run_after=2024-06-13 00:00:00+00:00
[2024-06-12T03:01:59.267+0000] {processor.py:183} INFO - Processing /opt/airflow/dags/first_dag.py took 0.076 seconds
[2024-06-12T03:02:29.435+0000] {processor.py:161} INFO - Started process (PID=823) to work on /opt/airflow/dags/first_dag.py
[2024-06-12T03:02:29.436+0000] {processor.py:830} INFO - Processing file /opt/airflow/dags/first_dag.py for tasks to queue
[2024-06-12T03:02:29.437+0000] {logging_mixin.py:188} INFO - [2024-06-12T03:02:29.437+0000] {dagbag.py:545} INFO - Filling up the DagBag from /opt/airflow/dags/first_dag.py
[2024-06-12T03:02:29.453+0000] {processor.py:840} INFO - DAG(s) 'first_dag' retrieved from /opt/airflow/dags/first_dag.py
[2024-06-12T03:02:29.473+0000] {logging_mixin.py:188} INFO - [2024-06-12T03:02:29.473+0000] {dag.py:3096} INFO - Sync 1 DAGs
[2024-06-12T03:02:29.489+0000] {logging_mixin.py:188} INFO - [2024-06-12T03:02:29.489+0000] {dag.py:3954} INFO - Setting next_dagrun for first_dag to 2024-06-12 00:00:00+00:00, run_after=2024-06-13 00:00:00+00:00
[2024-06-12T03:02:29.513+0000] {processor.py:183} INFO - Processing /opt/airflow/dags/first_dag.py took 0.081 seconds
[2024-06-12T03:02:59.703+0000] {processor.py:161} INFO - Started process (PID=840) to work on /opt/airflow/dags/first_dag.py
[2024-06-12T03:02:59.704+0000] {processor.py:830} INFO - Processing file /opt/airflow/dags/first_dag.py for tasks to queue
[2024-06-12T03:02:59.705+0000] {logging_mixin.py:188} INFO - [2024-06-12T03:02:59.705+0000] {dagbag.py:545} INFO - Filling up the DagBag from /opt/airflow/dags/first_dag.py
[2024-06-12T03:02:59.723+0000] {processor.py:840} INFO - DAG(s) 'first_dag' retrieved from /opt/airflow/dags/first_dag.py
[2024-06-12T03:02:59.744+0000] {logging_mixin.py:188} INFO - [2024-06-12T03:02:59.744+0000] {dag.py:3096} INFO - Sync 1 DAGs
[2024-06-12T03:02:59.763+0000] {logging_mixin.py:188} INFO - [2024-06-12T03:02:59.762+0000] {dag.py:3954} INFO - Setting next_dagrun for first_dag to 2024-06-12 00:00:00+00:00, run_after=2024-06-13 00:00:00+00:00
[2024-06-12T03:02:59.787+0000] {processor.py:183} INFO - Processing /opt/airflow/dags/first_dag.py took 0.088 seconds
[2024-06-12T03:03:29.969+0000] {processor.py:161} INFO - Started process (PID=857) to work on /opt/airflow/dags/first_dag.py
[2024-06-12T03:03:29.970+0000] {processor.py:830} INFO - Processing file /opt/airflow/dags/first_dag.py for tasks to queue
[2024-06-12T03:03:29.971+0000] {logging_mixin.py:188} INFO - [2024-06-12T03:03:29.971+0000] {dagbag.py:545} INFO - Filling up the DagBag from /opt/airflow/dags/first_dag.py
[2024-06-12T03:03:29.988+0000] {processor.py:840} INFO - DAG(s) 'first_dag' retrieved from /opt/airflow/dags/first_dag.py
[2024-06-12T03:03:30.009+0000] {logging_mixin.py:188} INFO - [2024-06-12T03:03:30.009+0000] {dag.py:3096} INFO - Sync 1 DAGs
[2024-06-12T03:03:30.026+0000] {logging_mixin.py:188} INFO - [2024-06-12T03:03:30.026+0000] {dag.py:3954} INFO - Setting next_dagrun for first_dag to 2024-06-12 00:00:00+00:00, run_after=2024-06-13 00:00:00+00:00
[2024-06-12T03:03:30.041+0000] {processor.py:183} INFO - Processing /opt/airflow/dags/first_dag.py took 0.076 seconds
[2024-06-12T03:03:45.245+0000] {processor.py:161} INFO - Started process (PID=868) to work on /opt/airflow/dags/first_dag.py
[2024-06-12T03:03:45.246+0000] {processor.py:830} INFO - Processing file /opt/airflow/dags/first_dag.py for tasks to queue
[2024-06-12T03:03:45.247+0000] {logging_mixin.py:188} INFO - [2024-06-12T03:03:45.247+0000] {dagbag.py:545} INFO - Filling up the DagBag from /opt/airflow/dags/first_dag.py
[2024-06-12T03:03:45.278+0000] {processor.py:840} INFO - DAG(s) 'first_dag' retrieved from /opt/airflow/dags/first_dag.py
[2024-06-12T03:03:45.371+0000] {logging_mixin.py:188} INFO - [2024-06-12T03:03:45.371+0000] {dag.py:3096} INFO - Sync 1 DAGs
[2024-06-12T03:03:45.396+0000] {logging_mixin.py:188} INFO - [2024-06-12T03:03:45.396+0000] {dag.py:3954} INFO - Setting next_dagrun for first_dag to 2024-06-12 00:00:00+00:00, run_after=2024-06-13 00:00:00+00:00
[2024-06-12T03:03:45.417+0000] {processor.py:183} INFO - Processing /opt/airflow/dags/first_dag.py took 0.177 seconds
[2024-06-12T03:04:15.595+0000] {processor.py:161} INFO - Started process (PID=892) to work on /opt/airflow/dags/first_dag.py
[2024-06-12T03:04:15.596+0000] {processor.py:830} INFO - Processing file /opt/airflow/dags/first_dag.py for tasks to queue
[2024-06-12T03:04:15.597+0000] {logging_mixin.py:188} INFO - [2024-06-12T03:04:15.597+0000] {dagbag.py:545} INFO - Filling up the DagBag from /opt/airflow/dags/first_dag.py
[2024-06-12T03:04:15.618+0000] {processor.py:840} INFO - DAG(s) 'first_dag' retrieved from /opt/airflow/dags/first_dag.py
[2024-06-12T03:04:15.642+0000] {logging_mixin.py:188} INFO - [2024-06-12T03:04:15.641+0000] {dag.py:3096} INFO - Sync 1 DAGs
[2024-06-12T03:04:15.661+0000] {logging_mixin.py:188} INFO - [2024-06-12T03:04:15.661+0000] {dag.py:3954} INFO - Setting next_dagrun for first_dag to 2024-06-12 00:00:00+00:00, run_after=2024-06-13 00:00:00+00:00
[2024-06-12T03:04:15.677+0000] {processor.py:183} INFO - Processing /opt/airflow/dags/first_dag.py took 0.087 seconds
[2024-06-12T03:04:45.839+0000] {processor.py:161} INFO - Started process (PID=909) to work on /opt/airflow/dags/first_dag.py
[2024-06-12T03:04:45.840+0000] {processor.py:830} INFO - Processing file /opt/airflow/dags/first_dag.py for tasks to queue
[2024-06-12T03:04:45.841+0000] {logging_mixin.py:188} INFO - [2024-06-12T03:04:45.841+0000] {dagbag.py:545} INFO - Filling up the DagBag from /opt/airflow/dags/first_dag.py
[2024-06-12T03:04:45.857+0000] {processor.py:840} INFO - DAG(s) 'first_dag' retrieved from /opt/airflow/dags/first_dag.py
[2024-06-12T03:04:45.877+0000] {logging_mixin.py:188} INFO - [2024-06-12T03:04:45.877+0000] {dag.py:3096} INFO - Sync 1 DAGs
[2024-06-12T03:04:45.896+0000] {logging_mixin.py:188} INFO - [2024-06-12T03:04:45.895+0000] {dag.py:3954} INFO - Setting next_dagrun for first_dag to 2024-06-12 00:00:00+00:00, run_after=2024-06-13 00:00:00+00:00
[2024-06-12T03:04:45.912+0000] {processor.py:183} INFO - Processing /opt/airflow/dags/first_dag.py took 0.077 seconds
[2024-06-12T03:05:16.072+0000] {processor.py:161} INFO - Started process (PID=926) to work on /opt/airflow/dags/first_dag.py
[2024-06-12T03:05:16.073+0000] {processor.py:830} INFO - Processing file /opt/airflow/dags/first_dag.py for tasks to queue
[2024-06-12T03:05:16.074+0000] {logging_mixin.py:188} INFO - [2024-06-12T03:05:16.074+0000] {dagbag.py:545} INFO - Filling up the DagBag from /opt/airflow/dags/first_dag.py
[2024-06-12T03:05:16.095+0000] {processor.py:840} INFO - DAG(s) 'first_dag' retrieved from /opt/airflow/dags/first_dag.py
[2024-06-12T03:05:16.117+0000] {logging_mixin.py:188} INFO - [2024-06-12T03:05:16.117+0000] {dag.py:3096} INFO - Sync 1 DAGs
[2024-06-12T03:05:16.135+0000] {logging_mixin.py:188} INFO - [2024-06-12T03:05:16.135+0000] {dag.py:3954} INFO - Setting next_dagrun for first_dag to 2024-06-12 00:00:00+00:00, run_after=2024-06-13 00:00:00+00:00
[2024-06-12T03:05:16.152+0000] {processor.py:183} INFO - Processing /opt/airflow/dags/first_dag.py took 0.083 seconds
[2024-06-12T03:05:46.313+0000] {processor.py:161} INFO - Started process (PID=943) to work on /opt/airflow/dags/first_dag.py
[2024-06-12T03:05:46.313+0000] {processor.py:830} INFO - Processing file /opt/airflow/dags/first_dag.py for tasks to queue
[2024-06-12T03:05:46.315+0000] {logging_mixin.py:188} INFO - [2024-06-12T03:05:46.314+0000] {dagbag.py:545} INFO - Filling up the DagBag from /opt/airflow/dags/first_dag.py
[2024-06-12T03:05:46.334+0000] {processor.py:840} INFO - DAG(s) 'first_dag' retrieved from /opt/airflow/dags/first_dag.py
[2024-06-12T03:05:46.356+0000] {logging_mixin.py:188} INFO - [2024-06-12T03:05:46.356+0000] {dag.py:3096} INFO - Sync 1 DAGs
[2024-06-12T03:05:46.374+0000] {logging_mixin.py:188} INFO - [2024-06-12T03:05:46.374+0000] {dag.py:3954} INFO - Setting next_dagrun for first_dag to 2024-06-12 00:00:00+00:00, run_after=2024-06-13 00:00:00+00:00
[2024-06-12T03:05:46.390+0000] {processor.py:183} INFO - Processing /opt/airflow/dags/first_dag.py took 0.082 seconds
[2024-06-12T03:06:16.566+0000] {processor.py:161} INFO - Started process (PID=960) to work on /opt/airflow/dags/first_dag.py
[2024-06-12T03:06:16.567+0000] {processor.py:830} INFO - Processing file /opt/airflow/dags/first_dag.py for tasks to queue
[2024-06-12T03:06:16.569+0000] {logging_mixin.py:188} INFO - [2024-06-12T03:06:16.568+0000] {dagbag.py:545} INFO - Filling up the DagBag from /opt/airflow/dags/first_dag.py
[2024-06-12T03:06:16.589+0000] {processor.py:840} INFO - DAG(s) 'first_dag' retrieved from /opt/airflow/dags/first_dag.py
[2024-06-12T03:06:16.612+0000] {logging_mixin.py:188} INFO - [2024-06-12T03:06:16.612+0000] {dag.py:3096} INFO - Sync 1 DAGs
[2024-06-12T03:06:16.630+0000] {logging_mixin.py:188} INFO - [2024-06-12T03:06:16.630+0000] {dag.py:3954} INFO - Setting next_dagrun for first_dag to 2024-06-12 00:00:00+00:00, run_after=2024-06-13 00:00:00+00:00
[2024-06-12T03:06:16.644+0000] {processor.py:183} INFO - Processing /opt/airflow/dags/first_dag.py took 0.082 seconds
[2024-06-12T03:06:46.816+0000] {processor.py:161} INFO - Started process (PID=977) to work on /opt/airflow/dags/first_dag.py
[2024-06-12T03:06:46.817+0000] {processor.py:830} INFO - Processing file /opt/airflow/dags/first_dag.py for tasks to queue
[2024-06-12T03:06:46.819+0000] {logging_mixin.py:188} INFO - [2024-06-12T03:06:46.819+0000] {dagbag.py:545} INFO - Filling up the DagBag from /opt/airflow/dags/first_dag.py
[2024-06-12T03:06:46.844+0000] {processor.py:840} INFO - DAG(s) 'first_dag' retrieved from /opt/airflow/dags/first_dag.py
[2024-06-12T03:06:46.870+0000] {logging_mixin.py:188} INFO - [2024-06-12T03:06:46.869+0000] {dag.py:3096} INFO - Sync 1 DAGs
[2024-06-12T03:06:46.900+0000] {logging_mixin.py:188} INFO - [2024-06-12T03:06:46.900+0000] {dag.py:3954} INFO - Setting next_dagrun for first_dag to 2024-06-12 00:00:00+00:00, run_after=2024-06-13 00:00:00+00:00
[2024-06-12T03:06:46.929+0000] {processor.py:183} INFO - Processing /opt/airflow/dags/first_dag.py took 0.119 seconds
[2024-06-12T03:07:17.096+0000] {processor.py:161} INFO - Started process (PID=995) to work on /opt/airflow/dags/first_dag.py
[2024-06-12T03:07:17.097+0000] {processor.py:830} INFO - Processing file /opt/airflow/dags/first_dag.py for tasks to queue
[2024-06-12T03:07:17.099+0000] {logging_mixin.py:188} INFO - [2024-06-12T03:07:17.099+0000] {dagbag.py:545} INFO - Filling up the DagBag from /opt/airflow/dags/first_dag.py
[2024-06-12T03:07:17.120+0000] {processor.py:840} INFO - DAG(s) 'first_dag' retrieved from /opt/airflow/dags/first_dag.py
[2024-06-12T03:07:17.145+0000] {logging_mixin.py:188} INFO - [2024-06-12T03:07:17.145+0000] {dag.py:3096} INFO - Sync 1 DAGs
[2024-06-12T03:07:17.166+0000] {logging_mixin.py:188} INFO - [2024-06-12T03:07:17.166+0000] {dag.py:3954} INFO - Setting next_dagrun for first_dag to 2024-06-12 00:00:00+00:00, run_after=2024-06-13 00:00:00+00:00
[2024-06-12T03:07:17.185+0000] {processor.py:183} INFO - Processing /opt/airflow/dags/first_dag.py took 0.094 seconds
[2024-06-12T03:07:47.355+0000] {processor.py:161} INFO - Started process (PID=1012) to work on /opt/airflow/dags/first_dag.py
[2024-06-12T03:07:47.356+0000] {processor.py:830} INFO - Processing file /opt/airflow/dags/first_dag.py for tasks to queue
[2024-06-12T03:07:47.357+0000] {logging_mixin.py:188} INFO - [2024-06-12T03:07:47.356+0000] {dagbag.py:545} INFO - Filling up the DagBag from /opt/airflow/dags/first_dag.py
[2024-06-12T03:07:47.374+0000] {processor.py:840} INFO - DAG(s) 'first_dag' retrieved from /opt/airflow/dags/first_dag.py
[2024-06-12T03:07:47.397+0000] {logging_mixin.py:188} INFO - [2024-06-12T03:07:47.396+0000] {dag.py:3096} INFO - Sync 1 DAGs
[2024-06-12T03:07:47.415+0000] {logging_mixin.py:188} INFO - [2024-06-12T03:07:47.415+0000] {dag.py:3954} INFO - Setting next_dagrun for first_dag to 2024-06-12 00:00:00+00:00, run_after=2024-06-13 00:00:00+00:00
[2024-06-12T03:07:47.440+0000] {processor.py:183} INFO - Processing /opt/airflow/dags/first_dag.py took 0.089 seconds
[2024-06-12T03:08:17.608+0000] {processor.py:161} INFO - Started process (PID=1029) to work on /opt/airflow/dags/first_dag.py
[2024-06-12T03:08:17.609+0000] {processor.py:830} INFO - Processing file /opt/airflow/dags/first_dag.py for tasks to queue
[2024-06-12T03:08:17.610+0000] {logging_mixin.py:188} INFO - [2024-06-12T03:08:17.610+0000] {dagbag.py:545} INFO - Filling up the DagBag from /opt/airflow/dags/first_dag.py
[2024-06-12T03:08:17.626+0000] {processor.py:840} INFO - DAG(s) 'first_dag' retrieved from /opt/airflow/dags/first_dag.py
[2024-06-12T03:08:17.647+0000] {logging_mixin.py:188} INFO - [2024-06-12T03:08:17.647+0000] {dag.py:3096} INFO - Sync 1 DAGs
[2024-06-12T03:08:17.663+0000] {logging_mixin.py:188} INFO - [2024-06-12T03:08:17.663+0000] {dag.py:3954} INFO - Setting next_dagrun for first_dag to 2024-06-12 00:00:00+00:00, run_after=2024-06-13 00:00:00+00:00
[2024-06-12T03:08:17.677+0000] {processor.py:183} INFO - Processing /opt/airflow/dags/first_dag.py took 0.072 seconds
[2024-06-12T03:08:47.845+0000] {processor.py:161} INFO - Started process (PID=1046) to work on /opt/airflow/dags/first_dag.py
[2024-06-12T03:08:47.845+0000] {processor.py:830} INFO - Processing file /opt/airflow/dags/first_dag.py for tasks to queue
[2024-06-12T03:08:47.847+0000] {logging_mixin.py:188} INFO - [2024-06-12T03:08:47.847+0000] {dagbag.py:545} INFO - Filling up the DagBag from /opt/airflow/dags/first_dag.py
[2024-06-12T03:08:47.864+0000] {processor.py:840} INFO - DAG(s) 'first_dag' retrieved from /opt/airflow/dags/first_dag.py
[2024-06-12T03:08:47.885+0000] {logging_mixin.py:188} INFO - [2024-06-12T03:08:47.885+0000] {dag.py:3096} INFO - Sync 1 DAGs
[2024-06-12T03:08:47.901+0000] {logging_mixin.py:188} INFO - [2024-06-12T03:08:47.901+0000] {dag.py:3954} INFO - Setting next_dagrun for first_dag to 2024-06-12 00:00:00+00:00, run_after=2024-06-13 00:00:00+00:00
[2024-06-12T03:08:47.915+0000] {processor.py:183} INFO - Processing /opt/airflow/dags/first_dag.py took 0.075 seconds
[2024-06-12T03:09:18.081+0000] {processor.py:161} INFO - Started process (PID=1066) to work on /opt/airflow/dags/first_dag.py
[2024-06-12T03:09:18.081+0000] {processor.py:830} INFO - Processing file /opt/airflow/dags/first_dag.py for tasks to queue
[2024-06-12T03:09:18.083+0000] {logging_mixin.py:188} INFO - [2024-06-12T03:09:18.083+0000] {dagbag.py:545} INFO - Filling up the DagBag from /opt/airflow/dags/first_dag.py
[2024-06-12T03:09:18.100+0000] {processor.py:840} INFO - DAG(s) 'first_dag' retrieved from /opt/airflow/dags/first_dag.py
[2024-06-12T03:09:18.121+0000] {logging_mixin.py:188} INFO - [2024-06-12T03:09:18.121+0000] {dag.py:3096} INFO - Sync 1 DAGs
[2024-06-12T03:09:18.138+0000] {logging_mixin.py:188} INFO - [2024-06-12T03:09:18.138+0000] {dag.py:3954} INFO - Setting next_dagrun for first_dag to 2024-06-12 00:00:00+00:00, run_after=2024-06-13 00:00:00+00:00
[2024-06-12T03:09:18.153+0000] {processor.py:183} INFO - Processing /opt/airflow/dags/first_dag.py took 0.076 seconds
[2024-06-12T03:09:48.307+0000] {processor.py:161} INFO - Started process (PID=1083) to work on /opt/airflow/dags/first_dag.py
[2024-06-12T03:09:48.308+0000] {processor.py:830} INFO - Processing file /opt/airflow/dags/first_dag.py for tasks to queue
[2024-06-12T03:09:48.309+0000] {logging_mixin.py:188} INFO - [2024-06-12T03:09:48.309+0000] {dagbag.py:545} INFO - Filling up the DagBag from /opt/airflow/dags/first_dag.py
[2024-06-12T03:09:48.326+0000] {processor.py:840} INFO - DAG(s) 'first_dag' retrieved from /opt/airflow/dags/first_dag.py
[2024-06-12T03:09:48.349+0000] {logging_mixin.py:188} INFO - [2024-06-12T03:09:48.349+0000] {dag.py:3096} INFO - Sync 1 DAGs
[2024-06-12T03:09:48.365+0000] {logging_mixin.py:188} INFO - [2024-06-12T03:09:48.365+0000] {dag.py:3954} INFO - Setting next_dagrun for first_dag to 2024-06-12 00:00:00+00:00, run_after=2024-06-13 00:00:00+00:00
[2024-06-12T03:09:48.380+0000] {processor.py:183} INFO - Processing /opt/airflow/dags/first_dag.py took 0.077 seconds
[2024-06-12T03:10:18.517+0000] {processor.py:161} INFO - Started process (PID=1100) to work on /opt/airflow/dags/first_dag.py
[2024-06-12T03:10:18.518+0000] {processor.py:830} INFO - Processing file /opt/airflow/dags/first_dag.py for tasks to queue
[2024-06-12T03:10:18.519+0000] {logging_mixin.py:188} INFO - [2024-06-12T03:10:18.519+0000] {dagbag.py:545} INFO - Filling up the DagBag from /opt/airflow/dags/first_dag.py
[2024-06-12T03:10:18.535+0000] {processor.py:840} INFO - DAG(s) 'first_dag' retrieved from /opt/airflow/dags/first_dag.py
[2024-06-12T03:10:18.557+0000] {logging_mixin.py:188} INFO - [2024-06-12T03:10:18.556+0000] {dag.py:3096} INFO - Sync 1 DAGs
[2024-06-12T03:10:18.574+0000] {logging_mixin.py:188} INFO - [2024-06-12T03:10:18.574+0000] {dag.py:3954} INFO - Setting next_dagrun for first_dag to 2024-06-12 00:00:00+00:00, run_after=2024-06-13 00:00:00+00:00
[2024-06-12T03:10:18.597+0000] {processor.py:183} INFO - Processing /opt/airflow/dags/first_dag.py took 0.084 seconds
[2024-06-12T03:10:48.757+0000] {processor.py:161} INFO - Started process (PID=1117) to work on /opt/airflow/dags/first_dag.py
[2024-06-12T03:10:48.758+0000] {processor.py:830} INFO - Processing file /opt/airflow/dags/first_dag.py for tasks to queue
[2024-06-12T03:10:48.759+0000] {logging_mixin.py:188} INFO - [2024-06-12T03:10:48.759+0000] {dagbag.py:545} INFO - Filling up the DagBag from /opt/airflow/dags/first_dag.py
[2024-06-12T03:10:48.782+0000] {processor.py:840} INFO - DAG(s) 'first_dag' retrieved from /opt/airflow/dags/first_dag.py
[2024-06-12T03:10:48.804+0000] {logging_mixin.py:188} INFO - [2024-06-12T03:10:48.804+0000] {dag.py:3096} INFO - Sync 1 DAGs
[2024-06-12T03:10:48.821+0000] {logging_mixin.py:188} INFO - [2024-06-12T03:10:48.821+0000] {dag.py:3954} INFO - Setting next_dagrun for first_dag to 2024-06-12 00:00:00+00:00, run_after=2024-06-13 00:00:00+00:00
[2024-06-12T03:10:48.835+0000] {processor.py:183} INFO - Processing /opt/airflow/dags/first_dag.py took 0.082 seconds
[2024-06-12T03:11:18.989+0000] {processor.py:161} INFO - Started process (PID=1134) to work on /opt/airflow/dags/first_dag.py
[2024-06-12T03:11:18.990+0000] {processor.py:830} INFO - Processing file /opt/airflow/dags/first_dag.py for tasks to queue
[2024-06-12T03:11:18.991+0000] {logging_mixin.py:188} INFO - [2024-06-12T03:11:18.991+0000] {dagbag.py:545} INFO - Filling up the DagBag from /opt/airflow/dags/first_dag.py
[2024-06-12T03:11:19.009+0000] {processor.py:840} INFO - DAG(s) 'first_dag' retrieved from /opt/airflow/dags/first_dag.py
[2024-06-12T03:11:19.040+0000] {logging_mixin.py:188} INFO - [2024-06-12T03:11:19.040+0000] {dag.py:3096} INFO - Sync 1 DAGs
[2024-06-12T03:11:19.059+0000] {logging_mixin.py:188} INFO - [2024-06-12T03:11:19.059+0000] {dag.py:3954} INFO - Setting next_dagrun for first_dag to 2024-06-12 00:00:00+00:00, run_after=2024-06-13 00:00:00+00:00
[2024-06-12T03:11:19.079+0000] {processor.py:183} INFO - Processing /opt/airflow/dags/first_dag.py took 0.094 seconds
[2024-06-12T03:11:49.245+0000] {processor.py:161} INFO - Started process (PID=1151) to work on /opt/airflow/dags/first_dag.py
[2024-06-12T03:11:49.246+0000] {processor.py:830} INFO - Processing file /opt/airflow/dags/first_dag.py for tasks to queue
[2024-06-12T03:11:49.247+0000] {logging_mixin.py:188} INFO - [2024-06-12T03:11:49.247+0000] {dagbag.py:545} INFO - Filling up the DagBag from /opt/airflow/dags/first_dag.py
[2024-06-12T03:11:49.265+0000] {processor.py:840} INFO - DAG(s) 'first_dag' retrieved from /opt/airflow/dags/first_dag.py
[2024-06-12T03:11:49.290+0000] {logging_mixin.py:188} INFO - [2024-06-12T03:11:49.289+0000] {dag.py:3096} INFO - Sync 1 DAGs
[2024-06-12T03:11:49.309+0000] {logging_mixin.py:188} INFO - [2024-06-12T03:11:49.308+0000] {dag.py:3954} INFO - Setting next_dagrun for first_dag to 2024-06-12 00:00:00+00:00, run_after=2024-06-13 00:00:00+00:00
[2024-06-12T03:11:49.325+0000] {processor.py:183} INFO - Processing /opt/airflow/dags/first_dag.py took 0.084 seconds
[2024-06-12T03:12:19.479+0000] {processor.py:161} INFO - Started process (PID=1168) to work on /opt/airflow/dags/first_dag.py
[2024-06-12T03:12:19.479+0000] {processor.py:830} INFO - Processing file /opt/airflow/dags/first_dag.py for tasks to queue
[2024-06-12T03:12:19.480+0000] {logging_mixin.py:188} INFO - [2024-06-12T03:12:19.480+0000] {dagbag.py:545} INFO - Filling up the DagBag from /opt/airflow/dags/first_dag.py
[2024-06-12T03:12:19.498+0000] {processor.py:840} INFO - DAG(s) 'first_dag' retrieved from /opt/airflow/dags/first_dag.py
[2024-06-12T03:12:19.523+0000] {logging_mixin.py:188} INFO - [2024-06-12T03:12:19.522+0000] {dag.py:3096} INFO - Sync 1 DAGs
[2024-06-12T03:12:19.540+0000] {logging_mixin.py:188} INFO - [2024-06-12T03:12:19.540+0000] {dag.py:3954} INFO - Setting next_dagrun for first_dag to 2024-06-12 00:00:00+00:00, run_after=2024-06-13 00:00:00+00:00
[2024-06-12T03:12:19.556+0000] {processor.py:183} INFO - Processing /opt/airflow/dags/first_dag.py took 0.082 seconds
[2024-06-12T03:12:49.708+0000] {processor.py:161} INFO - Started process (PID=1185) to work on /opt/airflow/dags/first_dag.py
[2024-06-12T03:12:49.709+0000] {processor.py:830} INFO - Processing file /opt/airflow/dags/first_dag.py for tasks to queue
[2024-06-12T03:12:49.711+0000] {logging_mixin.py:188} INFO - [2024-06-12T03:12:49.710+0000] {dagbag.py:545} INFO - Filling up the DagBag from /opt/airflow/dags/first_dag.py
[2024-06-12T03:12:49.729+0000] {processor.py:840} INFO - DAG(s) 'first_dag' retrieved from /opt/airflow/dags/first_dag.py
[2024-06-12T03:12:49.753+0000] {logging_mixin.py:188} INFO - [2024-06-12T03:12:49.753+0000] {dag.py:3096} INFO - Sync 1 DAGs
[2024-06-12T03:12:49.773+0000] {logging_mixin.py:188} INFO - [2024-06-12T03:12:49.773+0000] {dag.py:3954} INFO - Setting next_dagrun for first_dag to 2024-06-12 00:00:00+00:00, run_after=2024-06-13 00:00:00+00:00
[2024-06-12T03:12:49.795+0000] {processor.py:183} INFO - Processing /opt/airflow/dags/first_dag.py took 0.091 seconds
[2024-06-12T03:13:19.865+0000] {processor.py:161} INFO - Started process (PID=1199) to work on /opt/airflow/dags/first_dag.py
[2024-06-12T03:13:19.866+0000] {processor.py:830} INFO - Processing file /opt/airflow/dags/first_dag.py for tasks to queue
[2024-06-12T03:13:19.867+0000] {logging_mixin.py:188} INFO - [2024-06-12T03:13:19.867+0000] {dagbag.py:545} INFO - Filling up the DagBag from /opt/airflow/dags/first_dag.py
[2024-06-12T03:13:19.884+0000] {processor.py:840} INFO - DAG(s) 'first_dag' retrieved from /opt/airflow/dags/first_dag.py
[2024-06-12T03:13:19.905+0000] {logging_mixin.py:188} INFO - [2024-06-12T03:13:19.905+0000] {dag.py:3096} INFO - Sync 1 DAGs
[2024-06-12T03:13:19.923+0000] {logging_mixin.py:188} INFO - [2024-06-12T03:13:19.923+0000] {dag.py:3954} INFO - Setting next_dagrun for first_dag to 2024-06-12 00:00:00+00:00, run_after=2024-06-13 00:00:00+00:00
[2024-06-12T03:13:19.937+0000] {processor.py:183} INFO - Processing /opt/airflow/dags/first_dag.py took 0.075 seconds
[2024-06-12T03:13:50.159+0000] {processor.py:161} INFO - Started process (PID=1213) to work on /opt/airflow/dags/first_dag.py
[2024-06-12T03:13:50.160+0000] {processor.py:830} INFO - Processing file /opt/airflow/dags/first_dag.py for tasks to queue
[2024-06-12T03:13:50.161+0000] {logging_mixin.py:188} INFO - [2024-06-12T03:13:50.161+0000] {dagbag.py:545} INFO - Filling up the DagBag from /opt/airflow/dags/first_dag.py
[2024-06-12T03:13:50.180+0000] {processor.py:840} INFO - DAG(s) 'first_dag' retrieved from /opt/airflow/dags/first_dag.py
[2024-06-12T03:13:50.204+0000] {logging_mixin.py:188} INFO - [2024-06-12T03:13:50.203+0000] {dag.py:3096} INFO - Sync 1 DAGs
[2024-06-12T03:13:50.223+0000] {logging_mixin.py:188} INFO - [2024-06-12T03:13:50.223+0000] {dag.py:3954} INFO - Setting next_dagrun for first_dag to 2024-06-12 00:00:00+00:00, run_after=2024-06-13 00:00:00+00:00
[2024-06-12T03:13:50.239+0000] {processor.py:183} INFO - Processing /opt/airflow/dags/first_dag.py took 0.085 seconds
[2024-06-12T03:14:20.411+0000] {processor.py:161} INFO - Started process (PID=1230) to work on /opt/airflow/dags/first_dag.py
[2024-06-12T03:14:20.412+0000] {processor.py:830} INFO - Processing file /opt/airflow/dags/first_dag.py for tasks to queue
[2024-06-12T03:14:20.413+0000] {logging_mixin.py:188} INFO - [2024-06-12T03:14:20.413+0000] {dagbag.py:545} INFO - Filling up the DagBag from /opt/airflow/dags/first_dag.py
[2024-06-12T03:14:20.431+0000] {processor.py:840} INFO - DAG(s) 'first_dag' retrieved from /opt/airflow/dags/first_dag.py
[2024-06-12T03:14:20.454+0000] {logging_mixin.py:188} INFO - [2024-06-12T03:14:20.454+0000] {dag.py:3096} INFO - Sync 1 DAGs
[2024-06-12T03:14:20.472+0000] {logging_mixin.py:188} INFO - [2024-06-12T03:14:20.472+0000] {dag.py:3954} INFO - Setting next_dagrun for first_dag to 2024-06-12 00:00:00+00:00, run_after=2024-06-13 00:00:00+00:00
[2024-06-12T03:14:20.487+0000] {processor.py:183} INFO - Processing /opt/airflow/dags/first_dag.py took 0.080 seconds
[2024-06-12T03:14:50.666+0000] {processor.py:161} INFO - Started process (PID=1247) to work on /opt/airflow/dags/first_dag.py
[2024-06-12T03:14:50.667+0000] {processor.py:830} INFO - Processing file /opt/airflow/dags/first_dag.py for tasks to queue
[2024-06-12T03:14:50.669+0000] {logging_mixin.py:188} INFO - [2024-06-12T03:14:50.669+0000] {dagbag.py:545} INFO - Filling up the DagBag from /opt/airflow/dags/first_dag.py
[2024-06-12T03:14:50.693+0000] {processor.py:840} INFO - DAG(s) 'first_dag' retrieved from /opt/airflow/dags/first_dag.py
[2024-06-12T03:14:50.717+0000] {logging_mixin.py:188} INFO - [2024-06-12T03:14:50.717+0000] {dag.py:3096} INFO - Sync 1 DAGs
[2024-06-12T03:14:50.734+0000] {logging_mixin.py:188} INFO - [2024-06-12T03:14:50.734+0000] {dag.py:3954} INFO - Setting next_dagrun for first_dag to 2024-06-12 00:00:00+00:00, run_after=2024-06-13 00:00:00+00:00
[2024-06-12T03:14:50.749+0000] {processor.py:183} INFO - Processing /opt/airflow/dags/first_dag.py took 0.087 seconds
[2024-06-12T03:15:20.940+0000] {processor.py:161} INFO - Started process (PID=1264) to work on /opt/airflow/dags/first_dag.py
[2024-06-12T03:15:20.940+0000] {processor.py:830} INFO - Processing file /opt/airflow/dags/first_dag.py for tasks to queue
[2024-06-12T03:15:20.942+0000] {logging_mixin.py:188} INFO - [2024-06-12T03:15:20.941+0000] {dagbag.py:545} INFO - Filling up the DagBag from /opt/airflow/dags/first_dag.py
[2024-06-12T03:15:20.960+0000] {processor.py:840} INFO - DAG(s) 'first_dag' retrieved from /opt/airflow/dags/first_dag.py
[2024-06-12T03:15:20.983+0000] {logging_mixin.py:188} INFO - [2024-06-12T03:15:20.983+0000] {dag.py:3096} INFO - Sync 1 DAGs
[2024-06-12T03:15:21.002+0000] {logging_mixin.py:188} INFO - [2024-06-12T03:15:21.002+0000] {dag.py:3954} INFO - Setting next_dagrun for first_dag to 2024-06-12 00:00:00+00:00, run_after=2024-06-13 00:00:00+00:00
[2024-06-12T03:15:21.029+0000] {processor.py:183} INFO - Processing /opt/airflow/dags/first_dag.py took 0.094 seconds
[2024-06-12T03:15:51.209+0000] {processor.py:161} INFO - Started process (PID=1281) to work on /opt/airflow/dags/first_dag.py
[2024-06-12T03:15:51.210+0000] {processor.py:830} INFO - Processing file /opt/airflow/dags/first_dag.py for tasks to queue
[2024-06-12T03:15:51.211+0000] {logging_mixin.py:188} INFO - [2024-06-12T03:15:51.211+0000] {dagbag.py:545} INFO - Filling up the DagBag from /opt/airflow/dags/first_dag.py
[2024-06-12T03:15:51.227+0000] {processor.py:840} INFO - DAG(s) 'first_dag' retrieved from /opt/airflow/dags/first_dag.py
[2024-06-12T03:15:51.248+0000] {logging_mixin.py:188} INFO - [2024-06-12T03:15:51.248+0000] {dag.py:3096} INFO - Sync 1 DAGs
[2024-06-12T03:15:51.267+0000] {logging_mixin.py:188} INFO - [2024-06-12T03:15:51.267+0000] {dag.py:3954} INFO - Setting next_dagrun for first_dag to 2024-06-12 00:00:00+00:00, run_after=2024-06-13 00:00:00+00:00
[2024-06-12T03:15:51.281+0000] {processor.py:183} INFO - Processing /opt/airflow/dags/first_dag.py took 0.076 seconds
[2024-06-12T03:16:21.462+0000] {processor.py:161} INFO - Started process (PID=1298) to work on /opt/airflow/dags/first_dag.py
[2024-06-12T03:16:21.463+0000] {processor.py:830} INFO - Processing file /opt/airflow/dags/first_dag.py for tasks to queue
[2024-06-12T03:16:21.464+0000] {logging_mixin.py:188} INFO - [2024-06-12T03:16:21.464+0000] {dagbag.py:545} INFO - Filling up the DagBag from /opt/airflow/dags/first_dag.py
[2024-06-12T03:16:21.485+0000] {processor.py:840} INFO - DAG(s) 'first_dag' retrieved from /opt/airflow/dags/first_dag.py
[2024-06-12T03:16:21.510+0000] {logging_mixin.py:188} INFO - [2024-06-12T03:16:21.510+0000] {dag.py:3096} INFO - Sync 1 DAGs
[2024-06-12T03:16:21.532+0000] {logging_mixin.py:188} INFO - [2024-06-12T03:16:21.532+0000] {dag.py:3954} INFO - Setting next_dagrun for first_dag to 2024-06-12 00:00:00+00:00, run_after=2024-06-13 00:00:00+00:00
[2024-06-12T03:16:21.551+0000] {processor.py:183} INFO - Processing /opt/airflow/dags/first_dag.py took 0.096 seconds
[2024-06-12T03:16:51.739+0000] {processor.py:161} INFO - Started process (PID=1315) to work on /opt/airflow/dags/first_dag.py
[2024-06-12T03:16:51.739+0000] {processor.py:830} INFO - Processing file /opt/airflow/dags/first_dag.py for tasks to queue
[2024-06-12T03:16:51.741+0000] {logging_mixin.py:188} INFO - [2024-06-12T03:16:51.741+0000] {dagbag.py:545} INFO - Filling up the DagBag from /opt/airflow/dags/first_dag.py
[2024-06-12T03:16:51.761+0000] {processor.py:840} INFO - DAG(s) 'first_dag' retrieved from /opt/airflow/dags/first_dag.py
[2024-06-12T03:16:51.787+0000] {logging_mixin.py:188} INFO - [2024-06-12T03:16:51.787+0000] {dag.py:3096} INFO - Sync 1 DAGs
[2024-06-12T03:16:51.808+0000] {logging_mixin.py:188} INFO - [2024-06-12T03:16:51.808+0000] {dag.py:3954} INFO - Setting next_dagrun for first_dag to 2024-06-12 00:00:00+00:00, run_after=2024-06-13 00:00:00+00:00
[2024-06-12T03:16:51.826+0000] {processor.py:183} INFO - Processing /opt/airflow/dags/first_dag.py took 0.092 seconds
[2024-06-12T03:17:22.001+0000] {processor.py:161} INFO - Started process (PID=1332) to work on /opt/airflow/dags/first_dag.py
[2024-06-12T03:17:22.002+0000] {processor.py:830} INFO - Processing file /opt/airflow/dags/first_dag.py for tasks to queue
[2024-06-12T03:17:22.003+0000] {logging_mixin.py:188} INFO - [2024-06-12T03:17:22.003+0000] {dagbag.py:545} INFO - Filling up the DagBag from /opt/airflow/dags/first_dag.py
[2024-06-12T03:17:22.020+0000] {processor.py:840} INFO - DAG(s) 'first_dag' retrieved from /opt/airflow/dags/first_dag.py
[2024-06-12T03:17:22.042+0000] {logging_mixin.py:188} INFO - [2024-06-12T03:17:22.042+0000] {dag.py:3096} INFO - Sync 1 DAGs
[2024-06-12T03:17:22.060+0000] {logging_mixin.py:188} INFO - [2024-06-12T03:17:22.059+0000] {dag.py:3954} INFO - Setting next_dagrun for first_dag to 2024-06-12 00:00:00+00:00, run_after=2024-06-13 00:00:00+00:00
[2024-06-12T03:17:22.076+0000] {processor.py:183} INFO - Processing /opt/airflow/dags/first_dag.py took 0.080 seconds
[2024-06-12T03:17:52.256+0000] {processor.py:161} INFO - Started process (PID=1349) to work on /opt/airflow/dags/first_dag.py
[2024-06-12T03:17:52.257+0000] {processor.py:830} INFO - Processing file /opt/airflow/dags/first_dag.py for tasks to queue
[2024-06-12T03:17:52.258+0000] {logging_mixin.py:188} INFO - [2024-06-12T03:17:52.258+0000] {dagbag.py:545} INFO - Filling up the DagBag from /opt/airflow/dags/first_dag.py
[2024-06-12T03:17:52.277+0000] {processor.py:840} INFO - DAG(s) 'first_dag' retrieved from /opt/airflow/dags/first_dag.py
[2024-06-12T03:17:52.299+0000] {logging_mixin.py:188} INFO - [2024-06-12T03:17:52.299+0000] {dag.py:3096} INFO - Sync 1 DAGs
[2024-06-12T03:17:52.316+0000] {logging_mixin.py:188} INFO - [2024-06-12T03:17:52.316+0000] {dag.py:3954} INFO - Setting next_dagrun for first_dag to 2024-06-12 00:00:00+00:00, run_after=2024-06-13 00:00:00+00:00
[2024-06-12T03:17:52.332+0000] {processor.py:183} INFO - Processing /opt/airflow/dags/first_dag.py took 0.080 seconds
[2024-06-12T03:18:22.506+0000] {processor.py:161} INFO - Started process (PID=1366) to work on /opt/airflow/dags/first_dag.py
[2024-06-12T03:18:22.507+0000] {processor.py:830} INFO - Processing file /opt/airflow/dags/first_dag.py for tasks to queue
[2024-06-12T03:18:22.508+0000] {logging_mixin.py:188} INFO - [2024-06-12T03:18:22.508+0000] {dagbag.py:545} INFO - Filling up the DagBag from /opt/airflow/dags/first_dag.py
[2024-06-12T03:18:22.524+0000] {processor.py:840} INFO - DAG(s) 'first_dag' retrieved from /opt/airflow/dags/first_dag.py
[2024-06-12T03:18:22.546+0000] {logging_mixin.py:188} INFO - [2024-06-12T03:18:22.546+0000] {dag.py:3096} INFO - Sync 1 DAGs
[2024-06-12T03:18:22.566+0000] {logging_mixin.py:188} INFO - [2024-06-12T03:18:22.566+0000] {dag.py:3954} INFO - Setting next_dagrun for first_dag to 2024-06-12 00:00:00+00:00, run_after=2024-06-13 00:00:00+00:00
[2024-06-12T03:18:22.582+0000] {processor.py:183} INFO - Processing /opt/airflow/dags/first_dag.py took 0.080 seconds
[2024-06-12T03:18:52.808+0000] {processor.py:161} INFO - Started process (PID=1383) to work on /opt/airflow/dags/first_dag.py
[2024-06-12T03:18:52.808+0000] {processor.py:830} INFO - Processing file /opt/airflow/dags/first_dag.py for tasks to queue
[2024-06-12T03:18:52.810+0000] {logging_mixin.py:188} INFO - [2024-06-12T03:18:52.809+0000] {dagbag.py:545} INFO - Filling up the DagBag from /opt/airflow/dags/first_dag.py
[2024-06-12T03:18:52.828+0000] {processor.py:840} INFO - DAG(s) 'first_dag' retrieved from /opt/airflow/dags/first_dag.py
[2024-06-12T03:18:52.849+0000] {logging_mixin.py:188} INFO - [2024-06-12T03:18:52.849+0000] {dag.py:3096} INFO - Sync 1 DAGs
[2024-06-12T03:18:52.867+0000] {logging_mixin.py:188} INFO - [2024-06-12T03:18:52.867+0000] {dag.py:3954} INFO - Setting next_dagrun for first_dag to 2024-06-12 00:00:00+00:00, run_after=2024-06-13 00:00:00+00:00
[2024-06-12T03:18:52.892+0000] {processor.py:183} INFO - Processing /opt/airflow/dags/first_dag.py took 0.089 seconds
[2024-06-12T03:19:23.059+0000] {processor.py:161} INFO - Started process (PID=1400) to work on /opt/airflow/dags/first_dag.py
[2024-06-12T03:19:23.060+0000] {processor.py:830} INFO - Processing file /opt/airflow/dags/first_dag.py for tasks to queue
[2024-06-12T03:19:23.061+0000] {logging_mixin.py:188} INFO - [2024-06-12T03:19:23.061+0000] {dagbag.py:545} INFO - Filling up the DagBag from /opt/airflow/dags/first_dag.py
[2024-06-12T03:19:23.077+0000] {processor.py:840} INFO - DAG(s) 'first_dag' retrieved from /opt/airflow/dags/first_dag.py
[2024-06-12T03:19:23.098+0000] {logging_mixin.py:188} INFO - [2024-06-12T03:19:23.098+0000] {dag.py:3096} INFO - Sync 1 DAGs
[2024-06-12T03:19:23.117+0000] {logging_mixin.py:188} INFO - [2024-06-12T03:19:23.117+0000] {dag.py:3954} INFO - Setting next_dagrun for first_dag to 2024-06-12 00:00:00+00:00, run_after=2024-06-13 00:00:00+00:00
[2024-06-12T03:19:23.140+0000] {processor.py:183} INFO - Processing /opt/airflow/dags/first_dag.py took 0.084 seconds
[2024-06-12T03:19:53.322+0000] {processor.py:161} INFO - Started process (PID=1417) to work on /opt/airflow/dags/first_dag.py
[2024-06-12T03:19:53.323+0000] {processor.py:830} INFO - Processing file /opt/airflow/dags/first_dag.py for tasks to queue
[2024-06-12T03:19:53.325+0000] {logging_mixin.py:188} INFO - [2024-06-12T03:19:53.324+0000] {dagbag.py:545} INFO - Filling up the DagBag from /opt/airflow/dags/first_dag.py
[2024-06-12T03:19:53.347+0000] {processor.py:840} INFO - DAG(s) 'first_dag' retrieved from /opt/airflow/dags/first_dag.py
[2024-06-12T03:19:53.378+0000] {logging_mixin.py:188} INFO - [2024-06-12T03:19:53.378+0000] {dag.py:3096} INFO - Sync 1 DAGs
[2024-06-12T03:19:53.400+0000] {logging_mixin.py:188} INFO - [2024-06-12T03:19:53.400+0000] {dag.py:3954} INFO - Setting next_dagrun for first_dag to 2024-06-12 00:00:00+00:00, run_after=2024-06-13 00:00:00+00:00
[2024-06-12T03:19:53.431+0000] {processor.py:183} INFO - Processing /opt/airflow/dags/first_dag.py took 0.114 seconds
[2024-06-12T03:20:23.621+0000] {processor.py:161} INFO - Started process (PID=1434) to work on /opt/airflow/dags/first_dag.py
[2024-06-12T03:20:23.622+0000] {processor.py:830} INFO - Processing file /opt/airflow/dags/first_dag.py for tasks to queue
[2024-06-12T03:20:23.623+0000] {logging_mixin.py:188} INFO - [2024-06-12T03:20:23.623+0000] {dagbag.py:545} INFO - Filling up the DagBag from /opt/airflow/dags/first_dag.py
[2024-06-12T03:20:23.642+0000] {processor.py:840} INFO - DAG(s) 'first_dag' retrieved from /opt/airflow/dags/first_dag.py
[2024-06-12T03:20:23.665+0000] {logging_mixin.py:188} INFO - [2024-06-12T03:20:23.665+0000] {dag.py:3096} INFO - Sync 1 DAGs
[2024-06-12T03:20:23.684+0000] {logging_mixin.py:188} INFO - [2024-06-12T03:20:23.684+0000] {dag.py:3954} INFO - Setting next_dagrun for first_dag to 2024-06-12 00:00:00+00:00, run_after=2024-06-13 00:00:00+00:00
[2024-06-12T03:20:23.699+0000] {processor.py:183} INFO - Processing /opt/airflow/dags/first_dag.py took 0.083 seconds
[2024-06-12T03:20:53.866+0000] {processor.py:161} INFO - Started process (PID=1451) to work on /opt/airflow/dags/first_dag.py
[2024-06-12T03:20:53.867+0000] {processor.py:830} INFO - Processing file /opt/airflow/dags/first_dag.py for tasks to queue
[2024-06-12T03:20:53.868+0000] {logging_mixin.py:188} INFO - [2024-06-12T03:20:53.868+0000] {dagbag.py:545} INFO - Filling up the DagBag from /opt/airflow/dags/first_dag.py
[2024-06-12T03:20:53.884+0000] {processor.py:840} INFO - DAG(s) 'first_dag' retrieved from /opt/airflow/dags/first_dag.py
[2024-06-12T03:20:53.905+0000] {logging_mixin.py:188} INFO - [2024-06-12T03:20:53.905+0000] {dag.py:3096} INFO - Sync 1 DAGs
[2024-06-12T03:20:53.921+0000] {logging_mixin.py:188} INFO - [2024-06-12T03:20:53.921+0000] {dag.py:3954} INFO - Setting next_dagrun for first_dag to 2024-06-12 00:00:00+00:00, run_after=2024-06-13 00:00:00+00:00
[2024-06-12T03:20:53.936+0000] {processor.py:183} INFO - Processing /opt/airflow/dags/first_dag.py took 0.074 seconds
[2024-06-12T03:21:24.109+0000] {processor.py:161} INFO - Started process (PID=1468) to work on /opt/airflow/dags/first_dag.py
[2024-06-12T03:21:24.110+0000] {processor.py:830} INFO - Processing file /opt/airflow/dags/first_dag.py for tasks to queue
[2024-06-12T03:21:24.111+0000] {logging_mixin.py:188} INFO - [2024-06-12T03:21:24.111+0000] {dagbag.py:545} INFO - Filling up the DagBag from /opt/airflow/dags/first_dag.py
[2024-06-12T03:21:24.128+0000] {processor.py:840} INFO - DAG(s) 'first_dag' retrieved from /opt/airflow/dags/first_dag.py
[2024-06-12T03:21:24.149+0000] {logging_mixin.py:188} INFO - [2024-06-12T03:21:24.149+0000] {dag.py:3096} INFO - Sync 1 DAGs
[2024-06-12T03:21:24.166+0000] {logging_mixin.py:188} INFO - [2024-06-12T03:21:24.166+0000] {dag.py:3954} INFO - Setting next_dagrun for first_dag to 2024-06-12 00:00:00+00:00, run_after=2024-06-13 00:00:00+00:00
[2024-06-12T03:21:24.181+0000] {processor.py:183} INFO - Processing /opt/airflow/dags/first_dag.py took 0.076 seconds
[2024-06-12T03:21:54.348+0000] {processor.py:161} INFO - Started process (PID=1485) to work on /opt/airflow/dags/first_dag.py
[2024-06-12T03:21:54.348+0000] {processor.py:830} INFO - Processing file /opt/airflow/dags/first_dag.py for tasks to queue
[2024-06-12T03:21:54.350+0000] {logging_mixin.py:188} INFO - [2024-06-12T03:21:54.349+0000] {dagbag.py:545} INFO - Filling up the DagBag from /opt/airflow/dags/first_dag.py
[2024-06-12T03:21:54.367+0000] {processor.py:840} INFO - DAG(s) 'first_dag' retrieved from /opt/airflow/dags/first_dag.py
[2024-06-12T03:21:54.389+0000] {logging_mixin.py:188} INFO - [2024-06-12T03:21:54.389+0000] {dag.py:3096} INFO - Sync 1 DAGs
[2024-06-12T03:21:54.407+0000] {logging_mixin.py:188} INFO - [2024-06-12T03:21:54.406+0000] {dag.py:3954} INFO - Setting next_dagrun for first_dag to 2024-06-12 00:00:00+00:00, run_after=2024-06-13 00:00:00+00:00
[2024-06-12T03:21:54.421+0000] {processor.py:183} INFO - Processing /opt/airflow/dags/first_dag.py took 0.078 seconds
[2024-06-12T03:22:24.580+0000] {processor.py:161} INFO - Started process (PID=1502) to work on /opt/airflow/dags/first_dag.py
[2024-06-12T03:22:24.581+0000] {processor.py:830} INFO - Processing file /opt/airflow/dags/first_dag.py for tasks to queue
[2024-06-12T03:22:24.582+0000] {logging_mixin.py:188} INFO - [2024-06-12T03:22:24.582+0000] {dagbag.py:545} INFO - Filling up the DagBag from /opt/airflow/dags/first_dag.py
[2024-06-12T03:22:24.598+0000] {processor.py:840} INFO - DAG(s) 'first_dag' retrieved from /opt/airflow/dags/first_dag.py
[2024-06-12T03:22:24.618+0000] {logging_mixin.py:188} INFO - [2024-06-12T03:22:24.618+0000] {dag.py:3096} INFO - Sync 1 DAGs
[2024-06-12T03:22:24.635+0000] {logging_mixin.py:188} INFO - [2024-06-12T03:22:24.635+0000] {dag.py:3954} INFO - Setting next_dagrun for first_dag to 2024-06-12 00:00:00+00:00, run_after=2024-06-13 00:00:00+00:00
[2024-06-12T03:22:24.658+0000] {processor.py:183} INFO - Processing /opt/airflow/dags/first_dag.py took 0.082 seconds
[2024-06-12T03:22:54.810+0000] {processor.py:161} INFO - Started process (PID=1519) to work on /opt/airflow/dags/first_dag.py
[2024-06-12T03:22:54.811+0000] {processor.py:830} INFO - Processing file /opt/airflow/dags/first_dag.py for tasks to queue
[2024-06-12T03:22:54.812+0000] {logging_mixin.py:188} INFO - [2024-06-12T03:22:54.812+0000] {dagbag.py:545} INFO - Filling up the DagBag from /opt/airflow/dags/first_dag.py
[2024-06-12T03:22:54.828+0000] {processor.py:840} INFO - DAG(s) 'first_dag' retrieved from /opt/airflow/dags/first_dag.py
[2024-06-12T03:22:54.849+0000] {logging_mixin.py:188} INFO - [2024-06-12T03:22:54.848+0000] {dag.py:3096} INFO - Sync 1 DAGs
[2024-06-12T03:22:54.865+0000] {logging_mixin.py:188} INFO - [2024-06-12T03:22:54.865+0000] {dag.py:3954} INFO - Setting next_dagrun for first_dag to 2024-06-12 00:00:00+00:00, run_after=2024-06-13 00:00:00+00:00
[2024-06-12T03:22:54.888+0000] {processor.py:183} INFO - Processing /opt/airflow/dags/first_dag.py took 0.082 seconds
[2024-06-12T03:23:25.039+0000] {processor.py:161} INFO - Started process (PID=1536) to work on /opt/airflow/dags/first_dag.py
[2024-06-12T03:23:25.040+0000] {processor.py:830} INFO - Processing file /opt/airflow/dags/first_dag.py for tasks to queue
[2024-06-12T03:23:25.041+0000] {logging_mixin.py:188} INFO - [2024-06-12T03:23:25.041+0000] {dagbag.py:545} INFO - Filling up the DagBag from /opt/airflow/dags/first_dag.py
[2024-06-12T03:23:25.057+0000] {processor.py:840} INFO - DAG(s) 'first_dag' retrieved from /opt/airflow/dags/first_dag.py
[2024-06-12T03:23:25.077+0000] {logging_mixin.py:188} INFO - [2024-06-12T03:23:25.076+0000] {dag.py:3096} INFO - Sync 1 DAGs
[2024-06-12T03:23:25.093+0000] {logging_mixin.py:188} INFO - [2024-06-12T03:23:25.093+0000] {dag.py:3954} INFO - Setting next_dagrun for first_dag to 2024-06-12 00:00:00+00:00, run_after=2024-06-13 00:00:00+00:00
[2024-06-12T03:23:25.116+0000] {processor.py:183} INFO - Processing /opt/airflow/dags/first_dag.py took 0.080 seconds
[2024-06-12T03:23:55.270+0000] {processor.py:161} INFO - Started process (PID=1553) to work on /opt/airflow/dags/first_dag.py
[2024-06-12T03:23:55.270+0000] {processor.py:830} INFO - Processing file /opt/airflow/dags/first_dag.py for tasks to queue
[2024-06-12T03:23:55.272+0000] {logging_mixin.py:188} INFO - [2024-06-12T03:23:55.272+0000] {dagbag.py:545} INFO - Filling up the DagBag from /opt/airflow/dags/first_dag.py
[2024-06-12T03:23:55.288+0000] {processor.py:840} INFO - DAG(s) 'first_dag' retrieved from /opt/airflow/dags/first_dag.py
[2024-06-12T03:23:55.309+0000] {logging_mixin.py:188} INFO - [2024-06-12T03:23:55.309+0000] {dag.py:3096} INFO - Sync 1 DAGs
[2024-06-12T03:23:55.326+0000] {logging_mixin.py:188} INFO - [2024-06-12T03:23:55.325+0000] {dag.py:3954} INFO - Setting next_dagrun for first_dag to 2024-06-12 00:00:00+00:00, run_after=2024-06-13 00:00:00+00:00
[2024-06-12T03:23:55.340+0000] {processor.py:183} INFO - Processing /opt/airflow/dags/first_dag.py took 0.074 seconds
[2024-06-12T03:24:25.494+0000] {processor.py:161} INFO - Started process (PID=1570) to work on /opt/airflow/dags/first_dag.py
[2024-06-12T03:24:25.495+0000] {processor.py:830} INFO - Processing file /opt/airflow/dags/first_dag.py for tasks to queue
[2024-06-12T03:24:25.496+0000] {logging_mixin.py:188} INFO - [2024-06-12T03:24:25.496+0000] {dagbag.py:545} INFO - Filling up the DagBag from /opt/airflow/dags/first_dag.py
[2024-06-12T03:24:25.514+0000] {processor.py:840} INFO - DAG(s) 'first_dag' retrieved from /opt/airflow/dags/first_dag.py
[2024-06-12T03:24:25.536+0000] {logging_mixin.py:188} INFO - [2024-06-12T03:24:25.536+0000] {dag.py:3096} INFO - Sync 1 DAGs
[2024-06-12T03:24:25.555+0000] {logging_mixin.py:188} INFO - [2024-06-12T03:24:25.554+0000] {dag.py:3954} INFO - Setting next_dagrun for first_dag to 2024-06-12 00:00:00+00:00, run_after=2024-06-13 00:00:00+00:00
[2024-06-12T03:24:25.579+0000] {processor.py:183} INFO - Processing /opt/airflow/dags/first_dag.py took 0.089 seconds
[2024-06-12T03:24:55.732+0000] {processor.py:161} INFO - Started process (PID=1587) to work on /opt/airflow/dags/first_dag.py
[2024-06-12T03:24:55.732+0000] {processor.py:830} INFO - Processing file /opt/airflow/dags/first_dag.py for tasks to queue
[2024-06-12T03:24:55.734+0000] {logging_mixin.py:188} INFO - [2024-06-12T03:24:55.734+0000] {dagbag.py:545} INFO - Filling up the DagBag from /opt/airflow/dags/first_dag.py
[2024-06-12T03:24:55.750+0000] {processor.py:840} INFO - DAG(s) 'first_dag' retrieved from /opt/airflow/dags/first_dag.py
[2024-06-12T03:24:55.770+0000] {logging_mixin.py:188} INFO - [2024-06-12T03:24:55.770+0000] {dag.py:3096} INFO - Sync 1 DAGs
[2024-06-12T03:24:55.786+0000] {logging_mixin.py:188} INFO - [2024-06-12T03:24:55.786+0000] {dag.py:3954} INFO - Setting next_dagrun for first_dag to 2024-06-12 00:00:00+00:00, run_after=2024-06-13 00:00:00+00:00
[2024-06-12T03:24:55.800+0000] {processor.py:183} INFO - Processing /opt/airflow/dags/first_dag.py took 0.072 seconds
[2024-06-12T03:25:25.954+0000] {processor.py:161} INFO - Started process (PID=1604) to work on /opt/airflow/dags/first_dag.py
[2024-06-12T03:25:25.955+0000] {processor.py:830} INFO - Processing file /opt/airflow/dags/first_dag.py for tasks to queue
[2024-06-12T03:25:25.956+0000] {logging_mixin.py:188} INFO - [2024-06-12T03:25:25.956+0000] {dagbag.py:545} INFO - Filling up the DagBag from /opt/airflow/dags/first_dag.py
[2024-06-12T03:25:25.974+0000] {processor.py:840} INFO - DAG(s) 'first_dag' retrieved from /opt/airflow/dags/first_dag.py
[2024-06-12T03:25:25.996+0000] {logging_mixin.py:188} INFO - [2024-06-12T03:25:25.996+0000] {dag.py:3096} INFO - Sync 1 DAGs
[2024-06-12T03:25:26.014+0000] {logging_mixin.py:188} INFO - [2024-06-12T03:25:26.013+0000] {dag.py:3954} INFO - Setting next_dagrun for first_dag to 2024-06-12 00:00:00+00:00, run_after=2024-06-13 00:00:00+00:00
[2024-06-12T03:25:26.030+0000] {processor.py:183} INFO - Processing /opt/airflow/dags/first_dag.py took 0.080 seconds
[2024-06-12T03:25:56.198+0000] {processor.py:161} INFO - Started process (PID=1621) to work on /opt/airflow/dags/first_dag.py
[2024-06-12T03:25:56.199+0000] {processor.py:830} INFO - Processing file /opt/airflow/dags/first_dag.py for tasks to queue
[2024-06-12T03:25:56.200+0000] {logging_mixin.py:188} INFO - [2024-06-12T03:25:56.200+0000] {dagbag.py:545} INFO - Filling up the DagBag from /opt/airflow/dags/first_dag.py
[2024-06-12T03:25:56.225+0000] {processor.py:840} INFO - DAG(s) 'first_dag' retrieved from /opt/airflow/dags/first_dag.py
[2024-06-12T03:25:56.249+0000] {logging_mixin.py:188} INFO - [2024-06-12T03:25:56.249+0000] {dag.py:3096} INFO - Sync 1 DAGs
[2024-06-12T03:25:56.268+0000] {logging_mixin.py:188} INFO - [2024-06-12T03:25:56.268+0000] {dag.py:3954} INFO - Setting next_dagrun for first_dag to 2024-06-12 00:00:00+00:00, run_after=2024-06-13 00:00:00+00:00
[2024-06-12T03:25:56.283+0000] {processor.py:183} INFO - Processing /opt/airflow/dags/first_dag.py took 0.089 seconds
[2024-06-12T03:26:26.442+0000] {processor.py:161} INFO - Started process (PID=1638) to work on /opt/airflow/dags/first_dag.py
[2024-06-12T03:26:26.442+0000] {processor.py:830} INFO - Processing file /opt/airflow/dags/first_dag.py for tasks to queue
[2024-06-12T03:26:26.444+0000] {logging_mixin.py:188} INFO - [2024-06-12T03:26:26.444+0000] {dagbag.py:545} INFO - Filling up the DagBag from /opt/airflow/dags/first_dag.py
[2024-06-12T03:26:26.461+0000] {processor.py:840} INFO - DAG(s) 'first_dag' retrieved from /opt/airflow/dags/first_dag.py
[2024-06-12T03:26:26.483+0000] {logging_mixin.py:188} INFO - [2024-06-12T03:26:26.482+0000] {dag.py:3096} INFO - Sync 1 DAGs
[2024-06-12T03:26:26.500+0000] {logging_mixin.py:188} INFO - [2024-06-12T03:26:26.500+0000] {dag.py:3954} INFO - Setting next_dagrun for first_dag to 2024-06-12 00:00:00+00:00, run_after=2024-06-13 00:00:00+00:00
[2024-06-12T03:26:26.524+0000] {processor.py:183} INFO - Processing /opt/airflow/dags/first_dag.py took 0.087 seconds
[2024-06-12T03:26:56.687+0000] {processor.py:161} INFO - Started process (PID=1655) to work on /opt/airflow/dags/first_dag.py
[2024-06-12T03:26:56.687+0000] {processor.py:830} INFO - Processing file /opt/airflow/dags/first_dag.py for tasks to queue
[2024-06-12T03:26:56.688+0000] {logging_mixin.py:188} INFO - [2024-06-12T03:26:56.688+0000] {dagbag.py:545} INFO - Filling up the DagBag from /opt/airflow/dags/first_dag.py
[2024-06-12T03:26:56.705+0000] {processor.py:840} INFO - DAG(s) 'first_dag' retrieved from /opt/airflow/dags/first_dag.py
[2024-06-12T03:26:56.725+0000] {logging_mixin.py:188} INFO - [2024-06-12T03:26:56.725+0000] {dag.py:3096} INFO - Sync 1 DAGs
[2024-06-12T03:26:56.743+0000] {logging_mixin.py:188} INFO - [2024-06-12T03:26:56.742+0000] {dag.py:3954} INFO - Setting next_dagrun for first_dag to 2024-06-12 00:00:00+00:00, run_after=2024-06-13 00:00:00+00:00
[2024-06-12T03:26:56.758+0000] {processor.py:183} INFO - Processing /opt/airflow/dags/first_dag.py took 0.075 seconds
[2024-06-12T03:27:26.928+0000] {processor.py:161} INFO - Started process (PID=1672) to work on /opt/airflow/dags/first_dag.py
[2024-06-12T03:27:26.929+0000] {processor.py:830} INFO - Processing file /opt/airflow/dags/first_dag.py for tasks to queue
[2024-06-12T03:27:26.930+0000] {logging_mixin.py:188} INFO - [2024-06-12T03:27:26.930+0000] {dagbag.py:545} INFO - Filling up the DagBag from /opt/airflow/dags/first_dag.py
[2024-06-12T03:27:26.947+0000] {processor.py:840} INFO - DAG(s) 'first_dag' retrieved from /opt/airflow/dags/first_dag.py
[2024-06-12T03:27:26.967+0000] {logging_mixin.py:188} INFO - [2024-06-12T03:27:26.967+0000] {dag.py:3096} INFO - Sync 1 DAGs
[2024-06-12T03:27:26.985+0000] {logging_mixin.py:188} INFO - [2024-06-12T03:27:26.985+0000] {dag.py:3954} INFO - Setting next_dagrun for first_dag to 2024-06-12 00:00:00+00:00, run_after=2024-06-13 00:00:00+00:00
[2024-06-12T03:27:27.009+0000] {processor.py:183} INFO - Processing /opt/airflow/dags/first_dag.py took 0.094 seconds
[2024-06-12T03:27:57.168+0000] {processor.py:161} INFO - Started process (PID=1689) to work on /opt/airflow/dags/first_dag.py
[2024-06-12T03:27:57.169+0000] {processor.py:830} INFO - Processing file /opt/airflow/dags/first_dag.py for tasks to queue
[2024-06-12T03:27:57.171+0000] {logging_mixin.py:188} INFO - [2024-06-12T03:27:57.170+0000] {dagbag.py:545} INFO - Filling up the DagBag from /opt/airflow/dags/first_dag.py
[2024-06-12T03:27:57.187+0000] {processor.py:840} INFO - DAG(s) 'first_dag' retrieved from /opt/airflow/dags/first_dag.py
[2024-06-12T03:27:57.208+0000] {logging_mixin.py:188} INFO - [2024-06-12T03:27:57.208+0000] {dag.py:3096} INFO - Sync 1 DAGs
[2024-06-12T03:27:57.225+0000] {logging_mixin.py:188} INFO - [2024-06-12T03:27:57.225+0000] {dag.py:3954} INFO - Setting next_dagrun for first_dag to 2024-06-12 00:00:00+00:00, run_after=2024-06-13 00:00:00+00:00
[2024-06-12T03:27:57.248+0000] {processor.py:183} INFO - Processing /opt/airflow/dags/first_dag.py took 0.084 seconds
[2024-06-12T03:28:27.415+0000] {processor.py:161} INFO - Started process (PID=1706) to work on /opt/airflow/dags/first_dag.py
[2024-06-12T03:28:27.415+0000] {processor.py:830} INFO - Processing file /opt/airflow/dags/first_dag.py for tasks to queue
[2024-06-12T03:28:27.418+0000] {logging_mixin.py:188} INFO - [2024-06-12T03:28:27.417+0000] {dagbag.py:545} INFO - Filling up the DagBag from /opt/airflow/dags/first_dag.py
[2024-06-12T03:28:27.438+0000] {processor.py:840} INFO - DAG(s) 'first_dag' retrieved from /opt/airflow/dags/first_dag.py
[2024-06-12T03:28:27.467+0000] {logging_mixin.py:188} INFO - [2024-06-12T03:28:27.467+0000] {dag.py:3096} INFO - Sync 1 DAGs
[2024-06-12T03:28:27.494+0000] {logging_mixin.py:188} INFO - [2024-06-12T03:28:27.494+0000] {dag.py:3954} INFO - Setting next_dagrun for first_dag to 2024-06-12 00:00:00+00:00, run_after=2024-06-13 00:00:00+00:00
[2024-06-12T03:28:27.511+0000] {processor.py:183} INFO - Processing /opt/airflow/dags/first_dag.py took 0.101 seconds
[2024-06-12T03:28:57.681+0000] {processor.py:161} INFO - Started process (PID=1723) to work on /opt/airflow/dags/first_dag.py
[2024-06-12T03:28:57.682+0000] {processor.py:830} INFO - Processing file /opt/airflow/dags/first_dag.py for tasks to queue
[2024-06-12T03:28:57.683+0000] {logging_mixin.py:188} INFO - [2024-06-12T03:28:57.683+0000] {dagbag.py:545} INFO - Filling up the DagBag from /opt/airflow/dags/first_dag.py
[2024-06-12T03:28:57.700+0000] {processor.py:840} INFO - DAG(s) 'first_dag' retrieved from /opt/airflow/dags/first_dag.py
[2024-06-12T03:28:57.723+0000] {logging_mixin.py:188} INFO - [2024-06-12T03:28:57.722+0000] {dag.py:3096} INFO - Sync 1 DAGs
[2024-06-12T03:28:57.742+0000] {logging_mixin.py:188} INFO - [2024-06-12T03:28:57.742+0000] {dag.py:3954} INFO - Setting next_dagrun for first_dag to 2024-06-12 00:00:00+00:00, run_after=2024-06-13 00:00:00+00:00
[2024-06-12T03:28:57.758+0000] {processor.py:183} INFO - Processing /opt/airflow/dags/first_dag.py took 0.081 seconds
[2024-06-12T03:29:27.927+0000] {processor.py:161} INFO - Started process (PID=1746) to work on /opt/airflow/dags/first_dag.py
[2024-06-12T03:29:27.928+0000] {processor.py:830} INFO - Processing file /opt/airflow/dags/first_dag.py for tasks to queue
[2024-06-12T03:29:27.929+0000] {logging_mixin.py:188} INFO - [2024-06-12T03:29:27.929+0000] {dagbag.py:545} INFO - Filling up the DagBag from /opt/airflow/dags/first_dag.py
[2024-06-12T03:29:27.947+0000] {processor.py:840} INFO - DAG(s) 'first_dag' retrieved from /opt/airflow/dags/first_dag.py
[2024-06-12T03:29:27.970+0000] {logging_mixin.py:188} INFO - [2024-06-12T03:29:27.970+0000] {dag.py:3096} INFO - Sync 1 DAGs
[2024-06-12T03:29:27.987+0000] {logging_mixin.py:188} INFO - [2024-06-12T03:29:27.987+0000] {dag.py:3954} INFO - Setting next_dagrun for first_dag to 2024-06-12 00:00:00+00:00, run_after=2024-06-13 00:00:00+00:00
[2024-06-12T03:29:28.003+0000] {processor.py:183} INFO - Processing /opt/airflow/dags/first_dag.py took 0.081 seconds
[2024-06-12T03:29:58.163+0000] {processor.py:161} INFO - Started process (PID=1763) to work on /opt/airflow/dags/first_dag.py
[2024-06-12T03:29:58.164+0000] {processor.py:830} INFO - Processing file /opt/airflow/dags/first_dag.py for tasks to queue
[2024-06-12T03:29:58.165+0000] {logging_mixin.py:188} INFO - [2024-06-12T03:29:58.165+0000] {dagbag.py:545} INFO - Filling up the DagBag from /opt/airflow/dags/first_dag.py
[2024-06-12T03:29:58.183+0000] {processor.py:840} INFO - DAG(s) 'first_dag' retrieved from /opt/airflow/dags/first_dag.py
[2024-06-12T03:29:58.208+0000] {logging_mixin.py:188} INFO - [2024-06-12T03:29:58.207+0000] {dag.py:3096} INFO - Sync 1 DAGs
[2024-06-12T03:29:58.229+0000] {logging_mixin.py:188} INFO - [2024-06-12T03:29:58.229+0000] {dag.py:3954} INFO - Setting next_dagrun for first_dag to 2024-06-12 00:00:00+00:00, run_after=2024-06-13 00:00:00+00:00
[2024-06-12T03:29:58.249+0000] {processor.py:183} INFO - Processing /opt/airflow/dags/first_dag.py took 0.090 seconds
[2024-06-12T03:30:28.422+0000] {processor.py:161} INFO - Started process (PID=1780) to work on /opt/airflow/dags/first_dag.py
[2024-06-12T03:30:28.423+0000] {processor.py:830} INFO - Processing file /opt/airflow/dags/first_dag.py for tasks to queue
[2024-06-12T03:30:28.424+0000] {logging_mixin.py:188} INFO - [2024-06-12T03:30:28.424+0000] {dagbag.py:545} INFO - Filling up the DagBag from /opt/airflow/dags/first_dag.py
[2024-06-12T03:30:28.445+0000] {processor.py:840} INFO - DAG(s) 'first_dag' retrieved from /opt/airflow/dags/first_dag.py
[2024-06-12T03:30:28.473+0000] {logging_mixin.py:188} INFO - [2024-06-12T03:30:28.472+0000] {dag.py:3096} INFO - Sync 1 DAGs
[2024-06-12T03:30:28.497+0000] {logging_mixin.py:188} INFO - [2024-06-12T03:30:28.497+0000] {dag.py:3954} INFO - Setting next_dagrun for first_dag to 2024-06-12 00:00:00+00:00, run_after=2024-06-13 00:00:00+00:00
[2024-06-12T03:30:28.511+0000] {processor.py:183} INFO - Processing /opt/airflow/dags/first_dag.py took 0.095 seconds
[2024-06-12T03:30:58.670+0000] {processor.py:161} INFO - Started process (PID=1797) to work on /opt/airflow/dags/first_dag.py
[2024-06-12T03:30:58.671+0000] {processor.py:830} INFO - Processing file /opt/airflow/dags/first_dag.py for tasks to queue
[2024-06-12T03:30:58.672+0000] {logging_mixin.py:188} INFO - [2024-06-12T03:30:58.672+0000] {dagbag.py:545} INFO - Filling up the DagBag from /opt/airflow/dags/first_dag.py
[2024-06-12T03:30:58.691+0000] {processor.py:840} INFO - DAG(s) 'first_dag' retrieved from /opt/airflow/dags/first_dag.py
[2024-06-12T03:30:58.719+0000] {logging_mixin.py:188} INFO - [2024-06-12T03:30:58.719+0000] {dag.py:3096} INFO - Sync 1 DAGs
[2024-06-12T03:30:58.740+0000] {logging_mixin.py:188} INFO - [2024-06-12T03:30:58.740+0000] {dag.py:3954} INFO - Setting next_dagrun for first_dag to 2024-06-12 00:00:00+00:00, run_after=2024-06-13 00:00:00+00:00
[2024-06-12T03:30:58.769+0000] {processor.py:183} INFO - Processing /opt/airflow/dags/first_dag.py took 0.103 seconds
[2024-06-12T03:31:28.826+0000] {processor.py:161} INFO - Started process (PID=1811) to work on /opt/airflow/dags/first_dag.py
[2024-06-12T03:31:28.826+0000] {processor.py:830} INFO - Processing file /opt/airflow/dags/first_dag.py for tasks to queue
[2024-06-12T03:31:28.828+0000] {logging_mixin.py:188} INFO - [2024-06-12T03:31:28.828+0000] {dagbag.py:545} INFO - Filling up the DagBag from /opt/airflow/dags/first_dag.py
[2024-06-12T03:31:28.848+0000] {processor.py:840} INFO - DAG(s) 'first_dag' retrieved from /opt/airflow/dags/first_dag.py
[2024-06-12T03:31:28.871+0000] {logging_mixin.py:188} INFO - [2024-06-12T03:31:28.871+0000] {dag.py:3096} INFO - Sync 1 DAGs
[2024-06-12T03:31:28.888+0000] {logging_mixin.py:188} INFO - [2024-06-12T03:31:28.887+0000] {dag.py:3954} INFO - Setting next_dagrun for first_dag to 2024-06-12 00:00:00+00:00, run_after=2024-06-13 00:00:00+00:00
[2024-06-12T03:31:28.903+0000] {processor.py:183} INFO - Processing /opt/airflow/dags/first_dag.py took 0.081 seconds
[2024-06-12T03:31:59.078+0000] {processor.py:161} INFO - Started process (PID=1825) to work on /opt/airflow/dags/first_dag.py
[2024-06-12T03:31:59.079+0000] {processor.py:830} INFO - Processing file /opt/airflow/dags/first_dag.py for tasks to queue
[2024-06-12T03:31:59.080+0000] {logging_mixin.py:188} INFO - [2024-06-12T03:31:59.080+0000] {dagbag.py:545} INFO - Filling up the DagBag from /opt/airflow/dags/first_dag.py
[2024-06-12T03:31:59.100+0000] {processor.py:840} INFO - DAG(s) 'first_dag' retrieved from /opt/airflow/dags/first_dag.py
[2024-06-12T03:31:59.123+0000] {logging_mixin.py:188} INFO - [2024-06-12T03:31:59.123+0000] {dag.py:3096} INFO - Sync 1 DAGs
[2024-06-12T03:31:59.142+0000] {logging_mixin.py:188} INFO - [2024-06-12T03:31:59.141+0000] {dag.py:3954} INFO - Setting next_dagrun for first_dag to 2024-06-12 00:00:00+00:00, run_after=2024-06-13 00:00:00+00:00
[2024-06-12T03:31:59.159+0000] {processor.py:183} INFO - Processing /opt/airflow/dags/first_dag.py took 0.085 seconds
