[2024-06-11T09:47:07.033+0000] {processor.py:161} INFO - Started process (PID=172) to work on /home/airflow/.local/lib/python3.12/site-packages/airflow/example_dags/example_datasets.py
[2024-06-11T09:47:07.034+0000] {processor.py:830} INFO - Processing file /home/airflow/.local/lib/python3.12/site-packages/airflow/example_dags/example_datasets.py for tasks to queue
[2024-06-11T09:47:07.037+0000] {logging_mixin.py:188} INFO - [2024-06-11T09:47:07.036+0000] {dagbag.py:545} INFO - Filling up the DagBag from /home/airflow/.local/lib/python3.12/site-packages/airflow/example_dags/example_datasets.py
[2024-06-11T09:47:07.058+0000] {processor.py:840} INFO - DAG(s) 'consume_1_or_2_with_dataset_expressions', 'consume_1_or_both_2_and_3_with_dataset_expressions', 'dataset_produces_2', 'conditional_dataset_and_time_based_timetable', 'dataset_consumes_1_and_2', 'dataset_consumes_1', 'consume_1_and_2_with_dataset_expressions', 'dataset_consumes_1_never_scheduled', 'dataset_produces_1', 'dataset_consumes_unknown_never_scheduled' retrieved from /home/airflow/.local/lib/python3.12/site-packages/airflow/example_dags/example_datasets.py
[2024-06-11T09:47:07.095+0000] {logging_mixin.py:188} INFO - [2024-06-11T09:47:07.094+0000] {dag.py:3096} INFO - Sync 10 DAGs
[2024-06-11T09:47:07.123+0000] {logging_mixin.py:188} INFO - [2024-06-11T09:47:07.122+0000] {dag.py:3954} INFO - Setting next_dagrun for conditional_dataset_and_time_based_timetable to 2024-06-05 01:00:00+00:00, run_after=2024-06-05 01:00:00+00:00
[2024-06-11T09:47:07.126+0000] {logging_mixin.py:188} INFO - [2024-06-11T09:47:07.126+0000] {dag.py:3954} INFO - Setting next_dagrun for consume_1_and_2_with_dataset_expressions to None, run_after=None
[2024-06-11T09:47:07.129+0000] {logging_mixin.py:188} INFO - [2024-06-11T09:47:07.129+0000] {dag.py:3954} INFO - Setting next_dagrun for consume_1_or_2_with_dataset_expressions to None, run_after=None
[2024-06-11T09:47:07.130+0000] {logging_mixin.py:188} INFO - [2024-06-11T09:47:07.130+0000] {dag.py:3954} INFO - Setting next_dagrun for consume_1_or_both_2_and_3_with_dataset_expressions to None, run_after=None
[2024-06-11T09:47:07.132+0000] {logging_mixin.py:188} INFO - [2024-06-11T09:47:07.131+0000] {dag.py:3954} INFO - Setting next_dagrun for dataset_consumes_1 to None, run_after=None
[2024-06-11T09:47:07.133+0000] {logging_mixin.py:188} INFO - [2024-06-11T09:47:07.133+0000] {dag.py:3954} INFO - Setting next_dagrun for dataset_consumes_1_and_2 to None, run_after=None
[2024-06-11T09:47:07.134+0000] {logging_mixin.py:188} INFO - [2024-06-11T09:47:07.134+0000] {dag.py:3954} INFO - Setting next_dagrun for dataset_consumes_1_never_scheduled to None, run_after=None
[2024-06-11T09:47:07.135+0000] {logging_mixin.py:188} INFO - [2024-06-11T09:47:07.135+0000] {dag.py:3954} INFO - Setting next_dagrun for dataset_consumes_unknown_never_scheduled to None, run_after=None
[2024-06-11T09:47:07.137+0000] {logging_mixin.py:188} INFO - [2024-06-11T09:47:07.137+0000] {dag.py:3954} INFO - Setting next_dagrun for dataset_produces_1 to 2024-06-10 00:00:00+00:00, run_after=2024-06-11 00:00:00+00:00
[2024-06-11T09:47:07.139+0000] {logging_mixin.py:188} INFO - [2024-06-11T09:47:07.139+0000] {dag.py:3954} INFO - Setting next_dagrun for dataset_produces_2 to None, run_after=None
[2024-06-11T09:47:07.173+0000] {processor.py:183} INFO - Processing /home/airflow/.local/lib/python3.12/site-packages/airflow/example_dags/example_datasets.py took 0.145 seconds
[2024-06-11T09:47:37.740+0000] {processor.py:161} INFO - Started process (PID=434) to work on /home/airflow/.local/lib/python3.12/site-packages/airflow/example_dags/example_datasets.py
[2024-06-11T09:47:37.741+0000] {processor.py:830} INFO - Processing file /home/airflow/.local/lib/python3.12/site-packages/airflow/example_dags/example_datasets.py for tasks to queue
[2024-06-11T09:47:37.742+0000] {logging_mixin.py:188} INFO - [2024-06-11T09:47:37.742+0000] {dagbag.py:545} INFO - Filling up the DagBag from /home/airflow/.local/lib/python3.12/site-packages/airflow/example_dags/example_datasets.py
[2024-06-11T09:47:37.757+0000] {processor.py:840} INFO - DAG(s) 'dataset_consumes_1_never_scheduled', 'consume_1_or_2_with_dataset_expressions', 'consume_1_or_both_2_and_3_with_dataset_expressions', 'dataset_produces_2', 'consume_1_and_2_with_dataset_expressions', 'dataset_consumes_1_and_2', 'conditional_dataset_and_time_based_timetable', 'dataset_consumes_1', 'dataset_produces_1', 'dataset_consumes_unknown_never_scheduled' retrieved from /home/airflow/.local/lib/python3.12/site-packages/airflow/example_dags/example_datasets.py
[2024-06-11T09:47:38.097+0000] {logging_mixin.py:188} INFO - [2024-06-11T09:47:38.097+0000] {dag.py:3096} INFO - Sync 10 DAGs
[2024-06-11T09:47:38.123+0000] {logging_mixin.py:188} INFO - [2024-06-11T09:47:38.122+0000] {dag.py:3954} INFO - Setting next_dagrun for conditional_dataset_and_time_based_timetable to 2024-06-05 01:00:00+00:00, run_after=2024-06-05 01:00:00+00:00
[2024-06-11T09:47:38.126+0000] {logging_mixin.py:188} INFO - [2024-06-11T09:47:38.126+0000] {dag.py:3954} INFO - Setting next_dagrun for consume_1_and_2_with_dataset_expressions to None, run_after=None
[2024-06-11T09:47:38.128+0000] {logging_mixin.py:188} INFO - [2024-06-11T09:47:38.127+0000] {dag.py:3954} INFO - Setting next_dagrun for consume_1_or_2_with_dataset_expressions to None, run_after=None
[2024-06-11T09:47:38.129+0000] {logging_mixin.py:188} INFO - [2024-06-11T09:47:38.129+0000] {dag.py:3954} INFO - Setting next_dagrun for consume_1_or_both_2_and_3_with_dataset_expressions to None, run_after=None
[2024-06-11T09:47:38.130+0000] {logging_mixin.py:188} INFO - [2024-06-11T09:47:38.130+0000] {dag.py:3954} INFO - Setting next_dagrun for dataset_consumes_1 to None, run_after=None
[2024-06-11T09:47:38.132+0000] {logging_mixin.py:188} INFO - [2024-06-11T09:47:38.132+0000] {dag.py:3954} INFO - Setting next_dagrun for dataset_consumes_1_and_2 to None, run_after=None
[2024-06-11T09:47:38.133+0000] {logging_mixin.py:188} INFO - [2024-06-11T09:47:38.133+0000] {dag.py:3954} INFO - Setting next_dagrun for dataset_consumes_1_never_scheduled to None, run_after=None
[2024-06-11T09:47:38.134+0000] {logging_mixin.py:188} INFO - [2024-06-11T09:47:38.134+0000] {dag.py:3954} INFO - Setting next_dagrun for dataset_consumes_unknown_never_scheduled to None, run_after=None
[2024-06-11T09:47:38.138+0000] {logging_mixin.py:188} INFO - [2024-06-11T09:47:38.138+0000] {dag.py:3954} INFO - Setting next_dagrun for dataset_produces_1 to 2024-06-10 00:00:00+00:00, run_after=2024-06-11 00:00:00+00:00
[2024-06-11T09:47:38.140+0000] {logging_mixin.py:188} INFO - [2024-06-11T09:47:38.140+0000] {dag.py:3954} INFO - Setting next_dagrun for dataset_produces_2 to None, run_after=None
[2024-06-11T09:47:38.181+0000] {processor.py:183} INFO - Processing /home/airflow/.local/lib/python3.12/site-packages/airflow/example_dags/example_datasets.py took 0.446 seconds
[2024-06-11T09:48:08.488+0000] {processor.py:161} INFO - Started process (PID=696) to work on /home/airflow/.local/lib/python3.12/site-packages/airflow/example_dags/example_datasets.py
[2024-06-11T09:48:08.489+0000] {processor.py:830} INFO - Processing file /home/airflow/.local/lib/python3.12/site-packages/airflow/example_dags/example_datasets.py for tasks to queue
[2024-06-11T09:48:08.491+0000] {logging_mixin.py:188} INFO - [2024-06-11T09:48:08.490+0000] {dagbag.py:545} INFO - Filling up the DagBag from /home/airflow/.local/lib/python3.12/site-packages/airflow/example_dags/example_datasets.py
[2024-06-11T09:48:08.503+0000] {processor.py:840} INFO - DAG(s) 'dataset_produces_2', 'dataset_produces_1', 'dataset_consumes_1', 'dataset_consumes_1_and_2', 'dataset_consumes_1_never_scheduled', 'dataset_consumes_unknown_never_scheduled', 'consume_1_and_2_with_dataset_expressions', 'consume_1_or_both_2_and_3_with_dataset_expressions', 'conditional_dataset_and_time_based_timetable', 'consume_1_or_2_with_dataset_expressions' retrieved from /home/airflow/.local/lib/python3.12/site-packages/airflow/example_dags/example_datasets.py
[2024-06-11T09:48:08.548+0000] {logging_mixin.py:188} INFO - [2024-06-11T09:48:08.548+0000] {dag.py:3096} INFO - Sync 10 DAGs
[2024-06-11T09:48:08.573+0000] {logging_mixin.py:188} INFO - [2024-06-11T09:48:08.573+0000] {dag.py:3954} INFO - Setting next_dagrun for conditional_dataset_and_time_based_timetable to 2024-06-05 01:00:00+00:00, run_after=2024-06-05 01:00:00+00:00
[2024-06-11T09:48:08.577+0000] {logging_mixin.py:188} INFO - [2024-06-11T09:48:08.576+0000] {dag.py:3954} INFO - Setting next_dagrun for consume_1_and_2_with_dataset_expressions to None, run_after=None
[2024-06-11T09:48:08.578+0000] {logging_mixin.py:188} INFO - [2024-06-11T09:48:08.578+0000] {dag.py:3954} INFO - Setting next_dagrun for consume_1_or_2_with_dataset_expressions to None, run_after=None
[2024-06-11T09:48:08.580+0000] {logging_mixin.py:188} INFO - [2024-06-11T09:48:08.580+0000] {dag.py:3954} INFO - Setting next_dagrun for consume_1_or_both_2_and_3_with_dataset_expressions to None, run_after=None
[2024-06-11T09:48:08.581+0000] {logging_mixin.py:188} INFO - [2024-06-11T09:48:08.581+0000] {dag.py:3954} INFO - Setting next_dagrun for dataset_consumes_1 to None, run_after=None
[2024-06-11T09:48:08.582+0000] {logging_mixin.py:188} INFO - [2024-06-11T09:48:08.582+0000] {dag.py:3954} INFO - Setting next_dagrun for dataset_consumes_1_and_2 to None, run_after=None
[2024-06-11T09:48:08.584+0000] {logging_mixin.py:188} INFO - [2024-06-11T09:48:08.583+0000] {dag.py:3954} INFO - Setting next_dagrun for dataset_consumes_1_never_scheduled to None, run_after=None
[2024-06-11T09:48:08.585+0000] {logging_mixin.py:188} INFO - [2024-06-11T09:48:08.585+0000] {dag.py:3954} INFO - Setting next_dagrun for dataset_consumes_unknown_never_scheduled to None, run_after=None
[2024-06-11T09:48:08.589+0000] {logging_mixin.py:188} INFO - [2024-06-11T09:48:08.588+0000] {dag.py:3954} INFO - Setting next_dagrun for dataset_produces_1 to 2024-06-10 00:00:00+00:00, run_after=2024-06-11 00:00:00+00:00
[2024-06-11T09:48:08.590+0000] {logging_mixin.py:188} INFO - [2024-06-11T09:48:08.590+0000] {dag.py:3954} INFO - Setting next_dagrun for dataset_produces_2 to None, run_after=None
[2024-06-11T09:48:08.624+0000] {processor.py:183} INFO - Processing /home/airflow/.local/lib/python3.12/site-packages/airflow/example_dags/example_datasets.py took 0.141 seconds
[2024-06-11T09:48:38.883+0000] {processor.py:161} INFO - Started process (PID=960) to work on /home/airflow/.local/lib/python3.12/site-packages/airflow/example_dags/example_datasets.py
[2024-06-11T09:48:38.884+0000] {processor.py:830} INFO - Processing file /home/airflow/.local/lib/python3.12/site-packages/airflow/example_dags/example_datasets.py for tasks to queue
[2024-06-11T09:48:38.885+0000] {logging_mixin.py:188} INFO - [2024-06-11T09:48:38.885+0000] {dagbag.py:545} INFO - Filling up the DagBag from /home/airflow/.local/lib/python3.12/site-packages/airflow/example_dags/example_datasets.py
[2024-06-11T09:48:38.895+0000] {processor.py:840} INFO - DAG(s) 'conditional_dataset_and_time_based_timetable', 'dataset_consumes_1', 'dataset_consumes_1_and_2', 'consume_1_or_both_2_and_3_with_dataset_expressions', 'dataset_produces_2', 'dataset_produces_1', 'consume_1_and_2_with_dataset_expressions', 'dataset_consumes_1_never_scheduled', 'dataset_consumes_unknown_never_scheduled', 'consume_1_or_2_with_dataset_expressions' retrieved from /home/airflow/.local/lib/python3.12/site-packages/airflow/example_dags/example_datasets.py
[2024-06-11T09:48:38.934+0000] {logging_mixin.py:188} INFO - [2024-06-11T09:48:38.934+0000] {dag.py:3096} INFO - Sync 10 DAGs
[2024-06-11T09:48:38.954+0000] {logging_mixin.py:188} INFO - [2024-06-11T09:48:38.954+0000] {dag.py:3954} INFO - Setting next_dagrun for conditional_dataset_and_time_based_timetable to 2024-06-05 01:00:00+00:00, run_after=2024-06-05 01:00:00+00:00
[2024-06-11T09:48:38.958+0000] {logging_mixin.py:188} INFO - [2024-06-11T09:48:38.957+0000] {dag.py:3954} INFO - Setting next_dagrun for consume_1_and_2_with_dataset_expressions to None, run_after=None
[2024-06-11T09:48:38.959+0000] {logging_mixin.py:188} INFO - [2024-06-11T09:48:38.959+0000] {dag.py:3954} INFO - Setting next_dagrun for consume_1_or_2_with_dataset_expressions to None, run_after=None
[2024-06-11T09:48:38.960+0000] {logging_mixin.py:188} INFO - [2024-06-11T09:48:38.960+0000] {dag.py:3954} INFO - Setting next_dagrun for consume_1_or_both_2_and_3_with_dataset_expressions to None, run_after=None
[2024-06-11T09:48:38.962+0000] {logging_mixin.py:188} INFO - [2024-06-11T09:48:38.961+0000] {dag.py:3954} INFO - Setting next_dagrun for dataset_consumes_1 to None, run_after=None
[2024-06-11T09:48:38.963+0000] {logging_mixin.py:188} INFO - [2024-06-11T09:48:38.963+0000] {dag.py:3954} INFO - Setting next_dagrun for dataset_consumes_1_and_2 to None, run_after=None
[2024-06-11T09:48:38.964+0000] {logging_mixin.py:188} INFO - [2024-06-11T09:48:38.964+0000] {dag.py:3954} INFO - Setting next_dagrun for dataset_consumes_1_never_scheduled to None, run_after=None
[2024-06-11T09:48:38.965+0000] {logging_mixin.py:188} INFO - [2024-06-11T09:48:38.965+0000] {dag.py:3954} INFO - Setting next_dagrun for dataset_consumes_unknown_never_scheduled to None, run_after=None
[2024-06-11T09:48:38.967+0000] {logging_mixin.py:188} INFO - [2024-06-11T09:48:38.967+0000] {dag.py:3954} INFO - Setting next_dagrun for dataset_produces_1 to 2024-06-10 00:00:00+00:00, run_after=2024-06-11 00:00:00+00:00
[2024-06-11T09:48:38.968+0000] {logging_mixin.py:188} INFO - [2024-06-11T09:48:38.968+0000] {dag.py:3954} INFO - Setting next_dagrun for dataset_produces_2 to None, run_after=None
[2024-06-11T09:48:38.995+0000] {processor.py:183} INFO - Processing /home/airflow/.local/lib/python3.12/site-packages/airflow/example_dags/example_datasets.py took 0.116 seconds
[2024-06-11T09:49:09.394+0000] {processor.py:161} INFO - Started process (PID=1220) to work on /home/airflow/.local/lib/python3.12/site-packages/airflow/example_dags/example_datasets.py
[2024-06-11T09:49:09.395+0000] {processor.py:830} INFO - Processing file /home/airflow/.local/lib/python3.12/site-packages/airflow/example_dags/example_datasets.py for tasks to queue
[2024-06-11T09:49:09.397+0000] {logging_mixin.py:188} INFO - [2024-06-11T09:49:09.396+0000] {dagbag.py:545} INFO - Filling up the DagBag from /home/airflow/.local/lib/python3.12/site-packages/airflow/example_dags/example_datasets.py
[2024-06-11T09:49:09.408+0000] {processor.py:840} INFO - DAG(s) 'dataset_consumes_1_and_2', 'conditional_dataset_and_time_based_timetable', 'dataset_consumes_unknown_never_scheduled', 'consume_1_or_2_with_dataset_expressions', 'consume_1_or_both_2_and_3_with_dataset_expressions', 'consume_1_and_2_with_dataset_expressions', 'dataset_consumes_1', 'dataset_produces_2', 'dataset_produces_1', 'dataset_consumes_1_never_scheduled' retrieved from /home/airflow/.local/lib/python3.12/site-packages/airflow/example_dags/example_datasets.py
[2024-06-11T09:49:09.455+0000] {logging_mixin.py:188} INFO - [2024-06-11T09:49:09.455+0000] {dag.py:3096} INFO - Sync 10 DAGs
[2024-06-11T09:49:09.477+0000] {logging_mixin.py:188} INFO - [2024-06-11T09:49:09.477+0000] {dag.py:3954} INFO - Setting next_dagrun for conditional_dataset_and_time_based_timetable to 2024-06-05 01:00:00+00:00, run_after=2024-06-05 01:00:00+00:00
[2024-06-11T09:49:09.481+0000] {logging_mixin.py:188} INFO - [2024-06-11T09:49:09.481+0000] {dag.py:3954} INFO - Setting next_dagrun for consume_1_and_2_with_dataset_expressions to None, run_after=None
[2024-06-11T09:49:09.483+0000] {logging_mixin.py:188} INFO - [2024-06-11T09:49:09.482+0000] {dag.py:3954} INFO - Setting next_dagrun for consume_1_or_2_with_dataset_expressions to None, run_after=None
[2024-06-11T09:49:09.484+0000] {logging_mixin.py:188} INFO - [2024-06-11T09:49:09.484+0000] {dag.py:3954} INFO - Setting next_dagrun for consume_1_or_both_2_and_3_with_dataset_expressions to None, run_after=None
[2024-06-11T09:49:09.485+0000] {logging_mixin.py:188} INFO - [2024-06-11T09:49:09.485+0000] {dag.py:3954} INFO - Setting next_dagrun for dataset_consumes_1 to None, run_after=None
[2024-06-11T09:49:09.486+0000] {logging_mixin.py:188} INFO - [2024-06-11T09:49:09.486+0000] {dag.py:3954} INFO - Setting next_dagrun for dataset_consumes_1_and_2 to None, run_after=None
[2024-06-11T09:49:09.488+0000] {logging_mixin.py:188} INFO - [2024-06-11T09:49:09.487+0000] {dag.py:3954} INFO - Setting next_dagrun for dataset_consumes_1_never_scheduled to None, run_after=None
[2024-06-11T09:49:09.489+0000] {logging_mixin.py:188} INFO - [2024-06-11T09:49:09.489+0000] {dag.py:3954} INFO - Setting next_dagrun for dataset_consumes_unknown_never_scheduled to None, run_after=None
[2024-06-11T09:49:09.491+0000] {logging_mixin.py:188} INFO - [2024-06-11T09:49:09.491+0000] {dag.py:3954} INFO - Setting next_dagrun for dataset_produces_1 to 2024-06-10 00:00:00+00:00, run_after=2024-06-11 00:00:00+00:00
[2024-06-11T09:49:09.492+0000] {logging_mixin.py:188} INFO - [2024-06-11T09:49:09.492+0000] {dag.py:3954} INFO - Setting next_dagrun for dataset_produces_2 to None, run_after=None
[2024-06-11T09:49:09.524+0000] {processor.py:183} INFO - Processing /home/airflow/.local/lib/python3.12/site-packages/airflow/example_dags/example_datasets.py took 0.135 seconds
[2024-06-11T09:49:39.615+0000] {processor.py:161} INFO - Started process (PID=1479) to work on /home/airflow/.local/lib/python3.12/site-packages/airflow/example_dags/example_datasets.py
[2024-06-11T09:49:39.616+0000] {processor.py:830} INFO - Processing file /home/airflow/.local/lib/python3.12/site-packages/airflow/example_dags/example_datasets.py for tasks to queue
[2024-06-11T09:49:39.619+0000] {logging_mixin.py:188} INFO - [2024-06-11T09:49:39.618+0000] {dagbag.py:545} INFO - Filling up the DagBag from /home/airflow/.local/lib/python3.12/site-packages/airflow/example_dags/example_datasets.py
[2024-06-11T09:49:39.636+0000] {processor.py:840} INFO - DAG(s) 'dataset_consumes_1', 'consume_1_and_2_with_dataset_expressions', 'consume_1_or_both_2_and_3_with_dataset_expressions', 'dataset_produces_2', 'consume_1_or_2_with_dataset_expressions', 'dataset_consumes_1_and_2', 'dataset_consumes_1_never_scheduled', 'dataset_consumes_unknown_never_scheduled', 'conditional_dataset_and_time_based_timetable', 'dataset_produces_1' retrieved from /home/airflow/.local/lib/python3.12/site-packages/airflow/example_dags/example_datasets.py
[2024-06-11T09:49:39.683+0000] {logging_mixin.py:188} INFO - [2024-06-11T09:49:39.683+0000] {dag.py:3096} INFO - Sync 10 DAGs
[2024-06-11T09:49:39.707+0000] {logging_mixin.py:188} INFO - [2024-06-11T09:49:39.707+0000] {dag.py:3954} INFO - Setting next_dagrun for conditional_dataset_and_time_based_timetable to 2024-06-05 01:00:00+00:00, run_after=2024-06-05 01:00:00+00:00
[2024-06-11T09:49:39.711+0000] {logging_mixin.py:188} INFO - [2024-06-11T09:49:39.711+0000] {dag.py:3954} INFO - Setting next_dagrun for consume_1_and_2_with_dataset_expressions to None, run_after=None
[2024-06-11T09:49:39.712+0000] {logging_mixin.py:188} INFO - [2024-06-11T09:49:39.712+0000] {dag.py:3954} INFO - Setting next_dagrun for consume_1_or_2_with_dataset_expressions to None, run_after=None
[2024-06-11T09:49:39.713+0000] {logging_mixin.py:188} INFO - [2024-06-11T09:49:39.713+0000] {dag.py:3954} INFO - Setting next_dagrun for consume_1_or_both_2_and_3_with_dataset_expressions to None, run_after=None
[2024-06-11T09:49:39.714+0000] {logging_mixin.py:188} INFO - [2024-06-11T09:49:39.714+0000] {dag.py:3954} INFO - Setting next_dagrun for dataset_consumes_1 to None, run_after=None
[2024-06-11T09:49:39.715+0000] {logging_mixin.py:188} INFO - [2024-06-11T09:49:39.715+0000] {dag.py:3954} INFO - Setting next_dagrun for dataset_consumes_1_and_2 to None, run_after=None
[2024-06-11T09:49:39.716+0000] {logging_mixin.py:188} INFO - [2024-06-11T09:49:39.716+0000] {dag.py:3954} INFO - Setting next_dagrun for dataset_consumes_1_never_scheduled to None, run_after=None
[2024-06-11T09:49:39.717+0000] {logging_mixin.py:188} INFO - [2024-06-11T09:49:39.717+0000] {dag.py:3954} INFO - Setting next_dagrun for dataset_consumes_unknown_never_scheduled to None, run_after=None
[2024-06-11T09:49:39.719+0000] {logging_mixin.py:188} INFO - [2024-06-11T09:49:39.719+0000] {dag.py:3954} INFO - Setting next_dagrun for dataset_produces_1 to 2024-06-10 00:00:00+00:00, run_after=2024-06-11 00:00:00+00:00
[2024-06-11T09:49:39.722+0000] {logging_mixin.py:188} INFO - [2024-06-11T09:49:39.722+0000] {dag.py:3954} INFO - Setting next_dagrun for dataset_produces_2 to None, run_after=None
[2024-06-11T09:49:39.759+0000] {processor.py:183} INFO - Processing /home/airflow/.local/lib/python3.12/site-packages/airflow/example_dags/example_datasets.py took 0.152 seconds
[2024-06-11T09:50:09.987+0000] {processor.py:161} INFO - Started process (PID=1741) to work on /home/airflow/.local/lib/python3.12/site-packages/airflow/example_dags/example_datasets.py
[2024-06-11T09:50:09.988+0000] {processor.py:830} INFO - Processing file /home/airflow/.local/lib/python3.12/site-packages/airflow/example_dags/example_datasets.py for tasks to queue
[2024-06-11T09:50:09.989+0000] {logging_mixin.py:188} INFO - [2024-06-11T09:50:09.989+0000] {dagbag.py:545} INFO - Filling up the DagBag from /home/airflow/.local/lib/python3.12/site-packages/airflow/example_dags/example_datasets.py
[2024-06-11T09:50:09.999+0000] {processor.py:840} INFO - DAG(s) 'consume_1_and_2_with_dataset_expressions', 'consume_1_or_2_with_dataset_expressions', 'conditional_dataset_and_time_based_timetable', 'dataset_produces_1', 'dataset_produces_2', 'dataset_consumes_unknown_never_scheduled', 'dataset_consumes_1_and_2', 'dataset_consumes_1_never_scheduled', 'dataset_consumes_1', 'consume_1_or_both_2_and_3_with_dataset_expressions' retrieved from /home/airflow/.local/lib/python3.12/site-packages/airflow/example_dags/example_datasets.py
[2024-06-11T09:50:10.036+0000] {logging_mixin.py:188} INFO - [2024-06-11T09:50:10.036+0000] {dag.py:3096} INFO - Sync 10 DAGs
[2024-06-11T09:50:10.056+0000] {logging_mixin.py:188} INFO - [2024-06-11T09:50:10.055+0000] {dag.py:3954} INFO - Setting next_dagrun for conditional_dataset_and_time_based_timetable to 2024-06-05 01:00:00+00:00, run_after=2024-06-05 01:00:00+00:00
[2024-06-11T09:50:10.060+0000] {logging_mixin.py:188} INFO - [2024-06-11T09:50:10.060+0000] {dag.py:3954} INFO - Setting next_dagrun for consume_1_and_2_with_dataset_expressions to None, run_after=None
[2024-06-11T09:50:10.062+0000] {logging_mixin.py:188} INFO - [2024-06-11T09:50:10.061+0000] {dag.py:3954} INFO - Setting next_dagrun for consume_1_or_2_with_dataset_expressions to None, run_after=None
[2024-06-11T09:50:10.063+0000] {logging_mixin.py:188} INFO - [2024-06-11T09:50:10.063+0000] {dag.py:3954} INFO - Setting next_dagrun for consume_1_or_both_2_and_3_with_dataset_expressions to None, run_after=None
[2024-06-11T09:50:10.064+0000] {logging_mixin.py:188} INFO - [2024-06-11T09:50:10.064+0000] {dag.py:3954} INFO - Setting next_dagrun for dataset_consumes_1 to None, run_after=None
[2024-06-11T09:50:10.065+0000] {logging_mixin.py:188} INFO - [2024-06-11T09:50:10.065+0000] {dag.py:3954} INFO - Setting next_dagrun for dataset_consumes_1_and_2 to None, run_after=None
[2024-06-11T09:50:10.066+0000] {logging_mixin.py:188} INFO - [2024-06-11T09:50:10.066+0000] {dag.py:3954} INFO - Setting next_dagrun for dataset_consumes_1_never_scheduled to None, run_after=None
[2024-06-11T09:50:10.067+0000] {logging_mixin.py:188} INFO - [2024-06-11T09:50:10.067+0000] {dag.py:3954} INFO - Setting next_dagrun for dataset_consumes_unknown_never_scheduled to None, run_after=None
[2024-06-11T09:50:10.069+0000] {logging_mixin.py:188} INFO - [2024-06-11T09:50:10.069+0000] {dag.py:3954} INFO - Setting next_dagrun for dataset_produces_1 to 2024-06-10 00:00:00+00:00, run_after=2024-06-11 00:00:00+00:00
[2024-06-11T09:50:10.071+0000] {logging_mixin.py:188} INFO - [2024-06-11T09:50:10.071+0000] {dag.py:3954} INFO - Setting next_dagrun for dataset_produces_2 to None, run_after=None
[2024-06-11T09:50:10.097+0000] {processor.py:183} INFO - Processing /home/airflow/.local/lib/python3.12/site-packages/airflow/example_dags/example_datasets.py took 0.114 seconds
