[2024-06-11T09:47:08.930+0000] {processor.py:161} INFO - Started process (PID=337) to work on /home/airflow/.local/lib/python3.12/site-packages/airflow/example_dags/example_subdag_operator.py
[2024-06-11T09:47:08.931+0000] {processor.py:830} INFO - Processing file /home/airflow/.local/lib/python3.12/site-packages/airflow/example_dags/example_subdag_operator.py for tasks to queue
[2024-06-11T09:47:08.932+0000] {logging_mixin.py:188} INFO - [2024-06-11T09:47:08.932+0000] {dagbag.py:545} INFO - Filling up the DagBag from /home/airflow/.local/lib/python3.12/site-packages/airflow/example_dags/example_subdag_operator.py
[2024-06-11T09:47:08.954+0000] {processor.py:840} INFO - DAG(s) 'example_subdag_operator.section-1', 'example_subdag_operator.section-2', 'example_subdag_operator' retrieved from /home/airflow/.local/lib/python3.12/site-packages/airflow/example_dags/example_subdag_operator.py
[2024-06-11T09:47:08.957+0000] {logging_mixin.py:188} INFO - [2024-06-11T09:47:08.957+0000] {dag.py:3096} INFO - Sync 3 DAGs
[2024-06-11T09:47:08.977+0000] {logging_mixin.py:188} INFO - [2024-06-11T09:47:08.976+0000] {dag.py:3954} INFO - Setting next_dagrun for example_subdag_operator to 2022-01-01 00:00:00+00:00, run_after=2022-01-01 00:00:00+00:00
[2024-06-11T09:47:08.980+0000] {logging_mixin.py:188} INFO - [2024-06-11T09:47:08.980+0000] {dag.py:3954} INFO - Setting next_dagrun for example_subdag_operator.section-1 to None, run_after=None
[2024-06-11T09:47:08.982+0000] {logging_mixin.py:188} INFO - [2024-06-11T09:47:08.981+0000] {dag.py:3954} INFO - Setting next_dagrun for example_subdag_operator.section-2 to None, run_after=None
[2024-06-11T09:47:08.988+0000] {logging_mixin.py:188} INFO - [2024-06-11T09:47:08.988+0000] {dag.py:3096} INFO - Sync 2 DAGs
[2024-06-11T09:47:08.992+0000] {logging_mixin.py:188} INFO - [2024-06-11T09:47:08.992+0000] {dag.py:3954} INFO - Setting next_dagrun for example_subdag_operator.section-1 to None, run_after=None
[2024-06-11T09:47:08.993+0000] {logging_mixin.py:188} INFO - [2024-06-11T09:47:08.993+0000] {dag.py:3954} INFO - Setting next_dagrun for example_subdag_operator.section-2 to None, run_after=None
[2024-06-11T09:47:09.002+0000] {processor.py:183} INFO - Processing /home/airflow/.local/lib/python3.12/site-packages/airflow/example_dags/example_subdag_operator.py took 0.076 seconds
[2024-06-11T09:47:40.880+0000] {processor.py:161} INFO - Started process (PID=599) to work on /home/airflow/.local/lib/python3.12/site-packages/airflow/example_dags/example_subdag_operator.py
[2024-06-11T09:47:40.881+0000] {processor.py:830} INFO - Processing file /home/airflow/.local/lib/python3.12/site-packages/airflow/example_dags/example_subdag_operator.py for tasks to queue
[2024-06-11T09:47:40.882+0000] {logging_mixin.py:188} INFO - [2024-06-11T09:47:40.882+0000] {dagbag.py:545} INFO - Filling up the DagBag from /home/airflow/.local/lib/python3.12/site-packages/airflow/example_dags/example_subdag_operator.py
[2024-06-11T09:47:40.903+0000] {processor.py:840} INFO - DAG(s) 'example_subdag_operator.section-1', 'example_subdag_operator.section-2', 'example_subdag_operator' retrieved from /home/airflow/.local/lib/python3.12/site-packages/airflow/example_dags/example_subdag_operator.py
[2024-06-11T09:47:40.993+0000] {logging_mixin.py:188} INFO - [2024-06-11T09:47:40.993+0000] {dag.py:3096} INFO - Sync 3 DAGs
[2024-06-11T09:47:41.012+0000] {logging_mixin.py:188} INFO - [2024-06-11T09:47:41.012+0000] {dag.py:3954} INFO - Setting next_dagrun for example_subdag_operator to 2022-01-01 00:00:00+00:00, run_after=2022-01-01 00:00:00+00:00
[2024-06-11T09:47:41.015+0000] {logging_mixin.py:188} INFO - [2024-06-11T09:47:41.015+0000] {dag.py:3954} INFO - Setting next_dagrun for example_subdag_operator.section-1 to None, run_after=None
[2024-06-11T09:47:41.016+0000] {logging_mixin.py:188} INFO - [2024-06-11T09:47:41.016+0000] {dag.py:3954} INFO - Setting next_dagrun for example_subdag_operator.section-2 to None, run_after=None
[2024-06-11T09:47:41.025+0000] {logging_mixin.py:188} INFO - [2024-06-11T09:47:41.024+0000] {dag.py:3096} INFO - Sync 2 DAGs
[2024-06-11T09:47:41.030+0000] {logging_mixin.py:188} INFO - [2024-06-11T09:47:41.030+0000] {dag.py:3954} INFO - Setting next_dagrun for example_subdag_operator.section-1 to None, run_after=None
[2024-06-11T09:47:41.030+0000] {logging_mixin.py:188} INFO - [2024-06-11T09:47:41.030+0000] {dag.py:3954} INFO - Setting next_dagrun for example_subdag_operator.section-2 to None, run_after=None
[2024-06-11T09:47:41.040+0000] {processor.py:183} INFO - Processing /home/airflow/.local/lib/python3.12/site-packages/airflow/example_dags/example_subdag_operator.py took 0.164 seconds
[2024-06-11T09:48:11.307+0000] {processor.py:161} INFO - Started process (PID=861) to work on /home/airflow/.local/lib/python3.12/site-packages/airflow/example_dags/example_subdag_operator.py
[2024-06-11T09:48:11.308+0000] {processor.py:830} INFO - Processing file /home/airflow/.local/lib/python3.12/site-packages/airflow/example_dags/example_subdag_operator.py for tasks to queue
[2024-06-11T09:48:11.310+0000] {logging_mixin.py:188} INFO - [2024-06-11T09:48:11.309+0000] {dagbag.py:545} INFO - Filling up the DagBag from /home/airflow/.local/lib/python3.12/site-packages/airflow/example_dags/example_subdag_operator.py
[2024-06-11T09:48:11.330+0000] {processor.py:840} INFO - DAG(s) 'example_subdag_operator.section-1', 'example_subdag_operator.section-2', 'example_subdag_operator' retrieved from /home/airflow/.local/lib/python3.12/site-packages/airflow/example_dags/example_subdag_operator.py
[2024-06-11T09:48:11.343+0000] {logging_mixin.py:188} INFO - [2024-06-11T09:48:11.343+0000] {dag.py:3096} INFO - Sync 3 DAGs
[2024-06-11T09:48:11.363+0000] {logging_mixin.py:188} INFO - [2024-06-11T09:48:11.363+0000] {dag.py:3954} INFO - Setting next_dagrun for example_subdag_operator to 2022-01-01 00:00:00+00:00, run_after=2022-01-01 00:00:00+00:00
[2024-06-11T09:48:11.366+0000] {logging_mixin.py:188} INFO - [2024-06-11T09:48:11.366+0000] {dag.py:3954} INFO - Setting next_dagrun for example_subdag_operator.section-1 to None, run_after=None
[2024-06-11T09:48:11.367+0000] {logging_mixin.py:188} INFO - [2024-06-11T09:48:11.367+0000] {dag.py:3954} INFO - Setting next_dagrun for example_subdag_operator.section-2 to None, run_after=None
[2024-06-11T09:48:11.373+0000] {logging_mixin.py:188} INFO - [2024-06-11T09:48:11.373+0000] {dag.py:3096} INFO - Sync 2 DAGs
[2024-06-11T09:48:11.379+0000] {logging_mixin.py:188} INFO - [2024-06-11T09:48:11.379+0000] {dag.py:3954} INFO - Setting next_dagrun for example_subdag_operator.section-1 to None, run_after=None
[2024-06-11T09:48:11.380+0000] {logging_mixin.py:188} INFO - [2024-06-11T09:48:11.380+0000] {dag.py:3954} INFO - Setting next_dagrun for example_subdag_operator.section-2 to None, run_after=None
[2024-06-11T09:48:11.389+0000] {processor.py:183} INFO - Processing /home/airflow/.local/lib/python3.12/site-packages/airflow/example_dags/example_subdag_operator.py took 0.087 seconds
[2024-06-11T09:48:41.471+0000] {processor.py:161} INFO - Started process (PID=1123) to work on /home/airflow/.local/lib/python3.12/site-packages/airflow/example_dags/example_subdag_operator.py
[2024-06-11T09:48:41.472+0000] {processor.py:830} INFO - Processing file /home/airflow/.local/lib/python3.12/site-packages/airflow/example_dags/example_subdag_operator.py for tasks to queue
[2024-06-11T09:48:41.474+0000] {logging_mixin.py:188} INFO - [2024-06-11T09:48:41.473+0000] {dagbag.py:545} INFO - Filling up the DagBag from /home/airflow/.local/lib/python3.12/site-packages/airflow/example_dags/example_subdag_operator.py
[2024-06-11T09:48:41.490+0000] {processor.py:840} INFO - DAG(s) 'example_subdag_operator.section-1', 'example_subdag_operator.section-2', 'example_subdag_operator' retrieved from /home/airflow/.local/lib/python3.12/site-packages/airflow/example_dags/example_subdag_operator.py
[2024-06-11T09:48:41.503+0000] {logging_mixin.py:188} INFO - [2024-06-11T09:48:41.503+0000] {dag.py:3096} INFO - Sync 3 DAGs
[2024-06-11T09:48:41.519+0000] {logging_mixin.py:188} INFO - [2024-06-11T09:48:41.519+0000] {dag.py:3954} INFO - Setting next_dagrun for example_subdag_operator to 2022-01-01 00:00:00+00:00, run_after=2022-01-01 00:00:00+00:00
[2024-06-11T09:48:41.523+0000] {logging_mixin.py:188} INFO - [2024-06-11T09:48:41.522+0000] {dag.py:3954} INFO - Setting next_dagrun for example_subdag_operator.section-1 to None, run_after=None
[2024-06-11T09:48:41.524+0000] {logging_mixin.py:188} INFO - [2024-06-11T09:48:41.524+0000] {dag.py:3954} INFO - Setting next_dagrun for example_subdag_operator.section-2 to None, run_after=None
[2024-06-11T09:48:41.530+0000] {logging_mixin.py:188} INFO - [2024-06-11T09:48:41.530+0000] {dag.py:3096} INFO - Sync 2 DAGs
[2024-06-11T09:48:41.534+0000] {logging_mixin.py:188} INFO - [2024-06-11T09:48:41.534+0000] {dag.py:3954} INFO - Setting next_dagrun for example_subdag_operator.section-1 to None, run_after=None
[2024-06-11T09:48:41.535+0000] {logging_mixin.py:188} INFO - [2024-06-11T09:48:41.535+0000] {dag.py:3954} INFO - Setting next_dagrun for example_subdag_operator.section-2 to None, run_after=None
[2024-06-11T09:48:41.543+0000] {processor.py:183} INFO - Processing /home/airflow/.local/lib/python3.12/site-packages/airflow/example_dags/example_subdag_operator.py took 0.076 seconds
[2024-06-11T09:49:12.231+0000] {processor.py:161} INFO - Started process (PID=1385) to work on /home/airflow/.local/lib/python3.12/site-packages/airflow/example_dags/example_subdag_operator.py
[2024-06-11T09:49:12.232+0000] {processor.py:830} INFO - Processing file /home/airflow/.local/lib/python3.12/site-packages/airflow/example_dags/example_subdag_operator.py for tasks to queue
[2024-06-11T09:49:12.233+0000] {logging_mixin.py:188} INFO - [2024-06-11T09:49:12.233+0000] {dagbag.py:545} INFO - Filling up the DagBag from /home/airflow/.local/lib/python3.12/site-packages/airflow/example_dags/example_subdag_operator.py
[2024-06-11T09:49:12.252+0000] {processor.py:840} INFO - DAG(s) 'example_subdag_operator.section-1', 'example_subdag_operator.section-2', 'example_subdag_operator' retrieved from /home/airflow/.local/lib/python3.12/site-packages/airflow/example_dags/example_subdag_operator.py
[2024-06-11T09:49:12.267+0000] {logging_mixin.py:188} INFO - [2024-06-11T09:49:12.267+0000] {dag.py:3096} INFO - Sync 3 DAGs
[2024-06-11T09:49:12.286+0000] {logging_mixin.py:188} INFO - [2024-06-11T09:49:12.286+0000] {dag.py:3954} INFO - Setting next_dagrun for example_subdag_operator to 2022-01-01 00:00:00+00:00, run_after=2022-01-01 00:00:00+00:00
[2024-06-11T09:49:12.289+0000] {logging_mixin.py:188} INFO - [2024-06-11T09:49:12.289+0000] {dag.py:3954} INFO - Setting next_dagrun for example_subdag_operator.section-1 to None, run_after=None
[2024-06-11T09:49:12.291+0000] {logging_mixin.py:188} INFO - [2024-06-11T09:49:12.291+0000] {dag.py:3954} INFO - Setting next_dagrun for example_subdag_operator.section-2 to None, run_after=None
[2024-06-11T09:49:12.297+0000] {logging_mixin.py:188} INFO - [2024-06-11T09:49:12.297+0000] {dag.py:3096} INFO - Sync 2 DAGs
[2024-06-11T09:49:12.302+0000] {logging_mixin.py:188} INFO - [2024-06-11T09:49:12.301+0000] {dag.py:3954} INFO - Setting next_dagrun for example_subdag_operator.section-1 to None, run_after=None
[2024-06-11T09:49:12.302+0000] {logging_mixin.py:188} INFO - [2024-06-11T09:49:12.302+0000] {dag.py:3954} INFO - Setting next_dagrun for example_subdag_operator.section-2 to None, run_after=None
[2024-06-11T09:49:12.312+0000] {processor.py:183} INFO - Processing /home/airflow/.local/lib/python3.12/site-packages/airflow/example_dags/example_subdag_operator.py took 0.085 seconds
[2024-06-11T09:49:42.552+0000] {processor.py:161} INFO - Started process (PID=1647) to work on /home/airflow/.local/lib/python3.12/site-packages/airflow/example_dags/example_subdag_operator.py
[2024-06-11T09:49:42.553+0000] {processor.py:830} INFO - Processing file /home/airflow/.local/lib/python3.12/site-packages/airflow/example_dags/example_subdag_operator.py for tasks to queue
[2024-06-11T09:49:42.554+0000] {logging_mixin.py:188} INFO - [2024-06-11T09:49:42.554+0000] {dagbag.py:545} INFO - Filling up the DagBag from /home/airflow/.local/lib/python3.12/site-packages/airflow/example_dags/example_subdag_operator.py
[2024-06-11T09:49:42.575+0000] {processor.py:840} INFO - DAG(s) 'example_subdag_operator.section-1', 'example_subdag_operator.section-2', 'example_subdag_operator' retrieved from /home/airflow/.local/lib/python3.12/site-packages/airflow/example_dags/example_subdag_operator.py
[2024-06-11T09:49:42.590+0000] {logging_mixin.py:188} INFO - [2024-06-11T09:49:42.590+0000] {dag.py:3096} INFO - Sync 3 DAGs
[2024-06-11T09:49:42.610+0000] {logging_mixin.py:188} INFO - [2024-06-11T09:49:42.609+0000] {dag.py:3954} INFO - Setting next_dagrun for example_subdag_operator to 2022-01-01 00:00:00+00:00, run_after=2022-01-01 00:00:00+00:00
[2024-06-11T09:49:42.613+0000] {logging_mixin.py:188} INFO - [2024-06-11T09:49:42.613+0000] {dag.py:3954} INFO - Setting next_dagrun for example_subdag_operator.section-1 to None, run_after=None
[2024-06-11T09:49:42.615+0000] {logging_mixin.py:188} INFO - [2024-06-11T09:49:42.615+0000] {dag.py:3954} INFO - Setting next_dagrun for example_subdag_operator.section-2 to None, run_after=None
[2024-06-11T09:49:42.620+0000] {logging_mixin.py:188} INFO - [2024-06-11T09:49:42.620+0000] {dag.py:3096} INFO - Sync 2 DAGs
[2024-06-11T09:49:42.625+0000] {logging_mixin.py:188} INFO - [2024-06-11T09:49:42.625+0000] {dag.py:3954} INFO - Setting next_dagrun for example_subdag_operator.section-1 to None, run_after=None
[2024-06-11T09:49:42.626+0000] {logging_mixin.py:188} INFO - [2024-06-11T09:49:42.626+0000] {dag.py:3954} INFO - Setting next_dagrun for example_subdag_operator.section-2 to None, run_after=None
[2024-06-11T09:49:42.635+0000] {processor.py:183} INFO - Processing /home/airflow/.local/lib/python3.12/site-packages/airflow/example_dags/example_subdag_operator.py took 0.087 seconds
[2024-06-11T09:50:12.763+0000] {processor.py:161} INFO - Started process (PID=1911) to work on /home/airflow/.local/lib/python3.12/site-packages/airflow/example_dags/example_subdag_operator.py
[2024-06-11T09:50:12.764+0000] {processor.py:830} INFO - Processing file /home/airflow/.local/lib/python3.12/site-packages/airflow/example_dags/example_subdag_operator.py for tasks to queue
[2024-06-11T09:50:12.766+0000] {logging_mixin.py:188} INFO - [2024-06-11T09:50:12.766+0000] {dagbag.py:545} INFO - Filling up the DagBag from /home/airflow/.local/lib/python3.12/site-packages/airflow/example_dags/example_subdag_operator.py
[2024-06-11T09:50:12.783+0000] {processor.py:840} INFO - DAG(s) 'example_subdag_operator.section-1', 'example_subdag_operator.section-2', 'example_subdag_operator' retrieved from /home/airflow/.local/lib/python3.12/site-packages/airflow/example_dags/example_subdag_operator.py
[2024-06-11T09:50:12.796+0000] {logging_mixin.py:188} INFO - [2024-06-11T09:50:12.796+0000] {dag.py:3096} INFO - Sync 3 DAGs
[2024-06-11T09:50:12.812+0000] {logging_mixin.py:188} INFO - [2024-06-11T09:50:12.812+0000] {dag.py:3954} INFO - Setting next_dagrun for example_subdag_operator to 2022-01-01 00:00:00+00:00, run_after=2022-01-01 00:00:00+00:00
[2024-06-11T09:50:12.816+0000] {logging_mixin.py:188} INFO - [2024-06-11T09:50:12.816+0000] {dag.py:3954} INFO - Setting next_dagrun for example_subdag_operator.section-1 to None, run_after=None
[2024-06-11T09:50:12.817+0000] {logging_mixin.py:188} INFO - [2024-06-11T09:50:12.817+0000] {dag.py:3954} INFO - Setting next_dagrun for example_subdag_operator.section-2 to None, run_after=None
[2024-06-11T09:50:12.824+0000] {logging_mixin.py:188} INFO - [2024-06-11T09:50:12.824+0000] {dag.py:3096} INFO - Sync 2 DAGs
[2024-06-11T09:50:12.829+0000] {logging_mixin.py:188} INFO - [2024-06-11T09:50:12.829+0000] {dag.py:3954} INFO - Setting next_dagrun for example_subdag_operator.section-1 to None, run_after=None
[2024-06-11T09:50:12.830+0000] {logging_mixin.py:188} INFO - [2024-06-11T09:50:12.830+0000] {dag.py:3954} INFO - Setting next_dagrun for example_subdag_operator.section-2 to None, run_after=None
[2024-06-11T09:50:12.840+0000] {processor.py:183} INFO - Processing /home/airflow/.local/lib/python3.12/site-packages/airflow/example_dags/example_subdag_operator.py took 0.081 seconds
