[2024-06-11T09:47:09.315+0000] {processor.py:161} INFO - Started process (PID=382) to work on /home/airflow/.local/lib/python3.12/site-packages/airflow/example_dags/example_params_trigger_ui.py
[2024-06-11T09:47:09.315+0000] {processor.py:830} INFO - Processing file /home/airflow/.local/lib/python3.12/site-packages/airflow/example_dags/example_params_trigger_ui.py for tasks to queue
[2024-06-11T09:47:09.317+0000] {logging_mixin.py:188} INFO - [2024-06-11T09:47:09.316+0000] {dagbag.py:545} INFO - Filling up the DagBag from /home/airflow/.local/lib/python3.12/site-packages/airflow/example_dags/example_params_trigger_ui.py
[2024-06-11T09:47:09.327+0000] {processor.py:840} INFO - DAG(s) 'example_params_trigger_ui' retrieved from /home/airflow/.local/lib/python3.12/site-packages/airflow/example_dags/example_params_trigger_ui.py
[2024-06-11T09:47:09.337+0000] {logging_mixin.py:188} INFO - [2024-06-11T09:47:09.337+0000] {dag.py:3096} INFO - Sync 1 DAGs
[2024-06-11T09:47:09.349+0000] {logging_mixin.py:188} INFO - [2024-06-11T09:47:09.349+0000] {dag.py:3954} INFO - Setting next_dagrun for example_params_trigger_ui to None, run_after=None
[2024-06-11T09:47:09.365+0000] {processor.py:183} INFO - Processing /home/airflow/.local/lib/python3.12/site-packages/airflow/example_dags/example_params_trigger_ui.py took 0.055 seconds
[2024-06-11T09:47:41.633+0000] {processor.py:161} INFO - Started process (PID=644) to work on /home/airflow/.local/lib/python3.12/site-packages/airflow/example_dags/example_params_trigger_ui.py
[2024-06-11T09:47:41.634+0000] {processor.py:830} INFO - Processing file /home/airflow/.local/lib/python3.12/site-packages/airflow/example_dags/example_params_trigger_ui.py for tasks to queue
[2024-06-11T09:47:41.636+0000] {logging_mixin.py:188} INFO - [2024-06-11T09:47:41.635+0000] {dagbag.py:545} INFO - Filling up the DagBag from /home/airflow/.local/lib/python3.12/site-packages/airflow/example_dags/example_params_trigger_ui.py
[2024-06-11T09:47:41.649+0000] {processor.py:840} INFO - DAG(s) 'example_params_trigger_ui' retrieved from /home/airflow/.local/lib/python3.12/site-packages/airflow/example_dags/example_params_trigger_ui.py
[2024-06-11T09:47:41.769+0000] {logging_mixin.py:188} INFO - [2024-06-11T09:47:41.769+0000] {dag.py:3096} INFO - Sync 1 DAGs
[2024-06-11T09:47:41.779+0000] {logging_mixin.py:188} INFO - [2024-06-11T09:47:41.779+0000] {dag.py:3954} INFO - Setting next_dagrun for example_params_trigger_ui to None, run_after=None
[2024-06-11T09:47:41.797+0000] {processor.py:183} INFO - Processing /home/airflow/.local/lib/python3.12/site-packages/airflow/example_dags/example_params_trigger_ui.py took 0.168 seconds
[2024-06-11T09:48:11.896+0000] {processor.py:161} INFO - Started process (PID=908) to work on /home/airflow/.local/lib/python3.12/site-packages/airflow/example_dags/example_params_trigger_ui.py
[2024-06-11T09:48:11.897+0000] {processor.py:830} INFO - Processing file /home/airflow/.local/lib/python3.12/site-packages/airflow/example_dags/example_params_trigger_ui.py for tasks to queue
[2024-06-11T09:48:11.898+0000] {logging_mixin.py:188} INFO - [2024-06-11T09:48:11.898+0000] {dagbag.py:545} INFO - Filling up the DagBag from /home/airflow/.local/lib/python3.12/site-packages/airflow/example_dags/example_params_trigger_ui.py
[2024-06-11T09:48:11.908+0000] {processor.py:840} INFO - DAG(s) 'example_params_trigger_ui' retrieved from /home/airflow/.local/lib/python3.12/site-packages/airflow/example_dags/example_params_trigger_ui.py
[2024-06-11T09:48:11.950+0000] {logging_mixin.py:188} INFO - [2024-06-11T09:48:11.950+0000] {dag.py:3096} INFO - Sync 1 DAGs
[2024-06-11T09:48:11.961+0000] {logging_mixin.py:188} INFO - [2024-06-11T09:48:11.960+0000] {dag.py:3954} INFO - Setting next_dagrun for example_params_trigger_ui to None, run_after=None
[2024-06-11T09:48:11.975+0000] {processor.py:183} INFO - Processing /home/airflow/.local/lib/python3.12/site-packages/airflow/example_dags/example_params_trigger_ui.py took 0.084 seconds
[2024-06-11T09:48:42.008+0000] {processor.py:161} INFO - Started process (PID=1170) to work on /home/airflow/.local/lib/python3.12/site-packages/airflow/example_dags/example_params_trigger_ui.py
[2024-06-11T09:48:42.008+0000] {processor.py:830} INFO - Processing file /home/airflow/.local/lib/python3.12/site-packages/airflow/example_dags/example_params_trigger_ui.py for tasks to queue
[2024-06-11T09:48:42.010+0000] {logging_mixin.py:188} INFO - [2024-06-11T09:48:42.009+0000] {dagbag.py:545} INFO - Filling up the DagBag from /home/airflow/.local/lib/python3.12/site-packages/airflow/example_dags/example_params_trigger_ui.py
[2024-06-11T09:48:42.019+0000] {processor.py:840} INFO - DAG(s) 'example_params_trigger_ui' retrieved from /home/airflow/.local/lib/python3.12/site-packages/airflow/example_dags/example_params_trigger_ui.py
[2024-06-11T09:48:42.058+0000] {logging_mixin.py:188} INFO - [2024-06-11T09:48:42.058+0000] {dag.py:3096} INFO - Sync 1 DAGs
[2024-06-11T09:48:42.068+0000] {logging_mixin.py:188} INFO - [2024-06-11T09:48:42.067+0000] {dag.py:3954} INFO - Setting next_dagrun for example_params_trigger_ui to None, run_after=None
[2024-06-11T09:48:42.081+0000] {processor.py:183} INFO - Processing /home/airflow/.local/lib/python3.12/site-packages/airflow/example_dags/example_params_trigger_ui.py took 0.078 seconds
[2024-06-11T09:49:12.794+0000] {processor.py:161} INFO - Started process (PID=1432) to work on /home/airflow/.local/lib/python3.12/site-packages/airflow/example_dags/example_params_trigger_ui.py
[2024-06-11T09:49:12.795+0000] {processor.py:830} INFO - Processing file /home/airflow/.local/lib/python3.12/site-packages/airflow/example_dags/example_params_trigger_ui.py for tasks to queue
[2024-06-11T09:49:12.797+0000] {logging_mixin.py:188} INFO - [2024-06-11T09:49:12.797+0000] {dagbag.py:545} INFO - Filling up the DagBag from /home/airflow/.local/lib/python3.12/site-packages/airflow/example_dags/example_params_trigger_ui.py
[2024-06-11T09:49:12.811+0000] {processor.py:840} INFO - DAG(s) 'example_params_trigger_ui' retrieved from /home/airflow/.local/lib/python3.12/site-packages/airflow/example_dags/example_params_trigger_ui.py
[2024-06-11T09:49:12.861+0000] {logging_mixin.py:188} INFO - [2024-06-11T09:49:12.861+0000] {dag.py:3096} INFO - Sync 1 DAGs
[2024-06-11T09:49:12.878+0000] {logging_mixin.py:188} INFO - [2024-06-11T09:49:12.878+0000] {dag.py:3954} INFO - Setting next_dagrun for example_params_trigger_ui to None, run_after=None
[2024-06-11T09:49:12.904+0000] {processor.py:183} INFO - Processing /home/airflow/.local/lib/python3.12/site-packages/airflow/example_dags/example_params_trigger_ui.py took 0.116 seconds
[2024-06-11T09:49:43.210+0000] {processor.py:161} INFO - Started process (PID=1692) to work on /home/airflow/.local/lib/python3.12/site-packages/airflow/example_dags/example_params_trigger_ui.py
[2024-06-11T09:49:43.211+0000] {processor.py:830} INFO - Processing file /home/airflow/.local/lib/python3.12/site-packages/airflow/example_dags/example_params_trigger_ui.py for tasks to queue
[2024-06-11T09:49:43.213+0000] {logging_mixin.py:188} INFO - [2024-06-11T09:49:43.213+0000] {dagbag.py:545} INFO - Filling up the DagBag from /home/airflow/.local/lib/python3.12/site-packages/airflow/example_dags/example_params_trigger_ui.py
[2024-06-11T09:49:43.227+0000] {processor.py:840} INFO - DAG(s) 'example_params_trigger_ui' retrieved from /home/airflow/.local/lib/python3.12/site-packages/airflow/example_dags/example_params_trigger_ui.py
[2024-06-11T09:49:43.271+0000] {logging_mixin.py:188} INFO - [2024-06-11T09:49:43.271+0000] {dag.py:3096} INFO - Sync 1 DAGs
[2024-06-11T09:49:43.285+0000] {logging_mixin.py:188} INFO - [2024-06-11T09:49:43.285+0000] {dag.py:3954} INFO - Setting next_dagrun for example_params_trigger_ui to None, run_after=None
[2024-06-11T09:49:43.304+0000] {processor.py:183} INFO - Processing /home/airflow/.local/lib/python3.12/site-packages/airflow/example_dags/example_params_trigger_ui.py took 0.100 seconds
[2024-06-11T09:50:14.081+0000] {processor.py:161} INFO - Started process (PID=1954) to work on /home/airflow/.local/lib/python3.12/site-packages/airflow/example_dags/example_params_trigger_ui.py
[2024-06-11T09:50:14.081+0000] {processor.py:830} INFO - Processing file /home/airflow/.local/lib/python3.12/site-packages/airflow/example_dags/example_params_trigger_ui.py for tasks to queue
[2024-06-11T09:50:14.083+0000] {logging_mixin.py:188} INFO - [2024-06-11T09:50:14.083+0000] {dagbag.py:545} INFO - Filling up the DagBag from /home/airflow/.local/lib/python3.12/site-packages/airflow/example_dags/example_params_trigger_ui.py
[2024-06-11T09:50:14.103+0000] {processor.py:840} INFO - DAG(s) 'example_params_trigger_ui' retrieved from /home/airflow/.local/lib/python3.12/site-packages/airflow/example_dags/example_params_trigger_ui.py
[2024-06-11T09:50:14.160+0000] {logging_mixin.py:188} INFO - [2024-06-11T09:50:14.160+0000] {dag.py:3096} INFO - Sync 1 DAGs
[2024-06-11T09:50:14.174+0000] {logging_mixin.py:188} INFO - [2024-06-11T09:50:14.173+0000] {dag.py:3954} INFO - Setting next_dagrun for example_params_trigger_ui to None, run_after=None
[2024-06-11T09:50:14.194+0000] {processor.py:183} INFO - Processing /home/airflow/.local/lib/python3.12/site-packages/airflow/example_dags/example_params_trigger_ui.py took 0.119 seconds
