[2024-06-11T09:47:08.111+0000] {processor.py:161} INFO - Started process (PID=242) to work on /home/airflow/.local/lib/python3.12/site-packages/airflow/example_dags/example_display_name.py
[2024-06-11T09:47:08.112+0000] {processor.py:830} INFO - Processing file /home/airflow/.local/lib/python3.12/site-packages/airflow/example_dags/example_display_name.py for tasks to queue
[2024-06-11T09:47:08.113+0000] {logging_mixin.py:188} INFO - [2024-06-11T09:47:08.113+0000] {dagbag.py:545} INFO - Filling up the DagBag from /home/airflow/.local/lib/python3.12/site-packages/airflow/example_dags/example_display_name.py
[2024-06-11T09:47:08.121+0000] {processor.py:840} INFO - DAG(s) 'example_display_name' retrieved from /home/airflow/.local/lib/python3.12/site-packages/airflow/example_dags/example_display_name.py
[2024-06-11T09:47:08.130+0000] {logging_mixin.py:188} INFO - [2024-06-11T09:47:08.130+0000] {dag.py:3096} INFO - Sync 1 DAGs
[2024-06-11T09:47:08.142+0000] {logging_mixin.py:188} INFO - [2024-06-11T09:47:08.142+0000] {dag.py:3954} INFO - Setting next_dagrun for example_display_name to None, run_after=None
[2024-06-11T09:47:08.162+0000] {processor.py:183} INFO - Processing /home/airflow/.local/lib/python3.12/site-packages/airflow/example_dags/example_display_name.py took 0.055 seconds
[2024-06-11T09:47:39.364+0000] {processor.py:161} INFO - Started process (PID=504) to work on /home/airflow/.local/lib/python3.12/site-packages/airflow/example_dags/example_display_name.py
[2024-06-11T09:47:39.365+0000] {processor.py:830} INFO - Processing file /home/airflow/.local/lib/python3.12/site-packages/airflow/example_dags/example_display_name.py for tasks to queue
[2024-06-11T09:47:39.366+0000] {logging_mixin.py:188} INFO - [2024-06-11T09:47:39.366+0000] {dagbag.py:545} INFO - Filling up the DagBag from /home/airflow/.local/lib/python3.12/site-packages/airflow/example_dags/example_display_name.py
[2024-06-11T09:47:39.370+0000] {processor.py:840} INFO - DAG(s) 'example_display_name' retrieved from /home/airflow/.local/lib/python3.12/site-packages/airflow/example_dags/example_display_name.py
[2024-06-11T09:47:39.460+0000] {logging_mixin.py:188} INFO - [2024-06-11T09:47:39.459+0000] {dag.py:3096} INFO - Sync 1 DAGs
[2024-06-11T09:47:39.469+0000] {logging_mixin.py:188} INFO - [2024-06-11T09:47:39.468+0000] {dag.py:3954} INFO - Setting next_dagrun for example_display_name to None, run_after=None
[2024-06-11T09:47:39.495+0000] {processor.py:183} INFO - Processing /home/airflow/.local/lib/python3.12/site-packages/airflow/example_dags/example_display_name.py took 0.135 seconds
[2024-06-11T09:48:10.319+0000] {processor.py:161} INFO - Started process (PID=768) to work on /home/airflow/.local/lib/python3.12/site-packages/airflow/example_dags/example_display_name.py
[2024-06-11T09:48:10.319+0000] {processor.py:830} INFO - Processing file /home/airflow/.local/lib/python3.12/site-packages/airflow/example_dags/example_display_name.py for tasks to queue
[2024-06-11T09:48:10.321+0000] {logging_mixin.py:188} INFO - [2024-06-11T09:48:10.321+0000] {dagbag.py:545} INFO - Filling up the DagBag from /home/airflow/.local/lib/python3.12/site-packages/airflow/example_dags/example_display_name.py
[2024-06-11T09:48:10.326+0000] {processor.py:840} INFO - DAG(s) 'example_display_name' retrieved from /home/airflow/.local/lib/python3.12/site-packages/airflow/example_dags/example_display_name.py
[2024-06-11T09:48:10.344+0000] {logging_mixin.py:188} INFO - [2024-06-11T09:48:10.343+0000] {dag.py:3096} INFO - Sync 1 DAGs
[2024-06-11T09:48:10.356+0000] {logging_mixin.py:188} INFO - [2024-06-11T09:48:10.355+0000] {dag.py:3954} INFO - Setting next_dagrun for example_display_name to None, run_after=None
[2024-06-11T09:48:10.374+0000] {processor.py:183} INFO - Processing /home/airflow/.local/lib/python3.12/site-packages/airflow/example_dags/example_display_name.py took 0.060 seconds
[2024-06-11T09:48:40.480+0000] {processor.py:161} INFO - Started process (PID=1028) to work on /home/airflow/.local/lib/python3.12/site-packages/airflow/example_dags/example_display_name.py
[2024-06-11T09:48:40.480+0000] {processor.py:830} INFO - Processing file /home/airflow/.local/lib/python3.12/site-packages/airflow/example_dags/example_display_name.py for tasks to queue
[2024-06-11T09:48:40.482+0000] {logging_mixin.py:188} INFO - [2024-06-11T09:48:40.481+0000] {dagbag.py:545} INFO - Filling up the DagBag from /home/airflow/.local/lib/python3.12/site-packages/airflow/example_dags/example_display_name.py
[2024-06-11T09:48:40.485+0000] {processor.py:840} INFO - DAG(s) 'example_display_name' retrieved from /home/airflow/.local/lib/python3.12/site-packages/airflow/example_dags/example_display_name.py
[2024-06-11T09:48:40.500+0000] {logging_mixin.py:188} INFO - [2024-06-11T09:48:40.500+0000] {dag.py:3096} INFO - Sync 1 DAGs
[2024-06-11T09:48:40.511+0000] {logging_mixin.py:188} INFO - [2024-06-11T09:48:40.510+0000] {dag.py:3954} INFO - Setting next_dagrun for example_display_name to None, run_after=None
[2024-06-11T09:48:40.525+0000] {processor.py:183} INFO - Processing /home/airflow/.local/lib/python3.12/site-packages/airflow/example_dags/example_display_name.py took 0.049 seconds
[2024-06-11T09:49:11.237+0000] {processor.py:161} INFO - Started process (PID=1290) to work on /home/airflow/.local/lib/python3.12/site-packages/airflow/example_dags/example_display_name.py
[2024-06-11T09:49:11.238+0000] {processor.py:830} INFO - Processing file /home/airflow/.local/lib/python3.12/site-packages/airflow/example_dags/example_display_name.py for tasks to queue
[2024-06-11T09:49:11.239+0000] {logging_mixin.py:188} INFO - [2024-06-11T09:49:11.239+0000] {dagbag.py:545} INFO - Filling up the DagBag from /home/airflow/.local/lib/python3.12/site-packages/airflow/example_dags/example_display_name.py
[2024-06-11T09:49:11.244+0000] {processor.py:840} INFO - DAG(s) 'example_display_name' retrieved from /home/airflow/.local/lib/python3.12/site-packages/airflow/example_dags/example_display_name.py
[2024-06-11T09:49:11.261+0000] {logging_mixin.py:188} INFO - [2024-06-11T09:49:11.260+0000] {dag.py:3096} INFO - Sync 1 DAGs
[2024-06-11T09:49:11.271+0000] {logging_mixin.py:188} INFO - [2024-06-11T09:49:11.271+0000] {dag.py:3954} INFO - Setting next_dagrun for example_display_name to None, run_after=None
[2024-06-11T09:49:11.288+0000] {processor.py:183} INFO - Processing /home/airflow/.local/lib/python3.12/site-packages/airflow/example_dags/example_display_name.py took 0.055 seconds
[2024-06-11T09:49:41.530+0000] {processor.py:161} INFO - Started process (PID=1552) to work on /home/airflow/.local/lib/python3.12/site-packages/airflow/example_dags/example_display_name.py
[2024-06-11T09:49:41.531+0000] {processor.py:830} INFO - Processing file /home/airflow/.local/lib/python3.12/site-packages/airflow/example_dags/example_display_name.py for tasks to queue
[2024-06-11T09:49:41.533+0000] {logging_mixin.py:188} INFO - [2024-06-11T09:49:41.532+0000] {dagbag.py:545} INFO - Filling up the DagBag from /home/airflow/.local/lib/python3.12/site-packages/airflow/example_dags/example_display_name.py
[2024-06-11T09:49:41.537+0000] {processor.py:840} INFO - DAG(s) 'example_display_name' retrieved from /home/airflow/.local/lib/python3.12/site-packages/airflow/example_dags/example_display_name.py
[2024-06-11T09:49:41.553+0000] {logging_mixin.py:188} INFO - [2024-06-11T09:49:41.553+0000] {dag.py:3096} INFO - Sync 1 DAGs
[2024-06-11T09:49:41.564+0000] {logging_mixin.py:188} INFO - [2024-06-11T09:49:41.564+0000] {dag.py:3954} INFO - Setting next_dagrun for example_display_name to None, run_after=None
[2024-06-11T09:49:41.580+0000] {processor.py:183} INFO - Processing /home/airflow/.local/lib/python3.12/site-packages/airflow/example_dags/example_display_name.py took 0.055 seconds
[2024-06-11T09:50:11.720+0000] {processor.py:161} INFO - Started process (PID=1814) to work on /home/airflow/.local/lib/python3.12/site-packages/airflow/example_dags/example_display_name.py
[2024-06-11T09:50:11.721+0000] {processor.py:830} INFO - Processing file /home/airflow/.local/lib/python3.12/site-packages/airflow/example_dags/example_display_name.py for tasks to queue
[2024-06-11T09:50:11.723+0000] {logging_mixin.py:188} INFO - [2024-06-11T09:50:11.722+0000] {dagbag.py:545} INFO - Filling up the DagBag from /home/airflow/.local/lib/python3.12/site-packages/airflow/example_dags/example_display_name.py
[2024-06-11T09:50:11.727+0000] {processor.py:840} INFO - DAG(s) 'example_display_name' retrieved from /home/airflow/.local/lib/python3.12/site-packages/airflow/example_dags/example_display_name.py
[2024-06-11T09:50:11.741+0000] {logging_mixin.py:188} INFO - [2024-06-11T09:50:11.741+0000] {dag.py:3096} INFO - Sync 1 DAGs
[2024-06-11T09:50:11.751+0000] {logging_mixin.py:188} INFO - [2024-06-11T09:50:11.751+0000] {dag.py:3954} INFO - Setting next_dagrun for example_display_name to None, run_after=None
[2024-06-11T09:50:11.766+0000] {processor.py:183} INFO - Processing /home/airflow/.local/lib/python3.12/site-packages/airflow/example_dags/example_display_name.py took 0.050 seconds
