[2024-06-11T09:47:09.228+0000] {processor.py:161} INFO - Started process (PID=372) to work on /home/airflow/.local/lib/python3.12/site-packages/airflow/example_dags/example_branch_labels.py
[2024-06-11T09:47:09.229+0000] {processor.py:830} INFO - Processing file /home/airflow/.local/lib/python3.12/site-packages/airflow/example_dags/example_branch_labels.py for tasks to queue
[2024-06-11T09:47:09.230+0000] {logging_mixin.py:188} INFO - [2024-06-11T09:47:09.230+0000] {dagbag.py:545} INFO - Filling up the DagBag from /home/airflow/.local/lib/python3.12/site-packages/airflow/example_dags/example_branch_labels.py
[2024-06-11T09:47:09.238+0000] {processor.py:840} INFO - DAG(s) 'example_branch_labels' retrieved from /home/airflow/.local/lib/python3.12/site-packages/airflow/example_dags/example_branch_labels.py
[2024-06-11T09:47:09.248+0000] {logging_mixin.py:188} INFO - [2024-06-11T09:47:09.248+0000] {dag.py:3096} INFO - Sync 1 DAGs
[2024-06-11T09:47:09.269+0000] {logging_mixin.py:188} INFO - [2024-06-11T09:47:09.269+0000] {dag.py:3954} INFO - Setting next_dagrun for example_branch_labels to 2024-06-10 00:00:00+00:00, run_after=2024-06-11 00:00:00+00:00
[2024-06-11T09:47:09.286+0000] {processor.py:183} INFO - Processing /home/airflow/.local/lib/python3.12/site-packages/airflow/example_dags/example_branch_labels.py took 0.062 seconds
[2024-06-11T09:47:41.455+0000] {processor.py:161} INFO - Started process (PID=634) to work on /home/airflow/.local/lib/python3.12/site-packages/airflow/example_dags/example_branch_labels.py
[2024-06-11T09:47:41.456+0000] {processor.py:830} INFO - Processing file /home/airflow/.local/lib/python3.12/site-packages/airflow/example_dags/example_branch_labels.py for tasks to queue
[2024-06-11T09:47:41.457+0000] {logging_mixin.py:188} INFO - [2024-06-11T09:47:41.457+0000] {dagbag.py:545} INFO - Filling up the DagBag from /home/airflow/.local/lib/python3.12/site-packages/airflow/example_dags/example_branch_labels.py
[2024-06-11T09:47:41.463+0000] {processor.py:840} INFO - DAG(s) 'example_branch_labels' retrieved from /home/airflow/.local/lib/python3.12/site-packages/airflow/example_dags/example_branch_labels.py
[2024-06-11T09:47:41.561+0000] {logging_mixin.py:188} INFO - [2024-06-11T09:47:41.560+0000] {dag.py:3096} INFO - Sync 1 DAGs
[2024-06-11T09:47:41.582+0000] {logging_mixin.py:188} INFO - [2024-06-11T09:47:41.582+0000] {dag.py:3954} INFO - Setting next_dagrun for example_branch_labels to 2024-06-10 00:00:00+00:00, run_after=2024-06-11 00:00:00+00:00
[2024-06-11T09:47:41.600+0000] {processor.py:183} INFO - Processing /home/airflow/.local/lib/python3.12/site-packages/airflow/example_dags/example_branch_labels.py took 0.149 seconds
[2024-06-11T09:48:11.803+0000] {processor.py:161} INFO - Started process (PID=898) to work on /home/airflow/.local/lib/python3.12/site-packages/airflow/example_dags/example_branch_labels.py
[2024-06-11T09:48:11.803+0000] {processor.py:830} INFO - Processing file /home/airflow/.local/lib/python3.12/site-packages/airflow/example_dags/example_branch_labels.py for tasks to queue
[2024-06-11T09:48:11.805+0000] {logging_mixin.py:188} INFO - [2024-06-11T09:48:11.804+0000] {dagbag.py:545} INFO - Filling up the DagBag from /home/airflow/.local/lib/python3.12/site-packages/airflow/example_dags/example_branch_labels.py
[2024-06-11T09:48:11.810+0000] {processor.py:840} INFO - DAG(s) 'example_branch_labels' retrieved from /home/airflow/.local/lib/python3.12/site-packages/airflow/example_dags/example_branch_labels.py
[2024-06-11T09:48:11.827+0000] {logging_mixin.py:188} INFO - [2024-06-11T09:48:11.827+0000] {dag.py:3096} INFO - Sync 1 DAGs
[2024-06-11T09:48:11.845+0000] {logging_mixin.py:188} INFO - [2024-06-11T09:48:11.845+0000] {dag.py:3954} INFO - Setting next_dagrun for example_branch_labels to 2024-06-10 00:00:00+00:00, run_after=2024-06-11 00:00:00+00:00
[2024-06-11T09:48:11.861+0000] {processor.py:183} INFO - Processing /home/airflow/.local/lib/python3.12/site-packages/airflow/example_dags/example_branch_labels.py took 0.063 seconds
[2024-06-11T09:48:41.921+0000] {processor.py:161} INFO - Started process (PID=1160) to work on /home/airflow/.local/lib/python3.12/site-packages/airflow/example_dags/example_branch_labels.py
[2024-06-11T09:48:41.921+0000] {processor.py:830} INFO - Processing file /home/airflow/.local/lib/python3.12/site-packages/airflow/example_dags/example_branch_labels.py for tasks to queue
[2024-06-11T09:48:41.923+0000] {logging_mixin.py:188} INFO - [2024-06-11T09:48:41.922+0000] {dagbag.py:545} INFO - Filling up the DagBag from /home/airflow/.local/lib/python3.12/site-packages/airflow/example_dags/example_branch_labels.py
[2024-06-11T09:48:41.928+0000] {processor.py:840} INFO - DAG(s) 'example_branch_labels' retrieved from /home/airflow/.local/lib/python3.12/site-packages/airflow/example_dags/example_branch_labels.py
[2024-06-11T09:48:41.943+0000] {logging_mixin.py:188} INFO - [2024-06-11T09:48:41.943+0000] {dag.py:3096} INFO - Sync 1 DAGs
[2024-06-11T09:48:41.960+0000] {logging_mixin.py:188} INFO - [2024-06-11T09:48:41.960+0000] {dag.py:3954} INFO - Setting next_dagrun for example_branch_labels to 2024-06-10 00:00:00+00:00, run_after=2024-06-11 00:00:00+00:00
[2024-06-11T09:48:41.975+0000] {processor.py:183} INFO - Processing /home/airflow/.local/lib/python3.12/site-packages/airflow/example_dags/example_branch_labels.py took 0.058 seconds
[2024-06-11T09:49:12.690+0000] {processor.py:161} INFO - Started process (PID=1421) to work on /home/airflow/.local/lib/python3.12/site-packages/airflow/example_dags/example_branch_labels.py
[2024-06-11T09:49:12.691+0000] {processor.py:830} INFO - Processing file /home/airflow/.local/lib/python3.12/site-packages/airflow/example_dags/example_branch_labels.py for tasks to queue
[2024-06-11T09:49:12.692+0000] {logging_mixin.py:188} INFO - [2024-06-11T09:49:12.692+0000] {dagbag.py:545} INFO - Filling up the DagBag from /home/airflow/.local/lib/python3.12/site-packages/airflow/example_dags/example_branch_labels.py
[2024-06-11T09:49:12.702+0000] {processor.py:840} INFO - DAG(s) 'example_branch_labels' retrieved from /home/airflow/.local/lib/python3.12/site-packages/airflow/example_dags/example_branch_labels.py
[2024-06-11T09:49:12.720+0000] {logging_mixin.py:188} INFO - [2024-06-11T09:49:12.720+0000] {dag.py:3096} INFO - Sync 1 DAGs
[2024-06-11T09:49:12.744+0000] {logging_mixin.py:188} INFO - [2024-06-11T09:49:12.744+0000] {dag.py:3954} INFO - Setting next_dagrun for example_branch_labels to 2024-06-10 00:00:00+00:00, run_after=2024-06-11 00:00:00+00:00
[2024-06-11T09:49:12.760+0000] {processor.py:183} INFO - Processing /home/airflow/.local/lib/python3.12/site-packages/airflow/example_dags/example_branch_labels.py took 0.076 seconds
[2024-06-11T09:49:42.968+0000] {processor.py:161} INFO - Started process (PID=1682) to work on /home/airflow/.local/lib/python3.12/site-packages/airflow/example_dags/example_branch_labels.py
[2024-06-11T09:49:42.969+0000] {processor.py:830} INFO - Processing file /home/airflow/.local/lib/python3.12/site-packages/airflow/example_dags/example_branch_labels.py for tasks to queue
[2024-06-11T09:49:42.971+0000] {logging_mixin.py:188} INFO - [2024-06-11T09:49:42.971+0000] {dagbag.py:545} INFO - Filling up the DagBag from /home/airflow/.local/lib/python3.12/site-packages/airflow/example_dags/example_branch_labels.py
[2024-06-11T09:49:42.977+0000] {processor.py:840} INFO - DAG(s) 'example_branch_labels' retrieved from /home/airflow/.local/lib/python3.12/site-packages/airflow/example_dags/example_branch_labels.py
[2024-06-11T09:49:42.995+0000] {logging_mixin.py:188} INFO - [2024-06-11T09:49:42.995+0000] {dag.py:3096} INFO - Sync 1 DAGs
[2024-06-11T09:49:43.014+0000] {logging_mixin.py:188} INFO - [2024-06-11T09:49:43.014+0000] {dag.py:3954} INFO - Setting next_dagrun for example_branch_labels to 2024-06-10 00:00:00+00:00, run_after=2024-06-11 00:00:00+00:00
[2024-06-11T09:49:43.037+0000] {processor.py:183} INFO - Processing /home/airflow/.local/lib/python3.12/site-packages/airflow/example_dags/example_branch_labels.py took 0.073 seconds
[2024-06-11T09:50:13.985+0000] {processor.py:161} INFO - Started process (PID=1944) to work on /home/airflow/.local/lib/python3.12/site-packages/airflow/example_dags/example_branch_labels.py
[2024-06-11T09:50:13.986+0000] {processor.py:830} INFO - Processing file /home/airflow/.local/lib/python3.12/site-packages/airflow/example_dags/example_branch_labels.py for tasks to queue
[2024-06-11T09:50:13.987+0000] {logging_mixin.py:188} INFO - [2024-06-11T09:50:13.987+0000] {dagbag.py:545} INFO - Filling up the DagBag from /home/airflow/.local/lib/python3.12/site-packages/airflow/example_dags/example_branch_labels.py
[2024-06-11T09:50:13.994+0000] {processor.py:840} INFO - DAG(s) 'example_branch_labels' retrieved from /home/airflow/.local/lib/python3.12/site-packages/airflow/example_dags/example_branch_labels.py
[2024-06-11T09:50:14.014+0000] {logging_mixin.py:188} INFO - [2024-06-11T09:50:14.014+0000] {dag.py:3096} INFO - Sync 1 DAGs
[2024-06-11T09:50:14.034+0000] {logging_mixin.py:188} INFO - [2024-06-11T09:50:14.033+0000] {dag.py:3954} INFO - Setting next_dagrun for example_branch_labels to 2024-06-10 00:00:00+00:00, run_after=2024-06-11 00:00:00+00:00
[2024-06-11T09:50:14.048+0000] {processor.py:183} INFO - Processing /home/airflow/.local/lib/python3.12/site-packages/airflow/example_dags/example_branch_labels.py took 0.067 seconds
