[2024-06-11T09:47:07.382+0000] {processor.py:161} INFO - Started process (PID=187) to work on /home/airflow/.local/lib/python3.12/site-packages/airflow/example_dags/example_sensor_decorator.py
[2024-06-11T09:47:07.384+0000] {processor.py:830} INFO - Processing file /home/airflow/.local/lib/python3.12/site-packages/airflow/example_dags/example_sensor_decorator.py for tasks to queue
[2024-06-11T09:47:07.385+0000] {logging_mixin.py:188} INFO - [2024-06-11T09:47:07.385+0000] {dagbag.py:545} INFO - Filling up the DagBag from /home/airflow/.local/lib/python3.12/site-packages/airflow/example_dags/example_sensor_decorator.py
[2024-06-11T09:47:07.392+0000] {processor.py:840} INFO - DAG(s) 'example_sensor_decorator' retrieved from /home/airflow/.local/lib/python3.12/site-packages/airflow/example_dags/example_sensor_decorator.py
[2024-06-11T09:47:07.402+0000] {logging_mixin.py:188} INFO - [2024-06-11T09:47:07.402+0000] {dag.py:3096} INFO - Sync 1 DAGs
[2024-06-11T09:47:07.415+0000] {logging_mixin.py:188} INFO - [2024-06-11T09:47:07.414+0000] {dag.py:3954} INFO - Setting next_dagrun for example_sensor_decorator to None, run_after=None
[2024-06-11T09:47:07.435+0000] {processor.py:183} INFO - Processing /home/airflow/.local/lib/python3.12/site-packages/airflow/example_dags/example_sensor_decorator.py took 0.058 seconds
[2024-06-11T09:47:38.242+0000] {processor.py:161} INFO - Started process (PID=449) to work on /home/airflow/.local/lib/python3.12/site-packages/airflow/example_dags/example_sensor_decorator.py
[2024-06-11T09:47:38.243+0000] {processor.py:830} INFO - Processing file /home/airflow/.local/lib/python3.12/site-packages/airflow/example_dags/example_sensor_decorator.py for tasks to queue
[2024-06-11T09:47:38.245+0000] {logging_mixin.py:188} INFO - [2024-06-11T09:47:38.245+0000] {dagbag.py:545} INFO - Filling up the DagBag from /home/airflow/.local/lib/python3.12/site-packages/airflow/example_dags/example_sensor_decorator.py
[2024-06-11T09:47:38.250+0000] {processor.py:840} INFO - DAG(s) 'example_sensor_decorator' retrieved from /home/airflow/.local/lib/python3.12/site-packages/airflow/example_dags/example_sensor_decorator.py
[2024-06-11T09:47:38.352+0000] {logging_mixin.py:188} INFO - [2024-06-11T09:47:38.351+0000] {dag.py:3096} INFO - Sync 1 DAGs
[2024-06-11T09:47:38.363+0000] {logging_mixin.py:188} INFO - [2024-06-11T09:47:38.363+0000] {dag.py:3954} INFO - Setting next_dagrun for example_sensor_decorator to None, run_after=None
[2024-06-11T09:47:38.382+0000] {processor.py:183} INFO - Processing /home/airflow/.local/lib/python3.12/site-packages/airflow/example_dags/example_sensor_decorator.py took 0.147 seconds
[2024-06-11T09:48:08.718+0000] {processor.py:161} INFO - Started process (PID=711) to work on /home/airflow/.local/lib/python3.12/site-packages/airflow/example_dags/example_sensor_decorator.py
[2024-06-11T09:48:08.719+0000] {processor.py:830} INFO - Processing file /home/airflow/.local/lib/python3.12/site-packages/airflow/example_dags/example_sensor_decorator.py for tasks to queue
[2024-06-11T09:48:08.720+0000] {logging_mixin.py:188} INFO - [2024-06-11T09:48:08.720+0000] {dagbag.py:545} INFO - Filling up the DagBag from /home/airflow/.local/lib/python3.12/site-packages/airflow/example_dags/example_sensor_decorator.py
[2024-06-11T09:48:08.725+0000] {processor.py:840} INFO - DAG(s) 'example_sensor_decorator' retrieved from /home/airflow/.local/lib/python3.12/site-packages/airflow/example_dags/example_sensor_decorator.py
[2024-06-11T09:48:08.742+0000] {logging_mixin.py:188} INFO - [2024-06-11T09:48:08.741+0000] {dag.py:3096} INFO - Sync 1 DAGs
[2024-06-11T09:48:08.755+0000] {logging_mixin.py:188} INFO - [2024-06-11T09:48:08.755+0000] {dag.py:3954} INFO - Setting next_dagrun for example_sensor_decorator to None, run_after=None
[2024-06-11T09:48:08.774+0000] {processor.py:183} INFO - Processing /home/airflow/.local/lib/python3.12/site-packages/airflow/example_dags/example_sensor_decorator.py took 0.061 seconds
[2024-06-11T09:48:39.021+0000] {processor.py:161} INFO - Started process (PID=973) to work on /home/airflow/.local/lib/python3.12/site-packages/airflow/example_dags/example_sensor_decorator.py
[2024-06-11T09:48:39.022+0000] {processor.py:830} INFO - Processing file /home/airflow/.local/lib/python3.12/site-packages/airflow/example_dags/example_sensor_decorator.py for tasks to queue
[2024-06-11T09:48:39.023+0000] {logging_mixin.py:188} INFO - [2024-06-11T09:48:39.023+0000] {dagbag.py:545} INFO - Filling up the DagBag from /home/airflow/.local/lib/python3.12/site-packages/airflow/example_dags/example_sensor_decorator.py
[2024-06-11T09:48:39.028+0000] {processor.py:840} INFO - DAG(s) 'example_sensor_decorator' retrieved from /home/airflow/.local/lib/python3.12/site-packages/airflow/example_dags/example_sensor_decorator.py
[2024-06-11T09:48:39.043+0000] {logging_mixin.py:188} INFO - [2024-06-11T09:48:39.043+0000] {dag.py:3096} INFO - Sync 1 DAGs
[2024-06-11T09:48:39.054+0000] {logging_mixin.py:188} INFO - [2024-06-11T09:48:39.054+0000] {dag.py:3954} INFO - Setting next_dagrun for example_sensor_decorator to None, run_after=None
[2024-06-11T09:48:39.069+0000] {processor.py:183} INFO - Processing /home/airflow/.local/lib/python3.12/site-packages/airflow/example_dags/example_sensor_decorator.py took 0.052 seconds
[2024-06-11T09:49:09.740+0000] {processor.py:161} INFO - Started process (PID=1237) to work on /home/airflow/.local/lib/python3.12/site-packages/airflow/example_dags/example_sensor_decorator.py
[2024-06-11T09:49:09.741+0000] {processor.py:830} INFO - Processing file /home/airflow/.local/lib/python3.12/site-packages/airflow/example_dags/example_sensor_decorator.py for tasks to queue
[2024-06-11T09:49:09.742+0000] {logging_mixin.py:188} INFO - [2024-06-11T09:49:09.742+0000] {dagbag.py:545} INFO - Filling up the DagBag from /home/airflow/.local/lib/python3.12/site-packages/airflow/example_dags/example_sensor_decorator.py
[2024-06-11T09:49:09.747+0000] {processor.py:840} INFO - DAG(s) 'example_sensor_decorator' retrieved from /home/airflow/.local/lib/python3.12/site-packages/airflow/example_dags/example_sensor_decorator.py
[2024-06-11T09:49:09.763+0000] {logging_mixin.py:188} INFO - [2024-06-11T09:49:09.763+0000] {dag.py:3096} INFO - Sync 1 DAGs
[2024-06-11T09:49:09.774+0000] {logging_mixin.py:188} INFO - [2024-06-11T09:49:09.774+0000] {dag.py:3954} INFO - Setting next_dagrun for example_sensor_decorator to None, run_after=None
[2024-06-11T09:49:09.789+0000] {processor.py:183} INFO - Processing /home/airflow/.local/lib/python3.12/site-packages/airflow/example_dags/example_sensor_decorator.py took 0.053 seconds
[2024-06-11T09:49:39.961+0000] {processor.py:161} INFO - Started process (PID=1497) to work on /home/airflow/.local/lib/python3.12/site-packages/airflow/example_dags/example_sensor_decorator.py
[2024-06-11T09:49:39.962+0000] {processor.py:830} INFO - Processing file /home/airflow/.local/lib/python3.12/site-packages/airflow/example_dags/example_sensor_decorator.py for tasks to queue
[2024-06-11T09:49:39.964+0000] {logging_mixin.py:188} INFO - [2024-06-11T09:49:39.963+0000] {dagbag.py:545} INFO - Filling up the DagBag from /home/airflow/.local/lib/python3.12/site-packages/airflow/example_dags/example_sensor_decorator.py
[2024-06-11T09:49:39.968+0000] {processor.py:840} INFO - DAG(s) 'example_sensor_decorator' retrieved from /home/airflow/.local/lib/python3.12/site-packages/airflow/example_dags/example_sensor_decorator.py
[2024-06-11T09:49:39.983+0000] {logging_mixin.py:188} INFO - [2024-06-11T09:49:39.983+0000] {dag.py:3096} INFO - Sync 1 DAGs
[2024-06-11T09:49:39.994+0000] {logging_mixin.py:188} INFO - [2024-06-11T09:49:39.994+0000] {dag.py:3954} INFO - Setting next_dagrun for example_sensor_decorator to None, run_after=None
[2024-06-11T09:49:40.010+0000] {processor.py:183} INFO - Processing /home/airflow/.local/lib/python3.12/site-packages/airflow/example_dags/example_sensor_decorator.py took 0.053 seconds
[2024-06-11T09:50:10.149+0000] {processor.py:161} INFO - Started process (PID=1759) to work on /home/airflow/.local/lib/python3.12/site-packages/airflow/example_dags/example_sensor_decorator.py
[2024-06-11T09:50:10.150+0000] {processor.py:830} INFO - Processing file /home/airflow/.local/lib/python3.12/site-packages/airflow/example_dags/example_sensor_decorator.py for tasks to queue
[2024-06-11T09:50:10.151+0000] {logging_mixin.py:188} INFO - [2024-06-11T09:50:10.151+0000] {dagbag.py:545} INFO - Filling up the DagBag from /home/airflow/.local/lib/python3.12/site-packages/airflow/example_dags/example_sensor_decorator.py
[2024-06-11T09:50:10.155+0000] {processor.py:840} INFO - DAG(s) 'example_sensor_decorator' retrieved from /home/airflow/.local/lib/python3.12/site-packages/airflow/example_dags/example_sensor_decorator.py
[2024-06-11T09:50:10.170+0000] {logging_mixin.py:188} INFO - [2024-06-11T09:50:10.170+0000] {dag.py:3096} INFO - Sync 1 DAGs
[2024-06-11T09:50:10.180+0000] {logging_mixin.py:188} INFO - [2024-06-11T09:50:10.180+0000] {dag.py:3954} INFO - Setting next_dagrun for example_sensor_decorator to None, run_after=None
[2024-06-11T09:50:10.194+0000] {processor.py:183} INFO - Processing /home/airflow/.local/lib/python3.12/site-packages/airflow/example_dags/example_sensor_decorator.py took 0.049 seconds
