[2024-06-11T09:47:09.142+0000] {processor.py:161} INFO - Started process (PID=362) to work on /home/airflow/.local/lib/python3.12/site-packages/airflow/example_dags/example_bash_operator.py
[2024-06-11T09:47:09.143+0000] {processor.py:830} INFO - Processing file /home/airflow/.local/lib/python3.12/site-packages/airflow/example_dags/example_bash_operator.py for tasks to queue
[2024-06-11T09:47:09.145+0000] {logging_mixin.py:188} INFO - [2024-06-11T09:47:09.145+0000] {dagbag.py:545} INFO - Filling up the DagBag from /home/airflow/.local/lib/python3.12/site-packages/airflow/example_dags/example_bash_operator.py
[2024-06-11T09:47:09.154+0000] {processor.py:840} INFO - DAG(s) 'example_bash_operator' retrieved from /home/airflow/.local/lib/python3.12/site-packages/airflow/example_dags/example_bash_operator.py
[2024-06-11T09:47:09.163+0000] {logging_mixin.py:188} INFO - [2024-06-11T09:47:09.163+0000] {dag.py:3096} INFO - Sync 1 DAGs
[2024-06-11T09:47:09.182+0000] {logging_mixin.py:188} INFO - [2024-06-11T09:47:09.182+0000] {dag.py:3954} INFO - Setting next_dagrun for example_bash_operator to 2024-06-10 00:00:00+00:00, run_after=2024-06-11 00:00:00+00:00
[2024-06-11T09:47:09.200+0000] {processor.py:183} INFO - Processing /home/airflow/.local/lib/python3.12/site-packages/airflow/example_dags/example_bash_operator.py took 0.061 seconds
[2024-06-11T09:47:41.287+0000] {processor.py:161} INFO - Started process (PID=624) to work on /home/airflow/.local/lib/python3.12/site-packages/airflow/example_dags/example_bash_operator.py
[2024-06-11T09:47:41.288+0000] {processor.py:830} INFO - Processing file /home/airflow/.local/lib/python3.12/site-packages/airflow/example_dags/example_bash_operator.py for tasks to queue
[2024-06-11T09:47:41.290+0000] {logging_mixin.py:188} INFO - [2024-06-11T09:47:41.289+0000] {dagbag.py:545} INFO - Filling up the DagBag from /home/airflow/.local/lib/python3.12/site-packages/airflow/example_dags/example_bash_operator.py
[2024-06-11T09:47:41.299+0000] {processor.py:840} INFO - DAG(s) 'example_bash_operator' retrieved from /home/airflow/.local/lib/python3.12/site-packages/airflow/example_dags/example_bash_operator.py
[2024-06-11T09:47:41.390+0000] {logging_mixin.py:188} INFO - [2024-06-11T09:47:41.390+0000] {dag.py:3096} INFO - Sync 1 DAGs
[2024-06-11T09:47:41.411+0000] {logging_mixin.py:188} INFO - [2024-06-11T09:47:41.410+0000] {dag.py:3954} INFO - Setting next_dagrun for example_bash_operator to 2024-06-10 00:00:00+00:00, run_after=2024-06-11 00:00:00+00:00
[2024-06-11T09:47:41.427+0000] {processor.py:183} INFO - Processing /home/airflow/.local/lib/python3.12/site-packages/airflow/example_dags/example_bash_operator.py took 0.144 seconds
[2024-06-11T09:48:11.607+0000] {processor.py:161} INFO - Started process (PID=888) to work on /home/airflow/.local/lib/python3.12/site-packages/airflow/example_dags/example_bash_operator.py
[2024-06-11T09:48:11.608+0000] {processor.py:830} INFO - Processing file /home/airflow/.local/lib/python3.12/site-packages/airflow/example_dags/example_bash_operator.py for tasks to queue
[2024-06-11T09:48:11.609+0000] {logging_mixin.py:188} INFO - [2024-06-11T09:48:11.609+0000] {dagbag.py:545} INFO - Filling up the DagBag from /home/airflow/.local/lib/python3.12/site-packages/airflow/example_dags/example_bash_operator.py
[2024-06-11T09:48:11.617+0000] {processor.py:840} INFO - DAG(s) 'example_bash_operator' retrieved from /home/airflow/.local/lib/python3.12/site-packages/airflow/example_dags/example_bash_operator.py
[2024-06-11T09:48:11.641+0000] {logging_mixin.py:188} INFO - [2024-06-11T09:48:11.641+0000] {dag.py:3096} INFO - Sync 1 DAGs
[2024-06-11T09:48:11.659+0000] {logging_mixin.py:188} INFO - [2024-06-11T09:48:11.659+0000] {dag.py:3954} INFO - Setting next_dagrun for example_bash_operator to 2024-06-10 00:00:00+00:00, run_after=2024-06-11 00:00:00+00:00
[2024-06-11T09:48:11.674+0000] {processor.py:183} INFO - Processing /home/airflow/.local/lib/python3.12/site-packages/airflow/example_dags/example_bash_operator.py took 0.071 seconds
[2024-06-11T09:48:41.742+0000] {processor.py:161} INFO - Started process (PID=1150) to work on /home/airflow/.local/lib/python3.12/site-packages/airflow/example_dags/example_bash_operator.py
[2024-06-11T09:48:41.743+0000] {processor.py:830} INFO - Processing file /home/airflow/.local/lib/python3.12/site-packages/airflow/example_dags/example_bash_operator.py for tasks to queue
[2024-06-11T09:48:41.744+0000] {logging_mixin.py:188} INFO - [2024-06-11T09:48:41.744+0000] {dagbag.py:545} INFO - Filling up the DagBag from /home/airflow/.local/lib/python3.12/site-packages/airflow/example_dags/example_bash_operator.py
[2024-06-11T09:48:41.752+0000] {processor.py:840} INFO - DAG(s) 'example_bash_operator' retrieved from /home/airflow/.local/lib/python3.12/site-packages/airflow/example_dags/example_bash_operator.py
[2024-06-11T09:48:41.775+0000] {logging_mixin.py:188} INFO - [2024-06-11T09:48:41.774+0000] {dag.py:3096} INFO - Sync 1 DAGs
[2024-06-11T09:48:41.792+0000] {logging_mixin.py:188} INFO - [2024-06-11T09:48:41.792+0000] {dag.py:3954} INFO - Setting next_dagrun for example_bash_operator to 2024-06-10 00:00:00+00:00, run_after=2024-06-11 00:00:00+00:00
[2024-06-11T09:48:41.805+0000] {processor.py:183} INFO - Processing /home/airflow/.local/lib/python3.12/site-packages/airflow/example_dags/example_bash_operator.py took 0.066 seconds
[2024-06-11T09:49:12.588+0000] {processor.py:161} INFO - Started process (PID=1412) to work on /home/airflow/.local/lib/python3.12/site-packages/airflow/example_dags/example_bash_operator.py
[2024-06-11T09:49:12.590+0000] {processor.py:830} INFO - Processing file /home/airflow/.local/lib/python3.12/site-packages/airflow/example_dags/example_bash_operator.py for tasks to queue
[2024-06-11T09:49:12.592+0000] {logging_mixin.py:188} INFO - [2024-06-11T09:49:12.591+0000] {dagbag.py:545} INFO - Filling up the DagBag from /home/airflow/.local/lib/python3.12/site-packages/airflow/example_dags/example_bash_operator.py
[2024-06-11T09:49:12.604+0000] {processor.py:840} INFO - DAG(s) 'example_bash_operator' retrieved from /home/airflow/.local/lib/python3.12/site-packages/airflow/example_dags/example_bash_operator.py
[2024-06-11T09:49:12.633+0000] {logging_mixin.py:188} INFO - [2024-06-11T09:49:12.633+0000] {dag.py:3096} INFO - Sync 1 DAGs
[2024-06-11T09:49:12.653+0000] {logging_mixin.py:188} INFO - [2024-06-11T09:49:12.653+0000] {dag.py:3954} INFO - Setting next_dagrun for example_bash_operator to 2024-06-10 00:00:00+00:00, run_after=2024-06-11 00:00:00+00:00
[2024-06-11T09:49:12.672+0000] {processor.py:183} INFO - Processing /home/airflow/.local/lib/python3.12/site-packages/airflow/example_dags/example_bash_operator.py took 0.088 seconds
[2024-06-11T09:49:42.864+0000] {processor.py:161} INFO - Started process (PID=1672) to work on /home/airflow/.local/lib/python3.12/site-packages/airflow/example_dags/example_bash_operator.py
[2024-06-11T09:49:42.865+0000] {processor.py:830} INFO - Processing file /home/airflow/.local/lib/python3.12/site-packages/airflow/example_dags/example_bash_operator.py for tasks to queue
[2024-06-11T09:49:42.867+0000] {logging_mixin.py:188} INFO - [2024-06-11T09:49:42.866+0000] {dagbag.py:545} INFO - Filling up the DagBag from /home/airflow/.local/lib/python3.12/site-packages/airflow/example_dags/example_bash_operator.py
[2024-06-11T09:49:42.876+0000] {processor.py:840} INFO - DAG(s) 'example_bash_operator' retrieved from /home/airflow/.local/lib/python3.12/site-packages/airflow/example_dags/example_bash_operator.py
[2024-06-11T09:49:42.900+0000] {logging_mixin.py:188} INFO - [2024-06-11T09:49:42.900+0000] {dag.py:3096} INFO - Sync 1 DAGs
[2024-06-11T09:49:42.920+0000] {logging_mixin.py:188} INFO - [2024-06-11T09:49:42.920+0000] {dag.py:3954} INFO - Setting next_dagrun for example_bash_operator to 2024-06-10 00:00:00+00:00, run_after=2024-06-11 00:00:00+00:00
[2024-06-11T09:49:42.936+0000] {processor.py:183} INFO - Processing /home/airflow/.local/lib/python3.12/site-packages/airflow/example_dags/example_bash_operator.py took 0.076 seconds
[2024-06-11T09:50:13.880+0000] {processor.py:161} INFO - Started process (PID=1934) to work on /home/airflow/.local/lib/python3.12/site-packages/airflow/example_dags/example_bash_operator.py
[2024-06-11T09:50:13.881+0000] {processor.py:830} INFO - Processing file /home/airflow/.local/lib/python3.12/site-packages/airflow/example_dags/example_bash_operator.py for tasks to queue
[2024-06-11T09:50:13.882+0000] {logging_mixin.py:188} INFO - [2024-06-11T09:50:13.882+0000] {dagbag.py:545} INFO - Filling up the DagBag from /home/airflow/.local/lib/python3.12/site-packages/airflow/example_dags/example_bash_operator.py
[2024-06-11T09:50:13.892+0000] {processor.py:840} INFO - DAG(s) 'example_bash_operator' retrieved from /home/airflow/.local/lib/python3.12/site-packages/airflow/example_dags/example_bash_operator.py
[2024-06-11T09:50:13.922+0000] {logging_mixin.py:188} INFO - [2024-06-11T09:50:13.922+0000] {dag.py:3096} INFO - Sync 1 DAGs
[2024-06-11T09:50:13.940+0000] {logging_mixin.py:188} INFO - [2024-06-11T09:50:13.940+0000] {dag.py:3954} INFO - Setting next_dagrun for example_bash_operator to 2024-06-10 00:00:00+00:00, run_after=2024-06-11 00:00:00+00:00
[2024-06-11T09:50:13.956+0000] {processor.py:183} INFO - Processing /home/airflow/.local/lib/python3.12/site-packages/airflow/example_dags/example_bash_operator.py took 0.080 seconds
