[2024-06-11T09:47:08.589+0000] {processor.py:161} INFO - Started process (PID=297) to work on /home/airflow/.local/lib/python3.12/site-packages/airflow/example_dags/example_python_operator.py
[2024-06-11T09:47:08.589+0000] {processor.py:830} INFO - Processing file /home/airflow/.local/lib/python3.12/site-packages/airflow/example_dags/example_python_operator.py for tasks to queue
[2024-06-11T09:47:08.591+0000] {logging_mixin.py:188} INFO - [2024-06-11T09:47:08.591+0000] {dagbag.py:545} INFO - Filling up the DagBag from /home/airflow/.local/lib/python3.12/site-packages/airflow/example_dags/example_python_operator.py
[2024-06-11T09:47:08.602+0000] {processor.py:840} INFO - DAG(s) 'example_python_operator' retrieved from /home/airflow/.local/lib/python3.12/site-packages/airflow/example_dags/example_python_operator.py
[2024-06-11T09:47:08.612+0000] {logging_mixin.py:188} INFO - [2024-06-11T09:47:08.611+0000] {dag.py:3096} INFO - Sync 1 DAGs
[2024-06-11T09:47:08.622+0000] {logging_mixin.py:188} INFO - [2024-06-11T09:47:08.622+0000] {dag.py:3954} INFO - Setting next_dagrun for example_python_operator to None, run_after=None
[2024-06-11T09:47:08.641+0000] {processor.py:183} INFO - Processing /home/airflow/.local/lib/python3.12/site-packages/airflow/example_dags/example_python_operator.py took 0.057 seconds
[2024-06-11T09:47:40.202+0000] {processor.py:161} INFO - Started process (PID=559) to work on /home/airflow/.local/lib/python3.12/site-packages/airflow/example_dags/example_python_operator.py
[2024-06-11T09:47:40.203+0000] {processor.py:830} INFO - Processing file /home/airflow/.local/lib/python3.12/site-packages/airflow/example_dags/example_python_operator.py for tasks to queue
[2024-06-11T09:47:40.205+0000] {logging_mixin.py:188} INFO - [2024-06-11T09:47:40.204+0000] {dagbag.py:545} INFO - Filling up the DagBag from /home/airflow/.local/lib/python3.12/site-packages/airflow/example_dags/example_python_operator.py
[2024-06-11T09:47:40.212+0000] {processor.py:840} INFO - DAG(s) 'example_python_operator' retrieved from /home/airflow/.local/lib/python3.12/site-packages/airflow/example_dags/example_python_operator.py
[2024-06-11T09:47:40.298+0000] {logging_mixin.py:188} INFO - [2024-06-11T09:47:40.297+0000] {dag.py:3096} INFO - Sync 1 DAGs
[2024-06-11T09:47:40.306+0000] {logging_mixin.py:188} INFO - [2024-06-11T09:47:40.306+0000] {dag.py:3954} INFO - Setting next_dagrun for example_python_operator to None, run_after=None
[2024-06-11T09:47:40.324+0000] {processor.py:183} INFO - Processing /home/airflow/.local/lib/python3.12/site-packages/airflow/example_dags/example_python_operator.py took 0.125 seconds
[2024-06-11T09:48:10.897+0000] {processor.py:161} INFO - Started process (PID=821) to work on /home/airflow/.local/lib/python3.12/site-packages/airflow/example_dags/example_python_operator.py
[2024-06-11T09:48:10.898+0000] {processor.py:830} INFO - Processing file /home/airflow/.local/lib/python3.12/site-packages/airflow/example_dags/example_python_operator.py for tasks to queue
[2024-06-11T09:48:10.900+0000] {logging_mixin.py:188} INFO - [2024-06-11T09:48:10.900+0000] {dagbag.py:545} INFO - Filling up the DagBag from /home/airflow/.local/lib/python3.12/site-packages/airflow/example_dags/example_python_operator.py
[2024-06-11T09:48:10.909+0000] {processor.py:840} INFO - DAG(s) 'example_python_operator' retrieved from /home/airflow/.local/lib/python3.12/site-packages/airflow/example_dags/example_python_operator.py
[2024-06-11T09:48:10.928+0000] {logging_mixin.py:188} INFO - [2024-06-11T09:48:10.927+0000] {dag.py:3096} INFO - Sync 1 DAGs
[2024-06-11T09:48:10.939+0000] {logging_mixin.py:188} INFO - [2024-06-11T09:48:10.939+0000] {dag.py:3954} INFO - Setting next_dagrun for example_python_operator to None, run_after=None
[2024-06-11T09:48:10.956+0000] {processor.py:183} INFO - Processing /home/airflow/.local/lib/python3.12/site-packages/airflow/example_dags/example_python_operator.py took 0.064 seconds
[2024-06-11T09:48:41.056+0000] {processor.py:161} INFO - Started process (PID=1083) to work on /home/airflow/.local/lib/python3.12/site-packages/airflow/example_dags/example_python_operator.py
[2024-06-11T09:48:41.057+0000] {processor.py:830} INFO - Processing file /home/airflow/.local/lib/python3.12/site-packages/airflow/example_dags/example_python_operator.py for tasks to queue
[2024-06-11T09:48:41.058+0000] {logging_mixin.py:188} INFO - [2024-06-11T09:48:41.058+0000] {dagbag.py:545} INFO - Filling up the DagBag from /home/airflow/.local/lib/python3.12/site-packages/airflow/example_dags/example_python_operator.py
[2024-06-11T09:48:41.066+0000] {processor.py:840} INFO - DAG(s) 'example_python_operator' retrieved from /home/airflow/.local/lib/python3.12/site-packages/airflow/example_dags/example_python_operator.py
[2024-06-11T09:48:41.082+0000] {logging_mixin.py:188} INFO - [2024-06-11T09:48:41.082+0000] {dag.py:3096} INFO - Sync 1 DAGs
[2024-06-11T09:48:41.091+0000] {logging_mixin.py:188} INFO - [2024-06-11T09:48:41.091+0000] {dag.py:3954} INFO - Setting next_dagrun for example_python_operator to None, run_after=None
[2024-06-11T09:48:41.105+0000] {processor.py:183} INFO - Processing /home/airflow/.local/lib/python3.12/site-packages/airflow/example_dags/example_python_operator.py took 0.053 seconds
[2024-06-11T09:49:11.815+0000] {processor.py:161} INFO - Started process (PID=1347) to work on /home/airflow/.local/lib/python3.12/site-packages/airflow/example_dags/example_python_operator.py
[2024-06-11T09:49:11.816+0000] {processor.py:830} INFO - Processing file /home/airflow/.local/lib/python3.12/site-packages/airflow/example_dags/example_python_operator.py for tasks to queue
[2024-06-11T09:49:11.817+0000] {logging_mixin.py:188} INFO - [2024-06-11T09:49:11.817+0000] {dagbag.py:545} INFO - Filling up the DagBag from /home/airflow/.local/lib/python3.12/site-packages/airflow/example_dags/example_python_operator.py
[2024-06-11T09:49:11.825+0000] {processor.py:840} INFO - DAG(s) 'example_python_operator' retrieved from /home/airflow/.local/lib/python3.12/site-packages/airflow/example_dags/example_python_operator.py
[2024-06-11T09:49:11.843+0000] {logging_mixin.py:188} INFO - [2024-06-11T09:49:11.843+0000] {dag.py:3096} INFO - Sync 1 DAGs
[2024-06-11T09:49:11.855+0000] {logging_mixin.py:188} INFO - [2024-06-11T09:49:11.854+0000] {dag.py:3954} INFO - Setting next_dagrun for example_python_operator to None, run_after=None
[2024-06-11T09:49:11.871+0000] {processor.py:183} INFO - Processing /home/airflow/.local/lib/python3.12/site-packages/airflow/example_dags/example_python_operator.py took 0.061 seconds
[2024-06-11T09:49:41.987+0000] {processor.py:161} INFO - Started process (PID=1607) to work on /home/airflow/.local/lib/python3.12/site-packages/airflow/example_dags/example_python_operator.py
[2024-06-11T09:49:41.988+0000] {processor.py:830} INFO - Processing file /home/airflow/.local/lib/python3.12/site-packages/airflow/example_dags/example_python_operator.py for tasks to queue
[2024-06-11T09:49:41.989+0000] {logging_mixin.py:188} INFO - [2024-06-11T09:49:41.989+0000] {dagbag.py:545} INFO - Filling up the DagBag from /home/airflow/.local/lib/python3.12/site-packages/airflow/example_dags/example_python_operator.py
[2024-06-11T09:49:41.997+0000] {processor.py:840} INFO - DAG(s) 'example_python_operator' retrieved from /home/airflow/.local/lib/python3.12/site-packages/airflow/example_dags/example_python_operator.py
[2024-06-11T09:49:42.017+0000] {logging_mixin.py:188} INFO - [2024-06-11T09:49:42.017+0000] {dag.py:3096} INFO - Sync 1 DAGs
[2024-06-11T09:49:42.027+0000] {logging_mixin.py:188} INFO - [2024-06-11T09:49:42.027+0000] {dag.py:3954} INFO - Setting next_dagrun for example_python_operator to None, run_after=None
[2024-06-11T09:49:42.043+0000] {processor.py:183} INFO - Processing /home/airflow/.local/lib/python3.12/site-packages/airflow/example_dags/example_python_operator.py took 0.062 seconds
[2024-06-11T09:50:12.217+0000] {processor.py:161} INFO - Started process (PID=1869) to work on /home/airflow/.local/lib/python3.12/site-packages/airflow/example_dags/example_python_operator.py
[2024-06-11T09:50:12.218+0000] {processor.py:830} INFO - Processing file /home/airflow/.local/lib/python3.12/site-packages/airflow/example_dags/example_python_operator.py for tasks to queue
[2024-06-11T09:50:12.219+0000] {logging_mixin.py:188} INFO - [2024-06-11T09:50:12.219+0000] {dagbag.py:545} INFO - Filling up the DagBag from /home/airflow/.local/lib/python3.12/site-packages/airflow/example_dags/example_python_operator.py
[2024-06-11T09:50:12.226+0000] {processor.py:840} INFO - DAG(s) 'example_python_operator' retrieved from /home/airflow/.local/lib/python3.12/site-packages/airflow/example_dags/example_python_operator.py
[2024-06-11T09:50:12.243+0000] {logging_mixin.py:188} INFO - [2024-06-11T09:50:12.243+0000] {dag.py:3096} INFO - Sync 1 DAGs
[2024-06-11T09:50:12.253+0000] {logging_mixin.py:188} INFO - [2024-06-11T09:50:12.253+0000] {dag.py:3954} INFO - Setting next_dagrun for example_python_operator to None, run_after=None
[2024-06-11T09:50:12.267+0000] {processor.py:183} INFO - Processing /home/airflow/.local/lib/python3.12/site-packages/airflow/example_dags/example_python_operator.py took 0.054 seconds
