[2024-06-11T09:47:08.192+0000] {processor.py:161} INFO - Started process (PID=252) to work on /home/airflow/.local/lib/python3.12/site-packages/airflow/example_dags/example_branch_python_dop_operator_3.py
[2024-06-11T09:47:08.192+0000] {processor.py:830} INFO - Processing file /home/airflow/.local/lib/python3.12/site-packages/airflow/example_dags/example_branch_python_dop_operator_3.py for tasks to queue
[2024-06-11T09:47:08.194+0000] {logging_mixin.py:188} INFO - [2024-06-11T09:47:08.194+0000] {dagbag.py:545} INFO - Filling up the DagBag from /home/airflow/.local/lib/python3.12/site-packages/airflow/example_dags/example_branch_python_dop_operator_3.py
[2024-06-11T09:47:08.204+0000] {processor.py:840} INFO - DAG(s) 'example_branch_dop_operator_v3' retrieved from /home/airflow/.local/lib/python3.12/site-packages/airflow/example_dags/example_branch_python_dop_operator_3.py
[2024-06-11T09:47:08.218+0000] {logging_mixin.py:188} INFO - [2024-06-11T09:47:08.218+0000] {dag.py:3096} INFO - Sync 1 DAGs
[2024-06-11T09:47:08.245+0000] {logging_mixin.py:188} INFO - [2024-06-11T09:47:08.245+0000] {dag.py:3954} INFO - Setting next_dagrun for example_branch_dop_operator_v3 to 2024-06-11 09:46:00+00:00, run_after=2024-06-11 09:47:00+00:00
[2024-06-11T09:47:08.263+0000] {processor.py:183} INFO - Processing /home/airflow/.local/lib/python3.12/site-packages/airflow/example_dags/example_branch_python_dop_operator_3.py took 0.076 seconds
[2024-06-11T09:47:39.523+0000] {processor.py:161} INFO - Started process (PID=514) to work on /home/airflow/.local/lib/python3.12/site-packages/airflow/example_dags/example_branch_python_dop_operator_3.py
[2024-06-11T09:47:39.524+0000] {processor.py:830} INFO - Processing file /home/airflow/.local/lib/python3.12/site-packages/airflow/example_dags/example_branch_python_dop_operator_3.py for tasks to queue
[2024-06-11T09:47:39.526+0000] {logging_mixin.py:188} INFO - [2024-06-11T09:47:39.525+0000] {dagbag.py:545} INFO - Filling up the DagBag from /home/airflow/.local/lib/python3.12/site-packages/airflow/example_dags/example_branch_python_dop_operator_3.py
[2024-06-11T09:47:39.534+0000] {processor.py:840} INFO - DAG(s) 'example_branch_dop_operator_v3' retrieved from /home/airflow/.local/lib/python3.12/site-packages/airflow/example_dags/example_branch_python_dop_operator_3.py
[2024-06-11T09:47:39.629+0000] {logging_mixin.py:188} INFO - [2024-06-11T09:47:39.629+0000] {dag.py:3096} INFO - Sync 1 DAGs
[2024-06-11T09:47:39.649+0000] {logging_mixin.py:188} INFO - [2024-06-11T09:47:39.649+0000] {dag.py:3954} INFO - Setting next_dagrun for example_branch_dop_operator_v3 to 2024-06-11 09:46:00+00:00, run_after=2024-06-11 09:47:00+00:00
[2024-06-11T09:47:39.668+0000] {processor.py:183} INFO - Processing /home/airflow/.local/lib/python3.12/site-packages/airflow/example_dags/example_branch_python_dop_operator_3.py took 0.150 seconds
[2024-06-11T09:48:10.411+0000] {processor.py:161} INFO - Started process (PID=778) to work on /home/airflow/.local/lib/python3.12/site-packages/airflow/example_dags/example_branch_python_dop_operator_3.py
[2024-06-11T09:48:10.412+0000] {processor.py:830} INFO - Processing file /home/airflow/.local/lib/python3.12/site-packages/airflow/example_dags/example_branch_python_dop_operator_3.py for tasks to queue
[2024-06-11T09:48:10.414+0000] {logging_mixin.py:188} INFO - [2024-06-11T09:48:10.414+0000] {dagbag.py:545} INFO - Filling up the DagBag from /home/airflow/.local/lib/python3.12/site-packages/airflow/example_dags/example_branch_python_dop_operator_3.py
[2024-06-11T09:48:10.422+0000] {processor.py:840} INFO - DAG(s) 'example_branch_dop_operator_v3' retrieved from /home/airflow/.local/lib/python3.12/site-packages/airflow/example_dags/example_branch_python_dop_operator_3.py
[2024-06-11T09:48:10.441+0000] {logging_mixin.py:188} INFO - [2024-06-11T09:48:10.440+0000] {dag.py:3096} INFO - Sync 1 DAGs
[2024-06-11T09:48:10.463+0000] {logging_mixin.py:188} INFO - [2024-06-11T09:48:10.463+0000] {dag.py:3954} INFO - Setting next_dagrun for example_branch_dop_operator_v3 to 2024-06-11 09:47:00+00:00, run_after=2024-06-11 09:48:00+00:00
[2024-06-11T09:48:10.481+0000] {processor.py:183} INFO - Processing /home/airflow/.local/lib/python3.12/site-packages/airflow/example_dags/example_branch_python_dop_operator_3.py took 0.074 seconds
[2024-06-11T09:48:40.551+0000] {processor.py:161} INFO - Started process (PID=1038) to work on /home/airflow/.local/lib/python3.12/site-packages/airflow/example_dags/example_branch_python_dop_operator_3.py
[2024-06-11T09:48:40.552+0000] {processor.py:830} INFO - Processing file /home/airflow/.local/lib/python3.12/site-packages/airflow/example_dags/example_branch_python_dop_operator_3.py for tasks to queue
[2024-06-11T09:48:40.554+0000] {logging_mixin.py:188} INFO - [2024-06-11T09:48:40.553+0000] {dagbag.py:545} INFO - Filling up the DagBag from /home/airflow/.local/lib/python3.12/site-packages/airflow/example_dags/example_branch_python_dop_operator_3.py
[2024-06-11T09:48:40.560+0000] {processor.py:840} INFO - DAG(s) 'example_branch_dop_operator_v3' retrieved from /home/airflow/.local/lib/python3.12/site-packages/airflow/example_dags/example_branch_python_dop_operator_3.py
[2024-06-11T09:48:40.575+0000] {logging_mixin.py:188} INFO - [2024-06-11T09:48:40.575+0000] {dag.py:3096} INFO - Sync 1 DAGs
[2024-06-11T09:48:40.594+0000] {logging_mixin.py:188} INFO - [2024-06-11T09:48:40.594+0000] {dag.py:3954} INFO - Setting next_dagrun for example_branch_dop_operator_v3 to 2024-06-11 09:47:00+00:00, run_after=2024-06-11 09:48:00+00:00
[2024-06-11T09:48:40.608+0000] {processor.py:183} INFO - Processing /home/airflow/.local/lib/python3.12/site-packages/airflow/example_dags/example_branch_python_dop_operator_3.py took 0.061 seconds
[2024-06-11T09:49:11.316+0000] {processor.py:161} INFO - Started process (PID=1300) to work on /home/airflow/.local/lib/python3.12/site-packages/airflow/example_dags/example_branch_python_dop_operator_3.py
[2024-06-11T09:49:11.317+0000] {processor.py:830} INFO - Processing file /home/airflow/.local/lib/python3.12/site-packages/airflow/example_dags/example_branch_python_dop_operator_3.py for tasks to queue
[2024-06-11T09:49:11.319+0000] {logging_mixin.py:188} INFO - [2024-06-11T09:49:11.318+0000] {dagbag.py:545} INFO - Filling up the DagBag from /home/airflow/.local/lib/python3.12/site-packages/airflow/example_dags/example_branch_python_dop_operator_3.py
[2024-06-11T09:49:11.326+0000] {processor.py:840} INFO - DAG(s) 'example_branch_dop_operator_v3' retrieved from /home/airflow/.local/lib/python3.12/site-packages/airflow/example_dags/example_branch_python_dop_operator_3.py
[2024-06-11T09:49:11.345+0000] {logging_mixin.py:188} INFO - [2024-06-11T09:49:11.345+0000] {dag.py:3096} INFO - Sync 1 DAGs
[2024-06-11T09:49:11.369+0000] {logging_mixin.py:188} INFO - [2024-06-11T09:49:11.369+0000] {dag.py:3954} INFO - Setting next_dagrun for example_branch_dop_operator_v3 to 2024-06-11 09:48:00+00:00, run_after=2024-06-11 09:49:00+00:00
[2024-06-11T09:49:11.386+0000] {processor.py:183} INFO - Processing /home/airflow/.local/lib/python3.12/site-packages/airflow/example_dags/example_branch_python_dop_operator_3.py took 0.075 seconds
[2024-06-11T09:49:41.610+0000] {processor.py:161} INFO - Started process (PID=1562) to work on /home/airflow/.local/lib/python3.12/site-packages/airflow/example_dags/example_branch_python_dop_operator_3.py
[2024-06-11T09:49:41.611+0000] {processor.py:830} INFO - Processing file /home/airflow/.local/lib/python3.12/site-packages/airflow/example_dags/example_branch_python_dop_operator_3.py for tasks to queue
[2024-06-11T09:49:41.613+0000] {logging_mixin.py:188} INFO - [2024-06-11T09:49:41.613+0000] {dagbag.py:545} INFO - Filling up the DagBag from /home/airflow/.local/lib/python3.12/site-packages/airflow/example_dags/example_branch_python_dop_operator_3.py
[2024-06-11T09:49:41.620+0000] {processor.py:840} INFO - DAG(s) 'example_branch_dop_operator_v3' retrieved from /home/airflow/.local/lib/python3.12/site-packages/airflow/example_dags/example_branch_python_dop_operator_3.py
[2024-06-11T09:49:41.638+0000] {logging_mixin.py:188} INFO - [2024-06-11T09:49:41.637+0000] {dag.py:3096} INFO - Sync 1 DAGs
[2024-06-11T09:49:41.659+0000] {logging_mixin.py:188} INFO - [2024-06-11T09:49:41.659+0000] {dag.py:3954} INFO - Setting next_dagrun for example_branch_dop_operator_v3 to 2024-06-11 09:48:00+00:00, run_after=2024-06-11 09:49:00+00:00
[2024-06-11T09:49:41.675+0000] {processor.py:183} INFO - Processing /home/airflow/.local/lib/python3.12/site-packages/airflow/example_dags/example_branch_python_dop_operator_3.py took 0.070 seconds
[2024-06-11T09:50:11.792+0000] {processor.py:161} INFO - Started process (PID=1824) to work on /home/airflow/.local/lib/python3.12/site-packages/airflow/example_dags/example_branch_python_dop_operator_3.py
[2024-06-11T09:50:11.793+0000] {processor.py:830} INFO - Processing file /home/airflow/.local/lib/python3.12/site-packages/airflow/example_dags/example_branch_python_dop_operator_3.py for tasks to queue
[2024-06-11T09:50:11.794+0000] {logging_mixin.py:188} INFO - [2024-06-11T09:50:11.794+0000] {dagbag.py:545} INFO - Filling up the DagBag from /home/airflow/.local/lib/python3.12/site-packages/airflow/example_dags/example_branch_python_dop_operator_3.py
[2024-06-11T09:50:11.802+0000] {processor.py:840} INFO - DAG(s) 'example_branch_dop_operator_v3' retrieved from /home/airflow/.local/lib/python3.12/site-packages/airflow/example_dags/example_branch_python_dop_operator_3.py
[2024-06-11T09:50:11.817+0000] {logging_mixin.py:188} INFO - [2024-06-11T09:50:11.817+0000] {dag.py:3096} INFO - Sync 1 DAGs
[2024-06-11T09:50:11.838+0000] {logging_mixin.py:188} INFO - [2024-06-11T09:50:11.837+0000] {dag.py:3954} INFO - Setting next_dagrun for example_branch_dop_operator_v3 to 2024-06-11 09:49:00+00:00, run_after=2024-06-11 09:50:00+00:00
[2024-06-11T09:50:11.852+0000] {processor.py:183} INFO - Processing /home/airflow/.local/lib/python3.12/site-packages/airflow/example_dags/example_branch_python_dop_operator_3.py took 0.064 seconds
