[2024-06-11T09:47:07.912+0000] {processor.py:161} INFO - Started process (PID=224) to work on /home/airflow/.local/lib/python3.12/site-packages/airflow/example_dags/example_external_task_marker_dag.py
[2024-06-11T09:47:07.912+0000] {processor.py:830} INFO - Processing file /home/airflow/.local/lib/python3.12/site-packages/airflow/example_dags/example_external_task_marker_dag.py for tasks to queue
[2024-06-11T09:47:07.914+0000] {logging_mixin.py:188} INFO - [2024-06-11T09:47:07.914+0000] {dagbag.py:545} INFO - Filling up the DagBag from /home/airflow/.local/lib/python3.12/site-packages/airflow/example_dags/example_external_task_marker_dag.py
[2024-06-11T09:47:07.921+0000] {processor.py:840} INFO - DAG(s) 'example_external_task_marker_parent', 'example_external_task_marker_child' retrieved from /home/airflow/.local/lib/python3.12/site-packages/airflow/example_dags/example_external_task_marker_dag.py
[2024-06-11T09:47:07.931+0000] {logging_mixin.py:188} INFO - [2024-06-11T09:47:07.931+0000] {dag.py:3096} INFO - Sync 2 DAGs
[2024-06-11T09:47:07.943+0000] {logging_mixin.py:188} INFO - [2024-06-11T09:47:07.942+0000] {dag.py:3954} INFO - Setting next_dagrun for example_external_task_marker_child to None, run_after=None
[2024-06-11T09:47:07.946+0000] {logging_mixin.py:188} INFO - [2024-06-11T09:47:07.946+0000] {dag.py:3954} INFO - Setting next_dagrun for example_external_task_marker_parent to None, run_after=None
[2024-06-11T09:47:07.963+0000] {processor.py:183} INFO - Processing /home/airflow/.local/lib/python3.12/site-packages/airflow/example_dags/example_external_task_marker_dag.py took 0.056 seconds
[2024-06-11T09:47:38.977+0000] {processor.py:161} INFO - Started process (PID=484) to work on /home/airflow/.local/lib/python3.12/site-packages/airflow/example_dags/example_external_task_marker_dag.py
[2024-06-11T09:47:38.978+0000] {processor.py:830} INFO - Processing file /home/airflow/.local/lib/python3.12/site-packages/airflow/example_dags/example_external_task_marker_dag.py for tasks to queue
[2024-06-11T09:47:38.981+0000] {logging_mixin.py:188} INFO - [2024-06-11T09:47:38.980+0000] {dagbag.py:545} INFO - Filling up the DagBag from /home/airflow/.local/lib/python3.12/site-packages/airflow/example_dags/example_external_task_marker_dag.py
[2024-06-11T09:47:38.987+0000] {processor.py:840} INFO - DAG(s) 'example_external_task_marker_child', 'example_external_task_marker_parent' retrieved from /home/airflow/.local/lib/python3.12/site-packages/airflow/example_dags/example_external_task_marker_dag.py
[2024-06-11T09:47:39.098+0000] {logging_mixin.py:188} INFO - [2024-06-11T09:47:39.098+0000] {dag.py:3096} INFO - Sync 2 DAGs
[2024-06-11T09:47:39.109+0000] {logging_mixin.py:188} INFO - [2024-06-11T09:47:39.109+0000] {dag.py:3954} INFO - Setting next_dagrun for example_external_task_marker_child to None, run_after=None
[2024-06-11T09:47:39.112+0000] {logging_mixin.py:188} INFO - [2024-06-11T09:47:39.112+0000] {dag.py:3954} INFO - Setting next_dagrun for example_external_task_marker_parent to None, run_after=None
[2024-06-11T09:47:39.170+0000] {processor.py:183} INFO - Processing /home/airflow/.local/lib/python3.12/site-packages/airflow/example_dags/example_external_task_marker_dag.py took 0.201 seconds
[2024-06-11T09:48:10.117+0000] {processor.py:161} INFO - Started process (PID=748) to work on /home/airflow/.local/lib/python3.12/site-packages/airflow/example_dags/example_external_task_marker_dag.py
[2024-06-11T09:48:10.118+0000] {processor.py:830} INFO - Processing file /home/airflow/.local/lib/python3.12/site-packages/airflow/example_dags/example_external_task_marker_dag.py for tasks to queue
[2024-06-11T09:48:10.119+0000] {logging_mixin.py:188} INFO - [2024-06-11T09:48:10.119+0000] {dagbag.py:545} INFO - Filling up the DagBag from /home/airflow/.local/lib/python3.12/site-packages/airflow/example_dags/example_external_task_marker_dag.py
[2024-06-11T09:48:10.124+0000] {processor.py:840} INFO - DAG(s) 'example_external_task_marker_child', 'example_external_task_marker_parent' retrieved from /home/airflow/.local/lib/python3.12/site-packages/airflow/example_dags/example_external_task_marker_dag.py
[2024-06-11T09:48:10.142+0000] {logging_mixin.py:188} INFO - [2024-06-11T09:48:10.142+0000] {dag.py:3096} INFO - Sync 2 DAGs
[2024-06-11T09:48:10.154+0000] {logging_mixin.py:188} INFO - [2024-06-11T09:48:10.154+0000] {dag.py:3954} INFO - Setting next_dagrun for example_external_task_marker_child to None, run_after=None
[2024-06-11T09:48:10.158+0000] {logging_mixin.py:188} INFO - [2024-06-11T09:48:10.158+0000] {dag.py:3954} INFO - Setting next_dagrun for example_external_task_marker_parent to None, run_after=None
[2024-06-11T09:48:10.181+0000] {processor.py:183} INFO - Processing /home/airflow/.local/lib/python3.12/site-packages/airflow/example_dags/example_external_task_marker_dag.py took 0.067 seconds
[2024-06-11T09:48:40.321+0000] {processor.py:161} INFO - Started process (PID=1010) to work on /home/airflow/.local/lib/python3.12/site-packages/airflow/example_dags/example_external_task_marker_dag.py
[2024-06-11T09:48:40.322+0000] {processor.py:830} INFO - Processing file /home/airflow/.local/lib/python3.12/site-packages/airflow/example_dags/example_external_task_marker_dag.py for tasks to queue
[2024-06-11T09:48:40.323+0000] {logging_mixin.py:188} INFO - [2024-06-11T09:48:40.323+0000] {dagbag.py:545} INFO - Filling up the DagBag from /home/airflow/.local/lib/python3.12/site-packages/airflow/example_dags/example_external_task_marker_dag.py
[2024-06-11T09:48:40.327+0000] {processor.py:840} INFO - DAG(s) 'example_external_task_marker_parent', 'example_external_task_marker_child' retrieved from /home/airflow/.local/lib/python3.12/site-packages/airflow/example_dags/example_external_task_marker_dag.py
[2024-06-11T09:48:40.346+0000] {logging_mixin.py:188} INFO - [2024-06-11T09:48:40.346+0000] {dag.py:3096} INFO - Sync 2 DAGs
[2024-06-11T09:48:40.357+0000] {logging_mixin.py:188} INFO - [2024-06-11T09:48:40.356+0000] {dag.py:3954} INFO - Setting next_dagrun for example_external_task_marker_child to None, run_after=None
[2024-06-11T09:48:40.360+0000] {logging_mixin.py:188} INFO - [2024-06-11T09:48:40.359+0000] {dag.py:3954} INFO - Setting next_dagrun for example_external_task_marker_parent to None, run_after=None
[2024-06-11T09:48:40.372+0000] {processor.py:183} INFO - Processing /home/airflow/.local/lib/python3.12/site-packages/airflow/example_dags/example_external_task_marker_dag.py took 0.055 seconds
[2024-06-11T09:49:11.043+0000] {processor.py:161} INFO - Started process (PID=1272) to work on /home/airflow/.local/lib/python3.12/site-packages/airflow/example_dags/example_external_task_marker_dag.py
[2024-06-11T09:49:11.044+0000] {processor.py:830} INFO - Processing file /home/airflow/.local/lib/python3.12/site-packages/airflow/example_dags/example_external_task_marker_dag.py for tasks to queue
[2024-06-11T09:49:11.045+0000] {logging_mixin.py:188} INFO - [2024-06-11T09:49:11.045+0000] {dagbag.py:545} INFO - Filling up the DagBag from /home/airflow/.local/lib/python3.12/site-packages/airflow/example_dags/example_external_task_marker_dag.py
[2024-06-11T09:49:11.050+0000] {processor.py:840} INFO - DAG(s) 'example_external_task_marker_parent', 'example_external_task_marker_child' retrieved from /home/airflow/.local/lib/python3.12/site-packages/airflow/example_dags/example_external_task_marker_dag.py
[2024-06-11T09:49:11.071+0000] {logging_mixin.py:188} INFO - [2024-06-11T09:49:11.070+0000] {dag.py:3096} INFO - Sync 2 DAGs
[2024-06-11T09:49:11.082+0000] {logging_mixin.py:188} INFO - [2024-06-11T09:49:11.081+0000] {dag.py:3954} INFO - Setting next_dagrun for example_external_task_marker_child to None, run_after=None
[2024-06-11T09:49:11.086+0000] {logging_mixin.py:188} INFO - [2024-06-11T09:49:11.086+0000] {dag.py:3954} INFO - Setting next_dagrun for example_external_task_marker_parent to None, run_after=None
[2024-06-11T09:49:11.109+0000] {processor.py:183} INFO - Processing /home/airflow/.local/lib/python3.12/site-packages/airflow/example_dags/example_external_task_marker_dag.py took 0.070 seconds
[2024-06-11T09:49:41.352+0000] {processor.py:161} INFO - Started process (PID=1534) to work on /home/airflow/.local/lib/python3.12/site-packages/airflow/example_dags/example_external_task_marker_dag.py
[2024-06-11T09:49:41.353+0000] {processor.py:830} INFO - Processing file /home/airflow/.local/lib/python3.12/site-packages/airflow/example_dags/example_external_task_marker_dag.py for tasks to queue
[2024-06-11T09:49:41.354+0000] {logging_mixin.py:188} INFO - [2024-06-11T09:49:41.354+0000] {dagbag.py:545} INFO - Filling up the DagBag from /home/airflow/.local/lib/python3.12/site-packages/airflow/example_dags/example_external_task_marker_dag.py
[2024-06-11T09:49:41.359+0000] {processor.py:840} INFO - DAG(s) 'example_external_task_marker_child', 'example_external_task_marker_parent' retrieved from /home/airflow/.local/lib/python3.12/site-packages/airflow/example_dags/example_external_task_marker_dag.py
[2024-06-11T09:49:41.380+0000] {logging_mixin.py:188} INFO - [2024-06-11T09:49:41.379+0000] {dag.py:3096} INFO - Sync 2 DAGs
[2024-06-11T09:49:41.391+0000] {logging_mixin.py:188} INFO - [2024-06-11T09:49:41.391+0000] {dag.py:3954} INFO - Setting next_dagrun for example_external_task_marker_child to None, run_after=None
[2024-06-11T09:49:41.394+0000] {logging_mixin.py:188} INFO - [2024-06-11T09:49:41.394+0000] {dag.py:3954} INFO - Setting next_dagrun for example_external_task_marker_parent to None, run_after=None
[2024-06-11T09:49:41.409+0000] {processor.py:183} INFO - Processing /home/airflow/.local/lib/python3.12/site-packages/airflow/example_dags/example_external_task_marker_dag.py took 0.062 seconds
[2024-06-11T09:50:11.560+0000] {processor.py:161} INFO - Started process (PID=1796) to work on /home/airflow/.local/lib/python3.12/site-packages/airflow/example_dags/example_external_task_marker_dag.py
[2024-06-11T09:50:11.560+0000] {processor.py:830} INFO - Processing file /home/airflow/.local/lib/python3.12/site-packages/airflow/example_dags/example_external_task_marker_dag.py for tasks to queue
[2024-06-11T09:50:11.562+0000] {logging_mixin.py:188} INFO - [2024-06-11T09:50:11.562+0000] {dagbag.py:545} INFO - Filling up the DagBag from /home/airflow/.local/lib/python3.12/site-packages/airflow/example_dags/example_external_task_marker_dag.py
[2024-06-11T09:50:11.566+0000] {processor.py:840} INFO - DAG(s) 'example_external_task_marker_child', 'example_external_task_marker_parent' retrieved from /home/airflow/.local/lib/python3.12/site-packages/airflow/example_dags/example_external_task_marker_dag.py
[2024-06-11T09:50:11.585+0000] {logging_mixin.py:188} INFO - [2024-06-11T09:50:11.584+0000] {dag.py:3096} INFO - Sync 2 DAGs
[2024-06-11T09:50:11.595+0000] {logging_mixin.py:188} INFO - [2024-06-11T09:50:11.595+0000] {dag.py:3954} INFO - Setting next_dagrun for example_external_task_marker_child to None, run_after=None
[2024-06-11T09:50:11.598+0000] {logging_mixin.py:188} INFO - [2024-06-11T09:50:11.598+0000] {dag.py:3954} INFO - Setting next_dagrun for example_external_task_marker_parent to None, run_after=None
[2024-06-11T09:50:11.612+0000] {processor.py:183} INFO - Processing /home/airflow/.local/lib/python3.12/site-packages/airflow/example_dags/example_external_task_marker_dag.py took 0.056 seconds
