[2024-06-12T03:09:03.863+0000] {local_task_job_runner.py:120} INFO - ::group::Pre task execution logs
[2024-06-12T03:09:03.887+0000] {taskinstance.py:2076} INFO - Dependencies all met for dep_context=non-requeueable deps ti=<TaskInstance: data_processing_dag.process_csv_file manual__2024-06-12T03:09:03.214793+00:00 [queued]>
[2024-06-12T03:09:03.893+0000] {taskinstance.py:2076} INFO - Dependencies all met for dep_context=requeueable deps ti=<TaskInstance: data_processing_dag.process_csv_file manual__2024-06-12T03:09:03.214793+00:00 [queued]>
[2024-06-12T03:09:03.894+0000] {taskinstance.py:2306} INFO - Starting attempt 1 of 1
[2024-06-12T03:09:03.904+0000] {taskinstance.py:2330} INFO - Executing <Task(PythonOperator): process_csv_file> on 2024-06-12 03:09:03.214793+00:00
[2024-06-12T03:09:03.910+0000] {standard_task_runner.py:90} INFO - Running: ['***', 'tasks', 'run', 'data_processing_dag', 'process_csv_file', 'manual__2024-06-12T03:09:03.214793+00:00', '--job-id', '27', '--raw', '--subdir', 'DAGS_FOLDER/2nd_dag.py', '--cfg-path', '/tmp/tmpyna9tgql']
[2024-06-12T03:09:03.911+0000] {standard_task_runner.py:91} INFO - Job 27: Subtask process_csv_file
[2024-06-12T03:09:03.912+0000] {logging_mixin.py:188} WARNING - /home/***/.local/lib/python3.12/site-packages/***/task/task_runner/standard_task_runner.py:61 DeprecationWarning: This process (pid=1057) is multi-threaded, use of fork() may lead to deadlocks in the child.
[2024-06-12T03:09:03.913+0000] {standard_task_runner.py:63} INFO - Started process 1059 to run task
[2024-06-12T03:09:03.943+0000] {task_command.py:426} INFO - Running <TaskInstance: data_processing_dag.process_csv_file manual__2024-06-12T03:09:03.214793+00:00 [running]> on host d179a7a43335
[2024-06-12T03:09:04.110+0000] {taskinstance.py:2648} INFO - Exporting env vars: AIRFLOW_CTX_DAG_OWNER='***' AIRFLOW_CTX_DAG_ID='data_processing_dag' AIRFLOW_CTX_TASK_ID='process_csv_file' AIRFLOW_CTX_EXECUTION_DATE='2024-06-12T03:09:03.214793+00:00' AIRFLOW_CTX_TRY_NUMBER='1' AIRFLOW_CTX_DAG_RUN_ID='manual__2024-06-12T03:09:03.214793+00:00'
[2024-06-12T03:09:04.111+0000] {taskinstance.py:430} INFO - ::endgroup::
[2024-06-12T03:09:04.515+0000] {logging_mixin.py:188} WARNING - /opt/***/dags/2nd_dag.py:33 DtypeWarning: Columns (6) have mixed types. Specify dtype option on import or set low_memory=False.
[2024-06-12T03:09:04.575+0000] {logging_mixin.py:188} WARNING - /opt/***/dags/2nd_dag.py:39 UserWarning: Could not infer format, so each element will be parsed individually, falling back to `dateutil`. To ensure parsing is consistent and as-expected, please specify a format.
[2024-06-12T03:09:13.923+0000] {python.py:237} INFO - Done. Returned value was: File processed and data saved to PostgreSQL database
[2024-06-12T03:09:13.924+0000] {taskinstance.py:441} INFO - ::group::Post task execution logs
[2024-06-12T03:09:13.938+0000] {taskinstance.py:1206} INFO - Marking task as SUCCESS. dag_id=data_processing_dag, task_id=process_csv_file, run_id=manual__2024-06-12T03:09:03.214793+00:00, execution_date=20240612T030903, start_date=20240612T030903, end_date=20240612T030913
[2024-06-12T03:09:13.984+0000] {local_task_job_runner.py:240} INFO - Task exited with return code 0
[2024-06-12T03:09:13.994+0000] {taskinstance.py:3503} INFO - 0 downstream tasks scheduled from follow-on schedule check
[2024-06-12T03:09:13.995+0000] {local_task_job_runner.py:222} INFO - ::endgroup::
