[2024-06-13T04:24:21.709+0000] {local_task_job_runner.py:120} INFO - ::group::Pre task execution logs
[2024-06-13T04:24:21.733+0000] {taskinstance.py:2076} INFO - Dependencies all met for dep_context=non-requeueable deps ti=<TaskInstance: data_processing_dag.process_csv_file manual__2024-06-13T04:24:20.680082+00:00 [queued]>
[2024-06-13T04:24:21.740+0000] {taskinstance.py:2076} INFO - Dependencies all met for dep_context=requeueable deps ti=<TaskInstance: data_processing_dag.process_csv_file manual__2024-06-13T04:24:20.680082+00:00 [queued]>
[2024-06-13T04:24:21.740+0000] {taskinstance.py:2306} INFO - Starting attempt 1 of 1
[2024-06-13T04:24:21.750+0000] {taskinstance.py:2330} INFO - Executing <Task(PythonOperator): process_csv_file> on 2024-06-13 04:24:20.680082+00:00
[2024-06-13T04:24:21.755+0000] {standard_task_runner.py:90} INFO - Running: ['***', 'tasks', 'run', 'data_processing_dag', 'process_csv_file', 'manual__2024-06-13T04:24:20.680082+00:00', '--job-id', '55', '--raw', '--subdir', 'DAGS_FOLDER/2nd_dag.py', '--cfg-path', '/tmp/tmpqilklyve']
[2024-06-13T04:24:21.756+0000] {standard_task_runner.py:91} INFO - Job 55: Subtask process_csv_file
[2024-06-13T04:24:21.758+0000] {logging_mixin.py:188} WARNING - /home/***/.local/lib/python3.12/site-packages/***/task/task_runner/standard_task_runner.py:61 DeprecationWarning: This process (pid=6393) is multi-threaded, use of fork() may lead to deadlocks in the child.
[2024-06-13T04:24:21.758+0000] {standard_task_runner.py:63} INFO - Started process 6395 to run task
[2024-06-13T04:24:21.785+0000] {task_command.py:426} INFO - Running <TaskInstance: data_processing_dag.process_csv_file manual__2024-06-13T04:24:20.680082+00:00 [running]> on host 9b908f10a14c
[2024-06-13T04:24:21.975+0000] {taskinstance.py:2648} INFO - Exporting env vars: AIRFLOW_CTX_DAG_OWNER='***' AIRFLOW_CTX_DAG_ID='data_processing_dag' AIRFLOW_CTX_TASK_ID='process_csv_file' AIRFLOW_CTX_EXECUTION_DATE='2024-06-13T04:24:20.680082+00:00' AIRFLOW_CTX_TRY_NUMBER='1' AIRFLOW_CTX_DAG_RUN_ID='manual__2024-06-13T04:24:20.680082+00:00'
[2024-06-13T04:24:21.976+0000] {taskinstance.py:430} INFO - ::endgroup::
[2024-06-13T04:24:22.291+0000] {logging_mixin.py:188} WARNING - /opt/***/dags/2nd_dag.py:42 DtypeWarning: Columns (6) have mixed types. Specify dtype option on import or set low_memory=False.
[2024-06-13T04:24:22.345+0000] {logging_mixin.py:188} WARNING - /opt/***/dags/2nd_dag.py:51 UserWarning: Could not infer format, so each element will be parsed individually, falling back to `dateutil`. To ensure parsing is consistent and as-expected, please specify a format.
[2024-06-13T04:24:31.999+0000] {python.py:237} INFO - Done. Returned value was: File processed and data saved to PostgreSQL database
[2024-06-13T04:24:32.000+0000] {taskinstance.py:441} INFO - ::group::Post task execution logs
[2024-06-13T04:24:32.014+0000] {taskinstance.py:1206} INFO - Marking task as SUCCESS. dag_id=data_processing_dag, task_id=process_csv_file, run_id=manual__2024-06-13T04:24:20.680082+00:00, execution_date=20240613T042420, start_date=20240613T042421, end_date=20240613T042432
[2024-06-13T04:24:32.059+0000] {local_task_job_runner.py:240} INFO - Task exited with return code 0
[2024-06-13T04:24:32.069+0000] {taskinstance.py:3503} INFO - 0 downstream tasks scheduled from follow-on schedule check
[2024-06-13T04:24:32.070+0000] {local_task_job_runner.py:222} INFO - ::endgroup::
